{"C:\\xampp\\htdocs\\desescaltor2\\index.js":{"path":"C:\\xampp\\htdocs\\desescaltor2\\index.js","s":{"1":1,"2":1,"3":1,"4":1,"5":1,"6":1,"7":1,"8":1,"9":1,"10":1,"11":0,"12":0,"13":1,"14":1,"15":1,"16":0,"17":0,"18":0,"19":0,"20":0,"21":0,"22":0,"23":0,"24":0,"25":0,"26":0,"27":0,"28":0,"29":0,"30":1,"31":0,"32":0,"33":0,"34":0,"35":0,"36":0,"37":0,"38":0,"39":0,"40":0,"41":1,"42":0,"43":0,"44":0,"45":0,"46":0,"47":0,"48":0,"49":0,"50":0,"51":0,"52":0,"53":0,"54":0,"55":0,"56":0,"57":0,"58":0,"59":1,"60":0,"61":0,"62":0,"63":0,"64":0,"65":0,"66":0,"67":1,"68":0,"69":0,"70":0,"71":0,"72":0,"73":0,"74":0,"75":0,"76":0,"77":0,"78":0,"79":0,"80":0,"81":0,"82":0,"83":0,"84":0,"85":0,"86":1,"87":0,"88":0,"89":0,"90":0,"91":1,"92":0,"93":0,"94":0,"95":0,"96":0,"97":0,"98":1,"99":0,"100":0,"101":0,"102":0,"103":1,"104":0,"105":0,"106":0,"107":0,"108":1,"109":0,"110":0,"111":1,"112":0,"113":0,"114":0,"115":1,"116":0,"117":0},"b":{"1":[0,0],"2":[0,0],"3":[0,0],"4":[0,0],"5":[0,0],"6":[0,0],"7":[0,0],"8":[0,0],"9":[0,0],"10":[0,0],"11":[0,0],"12":[0,0],"13":[0,0],"14":[0,0],"15":[0,0]},"f":{"1":0,"2":1,"3":0,"4":0,"5":0,"6":0,"7":0,"8":0,"9":0,"10":0,"11":0,"12":0,"13":0,"14":0,"15":0,"16":0,"17":0,"18":0,"19":0},"fnMap":{"1":{"name":"(anonymous_1)","line":21,"loc":{"start":{"line":21,"column":13},"end":{"line":21,"column":33}}},"2":{"name":"(anonymous_2)","line":29,"loc":{"start":{"line":29,"column":18},"end":{"line":29,"column":30}}},"3":{"name":"(anonymous_3)","line":33,"loc":{"start":{"line":33,"column":17},"end":{"line":33,"column":35}}},"4":{"name":"(anonymous_4)","line":36,"loc":{"start":{"line":36,"column":28},"end":{"line":36,"column":40}}},"5":{"name":"(anonymous_5)","line":40,"loc":{"start":{"line":40,"column":23},"end":{"line":40,"column":38}}},"6":{"name":"(anonymous_6)","line":50,"loc":{"start":{"line":50,"column":30},"end":{"line":50,"column":45}}},"7":{"name":"(anonymous_7)","line":55,"loc":{"start":{"line":55,"column":21},"end":{"line":55,"column":36}}},"8":{"name":"chat","line":60,"loc":{"start":{"line":60,"column":0},"end":{"line":60,"column":25}}},"9":{"name":"gotTweet","line":88,"loc":{"start":{"line":88,"column":8},"end":{"line":88,"column":33}}},"10":{"name":"retweeted","line":117,"loc":{"start":{"line":117,"column":20},"end":{"line":117,"column":44}}},"11":{"name":"tweeted","line":139,"loc":{"start":{"line":139,"column":20},"end":{"line":139,"column":49}}},"12":{"name":"isEmpty","line":185,"loc":{"start":{"line":185,"column":0},"end":{"line":185,"column":22}}},"13":{"name":"(anonymous_13)","line":194,"loc":{"start":{"line":194,"column":21},"end":{"line":194,"column":41}}},"14":{"name":"gotTweet","line":205,"loc":{"start":{"line":205,"column":4},"end":{"line":205,"column":29}}},"15":{"name":"retweeted","line":224,"loc":{"start":{"line":224,"column":12},"end":{"line":224,"column":52}}},"16":{"name":"tweeter","line":249,"loc":{"start":{"line":249,"column":0},"end":{"line":249,"column":19}}},"17":{"name":"tweeted","line":258,"loc":{"start":{"line":258,"column":4},"end":{"line":258,"column":42}}},"18":{"name":"search1","line":268,"loc":{"start":{"line":268,"column":0},"end":{"line":268,"column":19}}},"19":{"name":"(anonymous_19)","line":273,"loc":{"start":{"line":273,"column":10},"end":{"line":273,"column":41}}}},"statementMap":{"1":{"start":{"line":1,"column":0},"end":{"line":1,"column":35}},"2":{"start":{"line":2,"column":0},"end":{"line":2,"column":31}},"3":{"start":{"line":3,"column":0},"end":{"line":3,"column":20}},"4":{"start":{"line":4,"column":0},"end":{"line":4,"column":39}},"5":{"start":{"line":5,"column":0},"end":{"line":5,"column":22}},"6":{"start":{"line":7,"column":0},"end":{"line":7,"column":36}},"7":{"start":{"line":9,"column":0},"end":{"line":9,"column":27}},"8":{"start":{"line":11,"column":0},"end":{"line":16,"column":2}},"9":{"start":{"line":19,"column":0},"end":{"line":19,"column":36}},"10":{"start":{"line":21,"column":0},"end":{"line":26,"column":3}},"11":{"start":{"line":24,"column":4},"end":{"line":24,"column":51}},"12":{"start":{"line":25,"column":4},"end":{"line":25,"column":34}},"13":{"start":{"line":29,"column":0},"end":{"line":31,"column":3}},"14":{"start":{"line":30,"column":4},"end":{"line":30,"column":39}},"15":{"start":{"line":33,"column":0},"end":{"line":59,"column":3}},"16":{"start":{"line":35,"column":4},"end":{"line":35,"column":36}},"17":{"start":{"line":36,"column":4},"end":{"line":38,"column":7}},"18":{"start":{"line":37,"column":8},"end":{"line":37,"column":41}},"19":{"start":{"line":40,"column":4},"end":{"line":48,"column":7}},"20":{"start":{"line":41,"column":8},"end":{"line":41,"column":55}},"21":{"start":{"line":43,"column":8},"end":{"line":43,"column":21}},"22":{"start":{"line":46,"column":8},"end":{"line":46,"column":24}},"23":{"start":{"line":47,"column":8},"end":{"line":47,"column":36}},"24":{"start":{"line":50,"column":4},"end":{"line":54,"column":7}},"25":{"start":{"line":51,"column":8},"end":{"line":51,"column":20}},"26":{"start":{"line":52,"column":8},"end":{"line":52,"column":44}},"27":{"start":{"line":53,"column":8},"end":{"line":53,"column":24}},"28":{"start":{"line":55,"column":4},"end":{"line":57,"column":7}},"29":{"start":{"line":56,"column":8},"end":{"line":56,"column":43}},"30":{"start":{"line":60,"column":0},"end":{"line":177,"column":1}},"31":{"start":{"line":61,"column":4},"end":{"line":61,"column":53}},"32":{"start":{"line":62,"column":4},"end":{"line":62,"column":61}},"33":{"start":{"line":65,"column":4},"end":{"line":65,"column":28}},"34":{"start":{"line":66,"column":4},"end":{"line":66,"column":39}},"35":{"start":{"line":67,"column":4},"end":{"line":67,"column":28}},"36":{"start":{"line":74,"column":4},"end":{"line":74,"column":64}},"37":{"start":{"line":80,"column":4},"end":{"line":80,"column":48}},"38":{"start":{"line":82,"column":4},"end":{"line":174,"column":5}},"39":{"start":{"line":86,"column":8},"end":{"line":86,"column":49}},"40":{"start":{"line":87,"column":8},"end":{"line":87,"column":37}},"41":{"start":{"line":88,"column":8},"end":{"line":169,"column":9}},"42":{"start":{"line":89,"column":12},"end":{"line":89,"column":46}},"43":{"start":{"line":91,"column":12},"end":{"line":168,"column":13}},"44":{"start":{"line":93,"column":16},"end":{"line":93,"column":49}},"45":{"start":{"line":94,"column":16},"end":{"line":97,"column":17}},"46":{"start":{"line":95,"column":20},"end":{"line":95,"column":57}},"47":{"start":{"line":96,"column":20},"end":{"line":96,"column":34}},"48":{"start":{"line":98,"column":16},"end":{"line":98,"column":58}},"49":{"start":{"line":99,"column":16},"end":{"line":99,"column":40}},"50":{"start":{"line":101,"column":16},"end":{"line":101,"column":73}},"51":{"start":{"line":102,"column":16},"end":{"line":102,"column":73}},"52":{"start":{"line":105,"column":16},"end":{"line":105,"column":38}},"53":{"start":{"line":107,"column":16},"end":{"line":111,"column":17}},"54":{"start":{"line":108,"column":20},"end":{"line":108,"column":62}},"55":{"start":{"line":110,"column":20},"end":{"line":110,"column":48}},"56":{"start":{"line":113,"column":16},"end":{"line":128,"column":17}},"57":{"start":{"line":114,"column":20},"end":{"line":114,"column":45}},"58":{"start":{"line":116,"column":20},"end":{"line":116,"column":99}},"59":{"start":{"line":117,"column":20},"end":{"line":125,"column":21}},"60":{"start":{"line":118,"column":24},"end":{"line":124,"column":25}},"61":{"start":{"line":119,"column":28},"end":{"line":119,"column":65}},"62":{"start":{"line":121,"column":28},"end":{"line":122,"column":45}},"63":{"start":{"line":127,"column":20},"end":{"line":127,"column":66}},"64":{"start":{"line":131,"column":16},"end":{"line":153,"column":17}},"65":{"start":{"line":134,"column":20},"end":{"line":134,"column":167}},"66":{"start":{"line":135,"column":20},"end":{"line":135,"column":70}},"67":{"start":{"line":139,"column":20},"end":{"line":147,"column":21}},"68":{"start":{"line":140,"column":24},"end":{"line":146,"column":25}},"69":{"start":{"line":141,"column":28},"end":{"line":141,"column":53}},"70":{"start":{"line":144,"column":28},"end":{"line":144,"column":65}},"71":{"start":{"line":145,"column":28},"end":{"line":145,"column":106}},"72":{"start":{"line":151,"column":20},"end":{"line":151,"column":65}},"73":{"start":{"line":154,"column":16},"end":{"line":154,"column":40}},"74":{"start":{"line":155,"column":16},"end":{"line":155,"column":44}},"75":{"start":{"line":156,"column":16},"end":{"line":156,"column":36}},"76":{"start":{"line":157,"column":16},"end":{"line":161,"column":17}},"77":{"start":{"line":158,"column":20},"end":{"line":158,"column":45}},"78":{"start":{"line":160,"column":20},"end":{"line":160,"column":45}},"79":{"start":{"line":163,"column":16},"end":{"line":163,"column":47}},"80":{"start":{"line":164,"column":16},"end":{"line":164,"column":49}},"81":{"start":{"line":165,"column":16},"end":{"line":165,"column":122}},"82":{"start":{"line":167,"column":16},"end":{"line":167,"column":64}},"83":{"start":{"line":171,"column":8},"end":{"line":171,"column":28}},"84":{"start":{"line":172,"column":8},"end":{"line":172,"column":101}},"85":{"start":{"line":173,"column":8},"end":{"line":173,"column":22}},"86":{"start":{"line":185,"column":0},"end":{"line":191,"column":1}},"87":{"start":{"line":186,"column":4},"end":{"line":189,"column":5}},"88":{"start":{"line":187,"column":8},"end":{"line":188,"column":25}},"89":{"start":{"line":188,"column":12},"end":{"line":188,"column":25}},"90":{"start":{"line":190,"column":4},"end":{"line":190,"column":16}},"91":{"start":{"line":194,"column":0},"end":{"line":244,"column":3}},"92":{"start":{"line":195,"column":4},"end":{"line":195,"column":36}},"93":{"start":{"line":199,"column":4},"end":{"line":199,"column":48}},"94":{"start":{"line":200,"column":4},"end":{"line":200,"column":26}},"95":{"start":{"line":201,"column":4},"end":{"line":201,"column":27}},"96":{"start":{"line":203,"column":4},"end":{"line":203,"column":63}},"97":{"start":{"line":204,"column":4},"end":{"line":204,"column":33}},"98":{"start":{"line":205,"column":4},"end":{"line":233,"column":5}},"99":{"start":{"line":207,"column":8},"end":{"line":231,"column":9}},"100":{"start":{"line":212,"column":12},"end":{"line":212,"column":36}},"101":{"start":{"line":214,"column":12},"end":{"line":214,"column":88}},"102":{"start":{"line":222,"column":12},"end":{"line":222,"column":72}},"103":{"start":{"line":224,"column":12},"end":{"line":230,"column":13}},"104":{"start":{"line":225,"column":16},"end":{"line":229,"column":17}},"105":{"start":{"line":226,"column":20},"end":{"line":226,"column":57}},"106":{"start":{"line":228,"column":20},"end":{"line":228,"column":58}},"107":{"start":{"line":235,"column":4},"end":{"line":241,"column":6}},"108":{"start":{"line":249,"column":0},"end":{"line":266,"column":1}},"109":{"start":{"line":252,"column":4},"end":{"line":252,"column":96}},"110":{"start":{"line":255,"column":4},"end":{"line":255,"column":58}},"111":{"start":{"line":258,"column":4},"end":{"line":265,"column":5}},"112":{"start":{"line":259,"column":8},"end":{"line":264,"column":9}},"113":{"start":{"line":260,"column":12},"end":{"line":260,"column":29}},"114":{"start":{"line":262,"column":12},"end":{"line":262,"column":49}},"115":{"start":{"line":268,"column":0},"end":{"line":276,"column":1}},"116":{"start":{"line":269,"column":4},"end":{"line":275,"column":11}},"117":{"start":{"line":274,"column":12},"end":{"line":274,"column":29}}},"branchMap":{"1":{"line":82,"type":"if","locations":[{"start":{"line":82,"column":4},"end":{"line":82,"column":4}},{"start":{"line":82,"column":4},"end":{"line":82,"column":4}}]},"2":{"line":91,"type":"if","locations":[{"start":{"line":91,"column":12},"end":{"line":91,"column":12}},{"start":{"line":91,"column":12},"end":{"line":91,"column":12}}]},"3":{"line":91,"type":"binary-expr","locations":[{"start":{"line":91,"column":16},"end":{"line":91,"column":38}},{"start":{"line":91,"column":42},"end":{"line":91,"column":54}}]},"4":{"line":94,"type":"if","locations":[{"start":{"line":94,"column":16},"end":{"line":94,"column":16}},{"start":{"line":94,"column":16},"end":{"line":94,"column":16}}]},"5":{"line":107,"type":"if","locations":[{"start":{"line":107,"column":16},"end":{"line":107,"column":16}},{"start":{"line":107,"column":16},"end":{"line":107,"column":16}}]},"6":{"line":107,"type":"binary-expr","locations":[{"start":{"line":107,"column":20},"end":{"line":107,"column":40}},{"start":{"line":107,"column":44},"end":{"line":107,"column":66}}]},"7":{"line":113,"type":"if","locations":[{"start":{"line":113,"column":16},"end":{"line":113,"column":16}},{"start":{"line":113,"column":16},"end":{"line":113,"column":16}}]},"8":{"line":118,"type":"if","locations":[{"start":{"line":118,"column":24},"end":{"line":118,"column":24}},{"start":{"line":118,"column":24},"end":{"line":118,"column":24}}]},"9":{"line":131,"type":"if","locations":[{"start":{"line":131,"column":16},"end":{"line":131,"column":16}},{"start":{"line":131,"column":16},"end":{"line":131,"column":16}}]},"10":{"line":140,"type":"if","locations":[{"start":{"line":140,"column":24},"end":{"line":140,"column":24}},{"start":{"line":140,"column":24},"end":{"line":140,"column":24}}]},"11":{"line":157,"type":"if","locations":[{"start":{"line":157,"column":16},"end":{"line":157,"column":16}},{"start":{"line":157,"column":16},"end":{"line":157,"column":16}}]},"12":{"line":187,"type":"if","locations":[{"start":{"line":187,"column":8},"end":{"line":187,"column":8}},{"start":{"line":187,"column":8},"end":{"line":187,"column":8}}]},"13":{"line":207,"type":"if","locations":[{"start":{"line":207,"column":8},"end":{"line":207,"column":8}},{"start":{"line":207,"column":8},"end":{"line":207,"column":8}}]},"14":{"line":225,"type":"if","locations":[{"start":{"line":225,"column":16},"end":{"line":225,"column":16}},{"start":{"line":225,"column":16},"end":{"line":225,"column":16}}]},"15":{"line":259,"type":"if","locations":[{"start":{"line":259,"column":8},"end":{"line":259,"column":8}},{"start":{"line":259,"column":8},"end":{"line":259,"column":8}}]}}}}