TN:
SF:C:\xampp\htdocs\desescaltor2\index.js
FN:21,(anonymous_1)
FN:29,(anonymous_2)
FN:33,(anonymous_3)
FN:36,(anonymous_4)
FN:40,(anonymous_5)
FN:50,(anonymous_6)
FN:55,(anonymous_7)
FN:60,chat
FN:88,gotTweet
FN:117,retweeted
FN:139,tweeted
FN:185,isEmpty
FN:194,(anonymous_13)
FN:205,gotTweet
FN:224,retweeted
FN:249,tweeter
FN:258,tweeted
FN:268,search1
FN:273,(anonymous_19)
FNF:19
FNH:1
FNDA:0,(anonymous_1)
FNDA:1,(anonymous_2)
FNDA:0,(anonymous_3)
FNDA:0,(anonymous_4)
FNDA:0,(anonymous_5)
FNDA:0,(anonymous_6)
FNDA:0,(anonymous_7)
FNDA:0,chat
FNDA:0,gotTweet
FNDA:0,retweeted
FNDA:0,tweeted
FNDA:0,isEmpty
FNDA:0,(anonymous_13)
FNDA:0,gotTweet
FNDA:0,retweeted
FNDA:0,tweeter
FNDA:0,tweeted
FNDA:0,search1
FNDA:0,(anonymous_19)
DA:1,1
DA:2,1
DA:3,1
DA:4,1
DA:5,1
DA:7,1
DA:9,1
DA:11,1
DA:19,1
DA:21,1
DA:24,0
DA:25,0
DA:29,1
DA:30,1
DA:33,1
DA:35,0
DA:36,0
DA:37,0
DA:40,0
DA:41,0
DA:43,0
DA:46,0
DA:47,0
DA:50,0
DA:51,0
DA:52,0
DA:53,0
DA:55,0
DA:56,0
DA:60,1
DA:61,0
DA:62,0
DA:65,0
DA:66,0
DA:67,0
DA:74,0
DA:80,0
DA:82,0
DA:86,0
DA:87,0
DA:88,1
DA:89,0
DA:91,0
DA:93,0
DA:94,0
DA:95,0
DA:96,0
DA:98,0
DA:99,0
DA:101,0
DA:102,0
DA:105,0
DA:107,0
DA:108,0
DA:110,0
DA:113,0
DA:114,0
DA:116,0
DA:117,1
DA:118,0
DA:119,0
DA:121,0
DA:127,0
DA:131,0
DA:134,0
DA:135,0
DA:139,1
DA:140,0
DA:141,0
DA:144,0
DA:145,0
DA:151,0
DA:154,0
DA:155,0
DA:156,0
DA:157,0
DA:158,0
DA:160,0
DA:163,0
DA:164,0
DA:165,0
DA:167,0
DA:171,0
DA:172,0
DA:173,0
DA:185,1
DA:186,0
DA:187,0
DA:188,0
DA:190,0
DA:194,1
DA:195,0
DA:199,0
DA:200,0
DA:201,0
DA:203,0
DA:204,0
DA:205,1
DA:207,0
DA:212,0
DA:214,0
DA:222,0
DA:224,1
DA:225,0
DA:226,0
DA:228,0
DA:235,0
DA:249,1
DA:252,0
DA:255,0
DA:258,1
DA:259,0
DA:260,0
DA:262,0
DA:268,1
DA:269,0
DA:274,0
LF:117
LH:24
BRDA:82,1,0,0
BRDA:82,1,1,0
BRDA:91,2,0,0
BRDA:91,2,1,0
BRDA:91,3,0,0
BRDA:91,3,1,0
BRDA:94,4,0,0
BRDA:94,4,1,0
BRDA:107,5,0,0
BRDA:107,5,1,0
BRDA:107,6,0,0
BRDA:107,6,1,0
BRDA:113,7,0,0
BRDA:113,7,1,0
BRDA:118,8,0,0
BRDA:118,8,1,0
BRDA:131,9,0,0
BRDA:131,9,1,0
BRDA:140,10,0,0
BRDA:140,10,1,0
BRDA:157,11,0,0
BRDA:157,11,1,0
BRDA:187,12,0,0
BRDA:187,12,1,0
BRDA:207,13,0,0
BRDA:207,13,1,0
BRDA:225,14,0,0
BRDA:225,14,1,0
BRDA:259,15,0,0
BRDA:259,15,1,0
BRF:30
BRH:0
end_of_record
