TN:
SF:C:\xampp\htdocs\desescaltor2\node_modules\commander\index.js
FN:44,Option
FN:62,(anonymous_2)
FN:76,(anonymous_3)
FN:88,(anonymous_4)
FN:99,Command
FN:169,(anonymous_6)
FN:199,(anonymous_7)
FN:210,(anonymous_8)
FN:224,(anonymous_9)
FN:227,(anonymous_10)
FN:272,(anonymous_11)
FN:274,(anonymous_12)
FN:294,(anonymous_13)
FN:373,(anonymous_14)
FN:383,(anonymous_15)
FN:409,(anonymous_16)
FN:441,(anonymous_17)
FN:454,(anonymous_18)
FN:482,(anonymous_19)
FN:511,(anonymous_20)
FN:570,(anonymous_21)
FN:571,(anonymous_22)
FN:578,(anonymous_23)
FN:601,(anonymous_24)
FN:620,(anonymous_25)
FN:645,(anonymous_26)
FN:676,(anonymous_27)
FN:693,(anonymous_28)
FN:769,(anonymous_29)
FN:787,(anonymous_30)
FN:802,(anonymous_31)
FN:820,(anonymous_32)
FN:835,(anonymous_33)
FN:854,(anonymous_34)
FN:861,(anonymous_35)
FN:877,(anonymous_36)
FN:892,(anonymous_37)
FN:914,(anonymous_38)
FN:915,(anonymous_39)
FN:937,(anonymous_40)
FN:950,(anonymous_41)
FN:951,(anonymous_42)
FN:953,(anonymous_43)
FN:954,(anonymous_44)
FN:975,(anonymous_45)
FN:977,(anonymous_46)
FN:989,(anonymous_47)
FN:994,(anonymous_48)
FN:1006,(anonymous_49)
FN:1007,(anonymous_50)
FN:1019,(anonymous_51)
FN:1043,(anonymous_52)
FN:1047,(anonymous_53)
FN:1061,(anonymous_54)
FN:1070,(anonymous_55)
FN:1085,(anonymous_56)
FN:1098,(anonymous_57)
FN:1139,(anonymous_58)
FN:1141,(anonymous_59)
FN:1155,(anonymous_60)
FN:1168,camelcase
FN:1169,(anonymous_62)
FN:1183,pad
FN:1196,outputHelpIfNecessary
FN:1214,humanReadableArgName
FN:1223,exists
FNF:66
FNH:24
FNDA:57,Option
FNDA:113,(anonymous_2)
FNDA:56,(anonymous_3)
FNDA:128,(anonymous_4)
FNDA:2,Command
FNDA:1,(anonymous_6)
FNDA:0,(anonymous_7)
FNDA:0,(anonymous_8)
FNDA:1,(anonymous_9)
FNDA:1,(anonymous_10)
FNDA:1,(anonymous_11)
FNDA:0,(anonymous_12)
FNDA:0,(anonymous_13)
FNDA:56,(anonymous_14)
FNDA:0,(anonymous_15)
FNDA:1,(anonymous_16)
FNDA:0,(anonymous_17)
FNDA:1,(anonymous_18)
FNDA:1,(anonymous_19)
FNDA:0,(anonymous_20)
FNDA:0,(anonymous_21)
FNDA:0,(anonymous_22)
FNDA:0,(anonymous_23)
FNDA:1,(anonymous_24)
FNDA:1,(anonymous_25)
FNDA:1,(anonymous_26)
FNDA:4,(anonymous_27)
FNDA:1,(anonymous_28)
FNDA:0,(anonymous_29)
FNDA:0,(anonymous_30)
FNDA:0,(anonymous_31)
FNDA:0,(anonymous_32)
FNDA:0,(anonymous_33)
FNDA:1,(anonymous_34)
FNDA:0,(anonymous_35)
FNDA:1,(anonymous_36)
FNDA:1,(anonymous_37)
FNDA:1,(anonymous_38)
FNDA:0,(anonymous_39)
FNDA:0,(anonymous_40)
FNDA:0,(anonymous_41)
FNDA:0,(anonymous_42)
FNDA:0,(anonymous_43)
FNDA:0,(anonymous_44)
FNDA:0,(anonymous_45)
FNDA:0,(anonymous_46)
FNDA:0,(anonymous_47)
FNDA:0,(anonymous_48)
FNDA:0,(anonymous_49)
FNDA:0,(anonymous_50)
FNDA:0,(anonymous_51)
FNDA:0,(anonymous_52)
FNDA:0,(anonymous_53)
FNDA:0,(anonymous_54)
FNDA:0,(anonymous_55)
FNDA:0,(anonymous_56)
FNDA:0,(anonymous_57)
FNDA:0,(anonymous_58)
FNDA:0,(anonymous_59)
FNDA:0,(anonymous_60)
FNDA:56,camelcase
FNDA:23,(anonymous_62)
FNDA:0,pad
FNDA:0,outputHelpIfNecessary
FNDA:0,humanReadableArgName
FNDA:0,exists
DA:5,1
DA:6,1
DA:7,1
DA:8,1
DA:9,1
DA:10,1
DA:16,1
DA:22,1
DA:28,1
DA:34,1
DA:44,1
DA:45,57
DA:46,57
DA:47,57
DA:48,57
DA:49,57
DA:50,57
DA:51,57
DA:52,57
DA:62,1
DA:63,113
DA:76,1
DA:77,56
DA:88,1
DA:89,128
DA:99,1
DA:100,2
DA:101,2
DA:102,2
DA:103,2
DA:104,2
DA:105,2
DA:169,1
DA:170,1
DA:171,0
DA:172,0
DA:174,1
DA:175,1
DA:176,1
DA:178,1
DA:179,0
DA:180,0
DA:181,0
DA:182,0
DA:184,1
DA:185,1
DA:186,1
DA:187,1
DA:189,1
DA:190,1
DA:199,1
DA:200,0
DA:210,1
DA:211,0
DA:224,1
DA:225,1
DA:226,1
DA:227,1
DA:228,1
DA:234,1
DA:236,1
DA:237,1
DA:238,1
DA:240,0
DA:241,0
DA:244,1
DA:245,0
DA:246,0
DA:248,1
DA:249,1
DA:252,1
DA:272,1
DA:273,1
DA:274,1
DA:276,0
DA:277,0
DA:279,0
DA:282,0
DA:287,0
DA:288,0
DA:292,0
DA:294,0
DA:295,0
DA:296,0
DA:297,0
DA:298,0
DA:299,0
DA:302,0
DA:309,0
DA:310,0
DA:312,0
DA:315,0
DA:317,1
DA:318,1
DA:319,1
DA:320,1
DA:321,1
DA:373,1
DA:374,56
DA:380,56
DA:381,51
DA:382,0
DA:383,0
DA:384,0
DA:385,0
DA:388,51
DA:389,51
DA:394,56
DA:396,21
DA:398,21
DA:399,13
DA:400,13
DA:405,56
DA:409,56
DA:411,1
DA:412,0
DA:416,1
DA:418,0
DA:419,0
DA:423,0
DA:425,1
DA:427,1
DA:431,56
DA:441,1
DA:442,0
DA:443,0
DA:454,1
DA:456,1
DA:459,1
DA:462,1
DA:465,1
DA:467,0
DA:471,1
DA:472,1
DA:474,1
DA:477,1
DA:479,1
DA:481,1
DA:482,1
DA:483,1
DA:487,1
DA:488,0
DA:489,1
DA:491,0
DA:492,0
DA:493,1
DA:495,0
DA:496,0
DA:499,1
DA:511,1
DA:512,0
DA:514,0
DA:515,0
DA:518,0
DA:519,0
DA:520,0
DA:524,0
DA:526,0
DA:530,0
DA:534,0
DA:535,0
DA:537,0
DA:540,0
DA:543,0
DA:544,0
DA:545,0
DA:546,0
DA:547,0
DA:548,0
DA:551,0
DA:553,0
DA:554,0
DA:555,0
DA:556,0
DA:558,0
DA:560,0
DA:562,0
DA:565,0
DA:566,0
DA:569,0
DA:570,0
DA:571,0
DA:572,0
DA:573,0
DA:577,0
DA:578,0
DA:579,0
DA:580,0
DA:581,0
DA:582,0
DA:584,0
DA:588,0
DA:601,1
DA:602,1
DA:607,1
DA:608,3
DA:609,3
DA:610,2
DA:613,3
DA:615,0
DA:616,0
DA:617,3
DA:618,1
DA:619,2
DA:620,1
DA:621,1
DA:623,1
DA:624,0
DA:626,1
DA:630,1
DA:645,1
DA:646,1
DA:648,1
DA:649,1
DA:650,1
DA:651,0
DA:653,1
DA:656,0
DA:660,0
DA:661,0
DA:665,1
DA:676,1
DA:677,4
DA:678,128
DA:679,2
DA:693,1
DA:694,1
DA:700,1
DA:703,1
DA:704,2
DA:707,2
DA:708,0
DA:709,0
DA:712,2
DA:713,0
DA:714,0
DA:718,2
DA:721,2
DA:723,1
DA:724,1
DA:725,1
DA:726,1
DA:728,0
DA:729,0
DA:730,0
DA:731,0
DA:733,0
DA:735,0
DA:738,0
DA:740,1
DA:744,1
DA:745,0
DA:750,0
DA:751,0
DA:753,0
DA:757,1
DA:760,1
DA:769,1
DA:770,0
DA:773,0
DA:774,0
DA:775,0
DA:777,0
DA:787,1
DA:788,0
DA:789,0
DA:790,0
DA:791,0
DA:802,1
DA:803,0
DA:804,0
DA:805,0
DA:807,0
DA:809,0
DA:810,0
DA:820,1
DA:821,0
DA:822,0
DA:823,0
DA:824,0
DA:825,0
DA:835,1
DA:836,0
DA:837,0
DA:838,0
DA:839,0
DA:854,1
DA:855,1
DA:856,1
DA:857,1
DA:858,1
DA:859,1
DA:860,1
DA:861,1
DA:862,0
DA:863,0
DA:865,1
DA:877,1
DA:878,1
DA:879,1
DA:880,1
DA:881,1
DA:892,1
DA:893,1
DA:894,1
DA:895,0
DA:898,1
DA:900,0
DA:902,0
DA:903,0
DA:914,1
DA:915,1
DA:916,0
DA:919,1
DA:923,1
DA:924,1
DA:926,1
DA:937,1
DA:938,0
DA:939,0
DA:940,0
DA:950,1
DA:951,0
DA:952,0
DA:954,0
DA:955,0
DA:958,0
DA:975,1
DA:976,0
DA:977,0
DA:978,0
DA:989,1
DA:990,0
DA:991,0
DA:994,0
DA:995,0
DA:1006,1
DA:1007,0
DA:1008,0
DA:1019,1
DA:1020,0
DA:1021,0
DA:1022,0
DA:1023,0
DA:1027,0
DA:1028,0
DA:1029,0
DA:1033,0
DA:1043,1
DA:1044,0
DA:1047,0
DA:1048,0
DA:1061,1
DA:1062,0
DA:1064,0
DA:1065,0
DA:1067,0
DA:1071,0
DA:1072,0
DA:1085,1
DA:1086,0
DA:1087,0
DA:1088,0
DA:1093,0
DA:1094,0
DA:1095,0
DA:1096,0
DA:1097,0
DA:1098,0
DA:1099,0
DA:1101,0
DA:1105,0
DA:1106,0
DA:1107,0
DA:1109,0
DA:1115,0
DA:1116,0
DA:1117,0
DA:1119,0
DA:1126,0
DA:1139,1
DA:1140,0
DA:1141,0
DA:1142,0
DA:1145,0
DA:1146,0
DA:1155,1
DA:1156,0
DA:1157,0
DA:1168,1
DA:1169,56
DA:1170,23
DA:1183,1
DA:1184,0
DA:1185,0
DA:1196,1
DA:1197,0
DA:1198,0
DA:1199,0
DA:1200,0
DA:1201,0
DA:1214,1
DA:1215,0
DA:1217,0
DA:1223,1
DA:1224,0
DA:1225,0
DA:1226,0
DA:1229,0
LF:409
LH:194
BRDA:50,1,0,20
BRDA:50,1,1,37
BRDA:50,2,0,57
BRDA:50,2,1,27
BRDA:52,3,0,57
BRDA:52,3,1,0
BRDA:89,4,0,128
BRDA:89,4,1,126
BRDA:105,5,0,2
BRDA:105,5,1,1
BRDA:170,6,0,0
BRDA:170,6,1,1
BRDA:170,7,0,1
BRDA:170,7,1,0
BRDA:174,8,0,1
BRDA:174,8,1,1
BRDA:178,9,0,0
BRDA:178,9,1,1
BRDA:182,10,0,0
BRDA:182,10,1,0
BRDA:189,11,0,0
BRDA:189,11,1,1
BRDA:225,12,0,0
BRDA:225,12,1,1
BRDA:234,13,0,1
BRDA:234,13,1,0
BRDA:244,14,0,0
BRDA:244,14,1,1
BRDA:244,15,0,1
BRDA:244,15,1,1
BRDA:248,16,0,1
BRDA:248,16,1,0
BRDA:276,17,0,0
BRDA:276,17,1,0
BRDA:277,18,0,0
BRDA:277,18,1,0
BRDA:287,19,0,0
BRDA:287,19,1,0
BRDA:292,20,0,0
BRDA:292,20,1,0
BRDA:295,21,0,0
BRDA:295,21,1,0
BRDA:295,22,0,0
BRDA:295,22,1,0
BRDA:297,23,0,0
BRDA:297,23,1,0
BRDA:298,24,0,0
BRDA:298,24,1,0
BRDA:309,25,0,0
BRDA:309,25,1,0
BRDA:317,26,0,1
BRDA:317,26,1,0
BRDA:318,27,0,0
BRDA:318,27,1,1
BRDA:320,28,0,0
BRDA:320,28,1,1
BRDA:380,29,0,51
BRDA:380,29,1,5
BRDA:381,30,0,0
BRDA:381,30,1,51
BRDA:385,31,0,0
BRDA:385,31,1,0
BRDA:394,32,0,21
BRDA:394,32,1,35
BRDA:394,33,0,56
BRDA:394,33,1,51
BRDA:394,33,2,51
BRDA:396,34,0,5
BRDA:396,34,1,16
BRDA:398,35,0,13
BRDA:398,35,1,8
BRDA:411,36,0,0
BRDA:411,36,1,1
BRDA:411,37,0,1
BRDA:411,37,1,1
BRDA:412,38,0,0
BRDA:412,38,1,0
BRDA:416,39,0,0
BRDA:416,39,1,1
BRDA:416,40,0,1
BRDA:416,40,1,1
BRDA:418,41,0,0
BRDA:418,41,1,0
BRDA:419,42,0,0
BRDA:419,42,1,0
BRDA:420,43,0,0
BRDA:420,43,1,0
BRDA:425,44,0,1
BRDA:425,44,1,0
BRDA:442,45,0,0
BRDA:442,45,1,0
BRDA:456,46,0,0
BRDA:456,46,1,1
BRDA:462,47,0,1
BRDA:462,47,1,0
BRDA:465,48,0,0
BRDA:465,48,1,1
BRDA:465,49,0,1
BRDA:465,49,1,0
BRDA:465,49,2,0
BRDA:481,50,0,1
BRDA:481,50,1,0
BRDA:487,51,0,0
BRDA:487,51,1,1
BRDA:487,52,0,1
BRDA:487,52,1,0
BRDA:489,53,0,0
BRDA:489,53,1,1
BRDA:493,54,0,0
BRDA:493,54,1,1
BRDA:514,55,0,0
BRDA:514,55,1,0
BRDA:515,56,0,0
BRDA:515,56,1,0
BRDA:515,57,0,0
BRDA:515,57,1,0
BRDA:518,58,0,0
BRDA:518,58,1,0
BRDA:531,59,0,0
BRDA:531,59,1,0
BRDA:534,60,0,0
BRDA:534,60,1,0
BRDA:534,61,0,0
BRDA:534,61,1,0
BRDA:544,62,0,0
BRDA:544,62,1,0
BRDA:547,63,0,0
BRDA:547,63,1,0
BRDA:554,64,0,0
BRDA:554,64,1,0
BRDA:555,65,0,0
BRDA:555,65,1,0
BRDA:558,66,0,0
BRDA:558,66,1,0
BRDA:572,67,0,0
BRDA:572,67,1,0
BRDA:572,68,0,0
BRDA:572,68,1,0
BRDA:579,69,0,0
BRDA:579,69,1,0
BRDA:581,70,0,0
BRDA:581,70,1,0
BRDA:609,71,0,2
BRDA:609,71,1,1
BRDA:613,72,0,0
BRDA:613,72,1,3
BRDA:617,73,0,1
BRDA:617,73,1,2
BRDA:617,74,0,3
BRDA:617,74,1,1
BRDA:619,75,0,1
BRDA:619,75,1,1
BRDA:619,76,0,2
BRDA:619,76,1,2
BRDA:619,76,2,1
BRDA:623,77,0,0
BRDA:623,77,1,1
BRDA:623,78,0,1
BRDA:623,78,1,0
BRDA:648,79,0,1
BRDA:648,79,1,0
BRDA:650,80,0,0
BRDA:650,80,1,1
BRDA:660,81,0,0
BRDA:660,81,1,0
BRDA:678,82,0,2
BRDA:678,82,1,126
BRDA:707,83,0,0
BRDA:707,83,1,2
BRDA:712,84,0,0
BRDA:712,84,1,2
BRDA:721,85,0,1
BRDA:721,85,1,1
BRDA:723,86,0,1
BRDA:723,86,1,0
BRDA:725,87,0,0
BRDA:725,87,1,1
BRDA:728,88,0,0
BRDA:728,88,1,0
BRDA:730,89,0,0
BRDA:730,89,1,0
BRDA:730,90,0,0
BRDA:730,90,1,0
BRDA:730,90,2,0
BRDA:744,91,0,0
BRDA:744,91,1,1
BRDA:744,92,0,1
BRDA:744,92,1,1
BRDA:750,93,0,0
BRDA:750,93,1,0
BRDA:750,94,0,0
BRDA:750,94,1,0
BRDA:775,95,0,0
BRDA:775,95,1,0
BRDA:804,96,0,0
BRDA:804,96,1,0
BRDA:821,97,0,0
BRDA:821,97,1,0
BRDA:855,98,0,0
BRDA:855,98,1,1
BRDA:857,99,0,1
BRDA:857,99,1,1
BRDA:859,100,0,1
BRDA:859,100,1,0
BRDA:878,101,0,0
BRDA:878,101,1,1
BRDA:894,102,0,0
BRDA:894,102,1,1
BRDA:898,103,0,1
BRDA:898,103,1,0
BRDA:900,104,0,0
BRDA:900,104,1,0
BRDA:920,105,0,0
BRDA:920,105,1,1
BRDA:921,106,0,0
BRDA:921,106,1,1
BRDA:923,107,0,0
BRDA:923,107,1,1
BRDA:923,108,0,0
BRDA:923,108,1,0
BRDA:938,109,0,0
BRDA:938,109,1,0
BRDA:960,110,0,0
BRDA:960,110,1,0
BRDA:961,111,0,0
BRDA:961,111,1,0
BRDA:962,112,0,0
BRDA:962,112,1,0
BRDA:1021,113,0,0
BRDA:1021,113,1,0
BRDA:1021,114,0,0
BRDA:1021,114,1,0
BRDA:1022,115,0,0
BRDA:1022,115,1,0
BRDA:1027,116,0,0
BRDA:1027,116,1,0
BRDA:1027,117,0,0
BRDA:1027,117,1,0
BRDA:1028,118,0,0
BRDA:1028,118,1,0
BRDA:1049,119,0,0
BRDA:1049,119,1,0
BRDA:1049,120,0,0
BRDA:1049,120,1,0
BRDA:1062,121,0,0
BRDA:1062,121,1,0
BRDA:1071,122,0,0
BRDA:1071,122,1,0
BRDA:1072,123,0,0
BRDA:1072,123,1,0
BRDA:1087,124,0,0
BRDA:1087,124,1,0
BRDA:1094,125,0,0
BRDA:1094,125,1,0
BRDA:1094,126,0,0
BRDA:1094,126,1,0
BRDA:1106,127,0,0
BRDA:1106,127,1,0
BRDA:1117,128,0,0
BRDA:1117,128,1,0
BRDA:1140,129,0,0
BRDA:1140,129,1,0
BRDA:1197,130,0,0
BRDA:1197,130,1,0
BRDA:1199,131,0,0
BRDA:1199,131,1,0
BRDA:1199,132,0,0
BRDA:1199,132,1,0
BRDA:1215,133,0,0
BRDA:1215,133,1,0
BRDA:1217,134,0,0
BRDA:1217,134,1,0
BRDA:1225,135,0,0
BRDA:1225,135,1,0
BRF:274
BRH:89
end_of_record
TN:
SF:C:\xampp\htdocs\desescaltor2\node_modules\minimatch\minimatch.js
FN:40,charSet
FN:41,(anonymous_2)
FN:51,filter
FN:53,(anonymous_4)
FN:58,ext
FN:62,(anonymous_6)
FN:65,(anonymous_7)
FN:71,(anonymous_8)
FN:76,minimatch
FN:80,Minimatch
FN:87,(anonymous_11)
FN:92,minimatch
FN:110,Minimatch
FN:139,(anonymous_14)
FN:142,make
FN:174,(anonymous_16)
FN:181,(anonymous_17)
FN:188,(anonymous_18)
FN:198,parseNegate
FN:227,(anonymous_20)
FN:233,braceExpand
FN:271,parse
FN:300,clearStateChar
FN:524,(anonymous_24)
FN:637,(anonymous_25)
FN:642,makeRe
FN:664,(anonymous_27)
FN:665,(anonymous_28)
FN:687,(anonymous_29)
FN:690,(anonymous_30)
FN:700,match
FN:760,(anonymous_32)
FN:917,globUnescape
FN:921,regExpEscape
FNF:34
FNH:2
FNDA:1,charSet
FNDA:14,(anonymous_2)
FNDA:0,filter
FNDA:0,(anonymous_4)
FNDA:0,ext
FNDA:0,(anonymous_6)
FNDA:0,(anonymous_7)
FNDA:0,(anonymous_8)
FNDA:0,minimatch
FNDA:0,Minimatch
FNDA:0,(anonymous_11)
FNDA:0,minimatch
FNDA:0,Minimatch
FNDA:0,(anonymous_14)
FNDA:0,make
FNDA:0,(anonymous_16)
FNDA:0,(anonymous_17)
FNDA:0,(anonymous_18)
FNDA:0,parseNegate
FNDA:0,(anonymous_20)
FNDA:0,braceExpand
FNDA:0,parse
FNDA:0,clearStateChar
FNDA:0,(anonymous_24)
FNDA:0,(anonymous_25)
FNDA:0,makeRe
FNDA:0,(anonymous_27)
FNDA:0,(anonymous_28)
FNDA:0,(anonymous_29)
FNDA:0,(anonymous_30)
FNDA:0,match
FNDA:0,(anonymous_32)
FNDA:0,globUnescape
FNDA:0,regExpEscape
DA:1,1
DA:2,1
DA:4,1
DA:5,1
DA:6,1
DA:9,1
DA:10,1
DA:12,1
DA:22,1
DA:25,1
DA:30,1
DA:34,1
DA:37,1
DA:40,1
DA:41,1
DA:42,14
DA:43,14
DA:48,1
DA:50,1
DA:51,1
DA:52,0
DA:53,0
DA:54,0
DA:58,1
DA:59,0
DA:60,0
DA:61,0
DA:62,0
DA:63,0
DA:65,0
DA:66,0
DA:68,0
DA:71,1
DA:72,0
DA:74,0
DA:76,0
DA:77,0
DA:80,0
DA:81,0
DA:84,0
DA:87,1
DA:88,0
DA:89,0
DA:92,1
DA:93,0
DA:94,0
DA:97,0
DA:100,0
DA:101,0
DA:105,0
DA:107,0
DA:110,1
DA:111,0
DA:112,0
DA:115,0
DA:116,0
DA:119,0
DA:120,0
DA:123,0
DA:124,0
DA:127,0
DA:128,0
DA:129,0
DA:130,0
DA:131,0
DA:132,0
DA:133,0
DA:136,0
DA:139,1
DA:141,1
DA:142,1
DA:144,0
DA:146,0
DA:147,0
DA:150,0
DA:151,0
DA:152,0
DA:154,0
DA:155,0
DA:156,0
DA:160,0
DA:163,0
DA:165,0
DA:167,0
DA:174,0
DA:175,0
DA:178,0
DA:181,0
DA:182,0
DA:185,0
DA:188,0
DA:189,0
DA:192,0
DA:194,0
DA:197,1
DA:198,1
DA:199,0
DA:200,0
DA:201,0
DA:202,0
DA:204,0
DA:206,0
DA:209,0
DA:210,0
DA:213,0
DA:214,0
DA:227,1
DA:228,0
DA:231,1
DA:233,1
DA:234,0
DA:235,0
DA:236,0
DA:238,0
DA:242,0
DA:245,0
DA:246,0
DA:249,0
DA:252,0
DA:255,0
DA:269,1
DA:270,1
DA:271,1
DA:272,0
DA:273,0
DA:276,0
DA:279,0
DA:280,0
DA:282,0
DA:283,0
DA:284,0
DA:286,0
DA:287,0
DA:288,0
DA:289,0
DA:290,0
DA:291,0
DA:294,0
DA:298,0
DA:300,1
DA:301,0
DA:304,0
DA:306,0
DA:307,0
DA:308,0
DA:310,0
DA:311,0
DA:312,0
DA:314,0
DA:315,0
DA:317,0
DA:318,0
DA:322,0
DA:325,0
DA:328,0
DA:329,0
DA:330,0
DA:331,0
DA:334,0
DA:338,0
DA:341,0
DA:342,0
DA:343,0
DA:352,0
DA:356,0
DA:357,0
DA:358,0
DA:359,0
DA:360,0
DA:366,0
DA:367,0
DA:368,0
DA:372,0
DA:373,0
DA:376,0
DA:377,0
DA:378,0
DA:381,0
DA:382,0
DA:383,0
DA:386,0
DA:394,0
DA:395,0
DA:396,0
DA:397,0
DA:400,0
DA:401,0
DA:402,0
DA:405,0
DA:406,0
DA:407,0
DA:410,0
DA:411,0
DA:412,0
DA:414,0
DA:415,0
DA:418,0
DA:419,0
DA:420,0
DA:421,0
DA:424,0
DA:425,0
DA:426,0
DA:431,0
DA:433,0
DA:434,0
DA:435,0
DA:438,0
DA:439,0
DA:440,0
DA:441,0
DA:442,0
DA:449,0
DA:450,0
DA:451,0
DA:452,0
DA:457,0
DA:465,0
DA:466,0
DA:467,0
DA:470,0
DA:471,0
DA:472,0
DA:473,0
DA:474,0
DA:479,0
DA:480,0
DA:481,0
DA:482,0
DA:486,0
DA:488,0
DA:490,0
DA:491,0
DA:493,0
DA:496,0
DA:503,0
DA:508,0
DA:509,0
DA:510,0
DA:511,0
DA:520,0
DA:521,0
DA:522,0
DA:524,0
DA:525,0
DA:527,0
DA:536,0
DA:539,0
DA:540,0
DA:544,0
DA:545,0
DA:549,0
DA:550,0
DA:552,0
DA:557,0
DA:558,0
DA:561,0
DA:569,0
DA:570,0
DA:572,0
DA:573,0
DA:574,0
DA:575,0
DA:577,0
DA:582,0
DA:583,0
DA:584,0
DA:585,0
DA:587,0
DA:589,0
DA:590,0
DA:591,0
DA:593,0
DA:594,0
DA:600,0
DA:601,0
DA:604,0
DA:605,0
DA:609,0
DA:610,0
DA:616,0
DA:617,0
DA:620,0
DA:621,0
DA:622,0
DA:628,0
DA:631,0
DA:632,0
DA:634,0
DA:637,1
DA:638,0
DA:641,1
DA:642,1
DA:643,0
DA:651,0
DA:653,0
DA:654,0
DA:655,0
DA:657,0
DA:659,0
DA:662,0
DA:664,0
DA:665,0
DA:666,0
DA:674,0
DA:677,0
DA:679,0
DA:680,0
DA:682,0
DA:684,0
DA:687,1
DA:688,0
DA:689,0
DA:690,0
DA:691,0
DA:693,0
DA:694,0
DA:696,0
DA:699,1
DA:700,1
DA:701,0
DA:704,0
DA:705,0
DA:707,0
DA:709,0
DA:712,0
DA:713,0
DA:717,0
DA:718,0
DA:725,0
DA:726,0
DA:729,0
DA:730,0
DA:731,0
DA:732,0
DA:733,0
DA:736,0
DA:737,0
DA:738,0
DA:739,0
DA:740,0
DA:742,0
DA:743,0
DA:744,0
DA:745,0
DA:751,0
DA:752,0
DA:760,1
DA:761,0
DA:763,0
DA:766,0
DA:768,0
DA:774,0
DA:775,0
DA:776,0
DA:778,0
DA:782,0
DA:784,0
DA:785,0
DA:809,0
DA:810,0
DA:811,0
DA:812,0
DA:819,0
DA:820,0
DA:821,0
DA:823,0
DA:827,0
DA:828,0
DA:830,0
DA:833,0
DA:834,0
DA:836,0
DA:840,0
DA:842,0
DA:843,0
DA:847,0
DA:848,0
DA:855,0
DA:857,0
DA:858,0
DA:860,0
DA:866,0
DA:867,0
DA:868,0
DA:869,0
DA:871,0
DA:873,0
DA:875,0
DA:876,0
DA:879,0
DA:894,0
DA:897,0
DA:898,0
DA:902,0
DA:903,0
DA:908,0
DA:909,0
DA:913,0
DA:917,1
DA:918,0
DA:921,1
DA:922,0
LF:403
LH:46
BRDA:52,1,0,0
BRDA:52,1,1,0
BRDA:59,2,0,0
BRDA:59,2,1,0
BRDA:60,3,0,0
BRDA:60,3,1,0
BRDA:72,4,0,0
BRDA:72,4,1,0
BRDA:72,5,0,0
BRDA:72,5,1,0
BRDA:88,6,0,0
BRDA:88,6,1,0
BRDA:88,7,0,0
BRDA:88,7,1,0
BRDA:93,8,0,0
BRDA:93,8,1,0
BRDA:97,9,0,0
BRDA:97,9,1,0
BRDA:100,10,0,0
BRDA:100,10,1,0
BRDA:100,11,0,0
BRDA:100,11,1,0
BRDA:105,12,0,0
BRDA:105,12,1,0
BRDA:111,13,0,0
BRDA:111,13,1,0
BRDA:115,14,0,0
BRDA:115,14,1,0
BRDA:119,15,0,0
BRDA:119,15,1,0
BRDA:123,16,0,0
BRDA:123,16,1,0
BRDA:144,17,0,0
BRDA:144,17,1,0
BRDA:150,18,0,0
BRDA:150,18,1,0
BRDA:150,19,0,0
BRDA:150,19,1,0
BRDA:154,20,0,0
BRDA:154,20,1,0
BRDA:165,21,0,0
BRDA:165,21,1,0
BRDA:204,22,0,0
BRDA:204,22,1,0
BRDA:207,23,0,0
BRDA:207,23,1,0
BRDA:213,24,0,0
BRDA:213,24,1,0
BRDA:234,25,0,0
BRDA:234,25,1,0
BRDA:235,26,0,0
BRDA:235,26,1,0
BRDA:242,27,0,0
BRDA:242,27,1,0
BRDA:245,28,0,0
BRDA:245,28,1,0
BRDA:249,29,0,0
BRDA:249,29,1,0
BRDA:249,30,0,0
BRDA:249,30,1,0
BRDA:272,31,0,0
BRDA:272,31,1,0
BRDA:279,32,0,0
BRDA:279,32,1,0
BRDA:279,33,0,0
BRDA:279,33,1,0
BRDA:280,34,0,0
BRDA:280,34,1,0
BRDA:294,35,0,0
BRDA:294,35,1,0
BRDA:296,36,0,0
BRDA:296,36,1,0
BRDA:301,37,0,0
BRDA:301,37,1,0
BRDA:304,38,0,0
BRDA:304,38,1,0
BRDA:304,38,2,0
BRDA:323,39,0,0
BRDA:323,39,1,0
BRDA:328,40,0,0
BRDA:328,40,1,0
BRDA:328,41,0,0
BRDA:328,41,1,0
BRDA:334,42,0,0
BRDA:334,42,1,0
BRDA:334,42,2,0
BRDA:334,42,3,0
BRDA:334,42,4,0
BRDA:334,42,5,0
BRDA:334,42,6,0
BRDA:334,42,7,0
BRDA:334,42,8,0
BRDA:334,42,9,0
BRDA:334,42,10,0
BRDA:334,42,11,0
BRDA:334,42,12,0
BRDA:356,43,0,0
BRDA:356,43,1,0
BRDA:358,44,0,0
BRDA:358,44,1,0
BRDA:358,45,0,0
BRDA:358,45,1,0
BRDA:372,46,0,0
BRDA:372,46,1,0
BRDA:376,47,0,0
BRDA:376,47,1,0
BRDA:381,48,0,0
BRDA:381,48,1,0
BRDA:394,49,0,0
BRDA:394,49,1,0
BRDA:400,50,0,0
BRDA:400,50,1,0
BRDA:400,51,0,0
BRDA:400,51,1,0
BRDA:411,52,0,0
BRDA:411,52,1,0
BRDA:418,53,0,0
BRDA:418,53,1,0
BRDA:418,54,0,0
BRDA:418,54,1,0
BRDA:418,54,2,0
BRDA:433,55,0,0
BRDA:433,55,1,0
BRDA:449,56,0,0
BRDA:449,56,1,0
BRDA:449,57,0,0
BRDA:449,57,1,0
BRDA:457,58,0,0
BRDA:457,58,1,0
BRDA:472,59,0,0
BRDA:472,59,1,0
BRDA:488,60,0,0
BRDA:488,60,1,0
BRDA:491,61,0,0
BRDA:491,61,1,0
BRDA:491,62,0,0
BRDA:491,62,1,0
BRDA:492,63,0,0
BRDA:492,63,1,0
BRDA:503,64,0,0
BRDA:503,64,1,0
BRDA:511,65,0,0
BRDA:511,65,1,0
BRDA:525,66,0,0
BRDA:525,66,1,0
BRDA:540,67,0,0
BRDA:540,67,1,0
BRDA:541,68,0,0
BRDA:541,68,1,0
BRDA:550,69,0,0
BRDA:550,69,1,0
BRDA:558,70,0,0
BRDA:558,70,1,0
BRDA:558,70,2,0
BRDA:590,71,0,0
BRDA:590,71,1,0
BRDA:590,72,0,0
BRDA:590,72,1,0
BRDA:600,73,0,0
BRDA:600,73,1,0
BRDA:600,74,0,0
BRDA:600,74,1,0
BRDA:604,75,0,0
BRDA:604,75,1,0
BRDA:609,76,0,0
BRDA:609,76,1,0
BRDA:616,77,0,0
BRDA:616,77,1,0
BRDA:620,78,0,0
BRDA:620,78,1,0
BRDA:638,79,0,0
BRDA:638,79,1,0
BRDA:643,80,0,0
BRDA:643,80,1,0
BRDA:643,81,0,0
BRDA:643,81,1,0
BRDA:653,82,0,0
BRDA:653,82,1,0
BRDA:659,83,0,0
BRDA:659,83,1,0
BRDA:660,84,0,0
BRDA:660,84,1,0
BRDA:662,85,0,0
BRDA:662,85,1,0
BRDA:666,86,0,0
BRDA:666,86,1,0
BRDA:667,87,0,0
BRDA:667,87,1,0
BRDA:677,88,0,0
BRDA:677,88,1,0
BRDA:688,89,0,0
BRDA:688,89,1,0
BRDA:693,90,0,0
BRDA:693,90,1,0
BRDA:693,91,0,0
BRDA:693,91,1,0
BRDA:704,92,0,0
BRDA:704,92,1,0
BRDA:705,93,0,0
BRDA:705,93,1,0
BRDA:707,94,0,0
BRDA:707,94,1,0
BRDA:707,95,0,0
BRDA:707,95,1,0
BRDA:712,96,0,0
BRDA:712,96,1,0
BRDA:733,97,0,0
BRDA:733,97,1,0
BRDA:739,98,0,0
BRDA:739,98,1,0
BRDA:739,99,0,0
BRDA:739,99,1,0
BRDA:743,100,0,0
BRDA:743,100,1,0
BRDA:744,101,0,0
BRDA:744,101,1,0
BRDA:751,102,0,0
BRDA:751,102,1,0
BRDA:772,103,0,0
BRDA:772,103,1,0
BRDA:782,104,0,0
BRDA:782,104,1,0
BRDA:784,105,0,0
BRDA:784,105,1,0
BRDA:811,106,0,0
BRDA:811,106,1,0
BRDA:820,107,0,0
BRDA:820,107,1,0
BRDA:820,108,0,0
BRDA:820,108,1,0
BRDA:820,108,2,0
BRDA:820,108,3,0
BRDA:833,109,0,0
BRDA:833,109,1,0
BRDA:840,110,0,0
BRDA:840,110,1,0
BRDA:840,111,0,0
BRDA:840,111,1,0
BRDA:840,111,2,0
BRDA:840,111,3,0
BRDA:855,112,0,0
BRDA:855,112,1,0
BRDA:858,113,0,0
BRDA:858,113,1,0
BRDA:867,114,0,0
BRDA:867,114,1,0
BRDA:868,115,0,0
BRDA:868,115,1,0
BRDA:879,116,0,0
BRDA:879,116,1,0
BRDA:894,117,0,0
BRDA:894,117,1,0
BRDA:894,118,0,0
BRDA:894,118,1,0
BRDA:898,119,0,0
BRDA:898,119,1,0
BRDA:903,120,0,0
BRDA:903,120,1,0
BRDA:908,121,0,0
BRDA:908,121,1,0
BRF:260
BRH:0
end_of_record
TN:
SF:C:\xampp\htdocs\desescaltor2\node_modules\brace-expansion\index.js
FN:12,numeric
FN:18,escapeBraces
FN:26,unescapeBraces
FN:38,parseCommaParts
FN:65,expandTop
FN:82,identity
FN:86,embrace
FN:89,isPadded
FN:93,lte
FN:96,gte
FN:100,expand
FN:131,(anonymous_12)
FN:188,(anonymous_13)
FNF:13
FNH:0
FNDA:0,numeric
FNDA:0,escapeBraces
FNDA:0,unescapeBraces
FNDA:0,parseCommaParts
FNDA:0,expandTop
FNDA:0,identity
FNDA:0,embrace
FNDA:0,isPadded
FNDA:0,lte
FNDA:0,gte
FNDA:0,expand
FNDA:0,(anonymous_12)
FNDA:0,(anonymous_13)
DA:1,1
DA:2,1
DA:4,1
DA:6,1
DA:7,1
DA:8,1
DA:9,1
DA:10,1
DA:12,1
DA:13,0
DA:18,1
DA:19,0
DA:26,1
DA:27,0
DA:38,1
DA:39,0
DA:40,0
DA:42,0
DA:43,0
DA:45,0
DA:46,0
DA:48,0
DA:49,0
DA:50,0
DA:51,0
DA:53,0
DA:54,0
DA:55,0
DA:56,0
DA:57,0
DA:60,0
DA:62,0
DA:65,1
DA:66,0
DA:67,0
DA:75,0
DA:76,0
DA:79,0
DA:82,1
DA:83,0
DA:86,1
DA:87,0
DA:89,1
DA:90,0
DA:93,1
DA:94,0
DA:96,1
DA:97,0
DA:100,1
DA:101,0
DA:103,0
DA:104,0
DA:106,0
DA:107,0
DA:108,0
DA:109,0
DA:110,0
DA:112,0
DA:113,0
DA:114,0
DA:116,0
DA:119,0
DA:120,0
DA:121,0
DA:123,0
DA:124,0
DA:126,0
DA:127,0
DA:128,0
DA:131,0
DA:132,0
DA:142,0
DA:143,0
DA:147,0
DA:149,0
DA:150,0
DA:151,0
DA:152,0
DA:153,0
DA:156,0
DA:157,0
DA:158,0
DA:159,0
DA:160,0
DA:162,0
DA:164,0
DA:166,0
DA:167,0
DA:168,0
DA:169,0
DA:170,0
DA:171,0
DA:173,0
DA:174,0
DA:175,0
DA:176,0
DA:177,0
DA:178,0
DA:179,0
DA:181,0
DA:185,0
DA:188,0
DA:191,0
DA:192,0
DA:193,0
DA:194,0
DA:195,0
DA:199,0
LF:108
LH:19
BRDA:13,1,0,0
BRDA:13,1,1,0
BRDA:39,2,0,0
BRDA:39,2,1,0
BRDA:45,3,0,0
BRDA:45,3,1,0
BRDA:55,4,0,0
BRDA:55,4,1,0
BRDA:66,5,0,0
BRDA:66,5,1,0
BRDA:75,6,0,0
BRDA:75,6,1,0
BRDA:104,7,0,0
BRDA:104,7,1,0
BRDA:104,8,0,0
BRDA:104,8,1,0
BRDA:108,9,0,0
BRDA:108,9,1,0
BRDA:110,10,0,0
BRDA:110,10,1,0
BRDA:110,11,0,0
BRDA:110,11,1,0
BRDA:112,12,0,0
BRDA:112,12,1,0
BRDA:120,13,0,0
BRDA:120,13,1,0
BRDA:124,14,0,0
BRDA:124,14,1,0
BRDA:127,15,0,0
BRDA:127,15,1,0
BRDA:128,16,0,0
BRDA:128,16,1,0
BRDA:143,17,0,0
BRDA:143,17,1,0
BRDA:149,18,0,0
BRDA:149,18,1,0
BRDA:153,19,0,0
BRDA:153,19,1,0
BRDA:158,20,0,0
BRDA:158,20,1,0
BRDA:168,21,0,0
BRDA:168,21,1,0
BRDA:170,22,0,0
BRDA:170,22,1,0
BRDA:174,23,0,0
BRDA:174,23,1,0
BRDA:176,24,0,0
BRDA:176,24,1,0
BRDA:178,25,0,0
BRDA:178,25,1,0
BRDA:194,26,0,0
BRDA:194,26,1,0
BRDA:194,27,0,0
BRDA:194,27,1,0
BRDA:194,27,2,0
BRF:55
BRH:0
end_of_record
TN:
SF:C:\xampp\htdocs\desescaltor2\node_modules\concat-map\index.js
FN:1,(anonymous_1)
FN:11,(anonymous_2)
FNF:2
FNH:0
FNDA:0,(anonymous_1)
FNDA:0,(anonymous_2)
DA:1,1
DA:2,0
DA:3,0
DA:4,0
DA:5,0
DA:6,0
DA:8,0
DA:11,1
DA:12,0
LF:9
LH:2
BRDA:5,1,0,0
BRDA:5,1,1,0
BRDA:11,2,0,1
BRDA:11,2,1,0
BRF:4
BRH:1
end_of_record
TN:
SF:C:\xampp\htdocs\desescaltor2\node_modules\balanced-match\index.js
FN:3,balanced
FN:18,maybeMatch
FN:24,range
FNF:3
FNH:0
FNDA:0,balanced
FNDA:0,maybeMatch
FNDA:0,range
DA:2,1
DA:3,1
DA:4,0
DA:5,0
DA:7,0
DA:9,0
DA:18,1
DA:19,0
DA:20,0
DA:23,1
DA:24,1
DA:25,0
DA:26,0
DA:27,0
DA:28,0
DA:30,0
DA:31,0
DA:32,0
DA:34,0
DA:35,0
DA:36,0
DA:37,0
DA:38,0
DA:39,0
DA:41,0
DA:42,0
DA:43,0
DA:44,0
DA:47,0
DA:50,0
DA:53,0
DA:54,0
DA:58,0
LF:33
LH:5
BRDA:4,1,0,0
BRDA:4,1,1,0
BRDA:5,2,0,0
BRDA:5,2,1,0
BRDA:9,3,0,0
BRDA:9,3,1,0
BRDA:20,4,0,0
BRDA:20,4,1,0
BRDA:30,5,0,0
BRDA:30,5,1,0
BRDA:30,6,0,0
BRDA:30,6,1,0
BRDA:34,7,0,0
BRDA:34,7,1,0
BRDA:35,8,0,0
BRDA:35,8,1,0
BRDA:38,9,0,0
BRDA:38,9,1,0
BRDA:42,10,0,0
BRDA:42,10,1,0
BRDA:50,11,0,0
BRDA:50,11,1,0
BRDA:50,12,0,0
BRDA:50,12,1,0
BRDA:53,13,0,0
BRDA:53,13,1,0
BRF:26
BRH:0
end_of_record
TN:
SF:C:\xampp\htdocs\desescaltor2\node_modules\mocha\index.js
FNF:0
FNH:0
DA:3,1
LF:1
LH:1
BRF:0
BRH:0
end_of_record
TN:
SF:C:\xampp\htdocs\desescaltor2\node_modules\mocha\lib\mocha.js
FN:60,image
FN:83,Mocha
FN:119,(anonymous_3)
FN:134,(anonymous_4)
FN:149,(anonymous_5)
FN:207,(anonymous_6)
FN:219,(anonymous_7)
FN:244,(anonymous_8)
FN:247,(anonymous_9)
FN:261,(anonymous_10)
FN:264,(anonymous_11)
FN:287,(anonymous_12)
FN:301,(anonymous_13)
FN:318,(anonymous_14)
FN:333,(anonymous_15)
FN:345,(anonymous_16)
FN:357,(anonymous_17)
FN:369,(anonymous_18)
FN:384,(anonymous_19)
FN:399,(anonymous_20)
FN:416,(anonymous_21)
FN:431,(anonymous_22)
FN:446,(anonymous_23)
FN:459,(anonymous_24)
FN:474,(anonymous_25)
FN:489,(anonymous_26)
FN:503,(anonymous_27)
FN:514,(anonymous_28)
FN:526,(anonymous_29)
FN:535,delay
FN:544,(anonymous_31)
FN:553,(anonymous_32)
FN:574,(anonymous_33)
FN:604,done
FNF:34
FNH:12
FNDA:0,image
FNDA:1,Mocha
FNDA:1,(anonymous_3)
FNDA:0,(anonymous_4)
FNDA:2,(anonymous_5)
FNDA:2,(anonymous_6)
FNDA:2,(anonymous_7)
FNDA:1,(anonymous_8)
FNDA:1,(anonymous_9)
FNDA:0,(anonymous_10)
FNDA:0,(anonymous_11)
FNDA:0,(anonymous_12)
FNDA:0,(anonymous_13)
FNDA:0,(anonymous_14)
FNDA:0,(anonymous_15)
FNDA:0,(anonymous_16)
FNDA:0,(anonymous_17)
FNDA:0,(anonymous_18)
FNDA:1,(anonymous_19)
FNDA:1,(anonymous_20)
FNDA:0,(anonymous_21)
FNDA:0,(anonymous_22)
FNDA:0,(anonymous_23)
FNDA:0,(anonymous_24)
FNDA:0,(anonymous_25)
FNDA:1,(anonymous_26)
FNDA:0,(anonymous_27)
FNDA:0,(anonymous_28)
FNDA:0,(anonymous_29)
FNDA:0,delay
FNDA:0,(anonymous_31)
FNDA:0,(anonymous_32)
FNDA:1,(anonymous_33)
FNDA:1,done
DA:9,1
DA:10,1
DA:11,1
DA:12,1
DA:14,1
DA:20,1
DA:21,1
DA:22,1
DA:34,1
DA:35,1
DA:41,1
DA:42,1
DA:43,1
DA:48,1
DA:49,1
DA:50,1
DA:51,1
DA:60,1
DA:61,0
DA:83,1
DA:84,1
DA:85,1
DA:86,1
DA:87,1
DA:88,0
DA:90,1
DA:91,0
DA:93,1
DA:94,1
DA:95,1
DA:96,1
DA:97,1
DA:98,0
DA:100,1
DA:101,0
DA:103,1
DA:104,1
DA:105,1
DA:107,1
DA:108,0
DA:119,1
DA:120,1
DA:121,0
DA:123,1
DA:124,1
DA:134,1
DA:135,0
DA:136,0
DA:149,1
DA:150,2
DA:151,0
DA:153,2
DA:154,2
DA:156,2
DA:157,2
DA:160,2
DA:161,0
DA:162,0
DA:164,0
DA:166,0
DA:167,0
DA:169,0
DA:179,0
DA:185,2
DA:186,0
DA:192,2
DA:193,0
DA:195,2
DA:197,2
DA:198,2
DA:207,1
DA:208,2
DA:209,2
DA:210,2
DA:211,0
DA:212,0
DA:214,0
DA:217,2
DA:219,2
DA:220,2
DA:221,2
DA:222,2
DA:223,2
DA:224,2
DA:225,2
DA:226,2
DA:227,2
DA:228,2
DA:229,2
DA:230,2
DA:231,2
DA:232,2
DA:233,2
DA:236,2
DA:244,1
DA:245,1
DA:246,1
DA:247,1
DA:248,1
DA:249,1
DA:250,1
DA:251,1
DA:253,1
DA:261,1
DA:262,0
DA:264,0
DA:265,0
DA:266,0
DA:267,0
DA:268,0
DA:270,0
DA:287,1
DA:288,0
DA:301,1
DA:302,0
DA:304,0
DA:305,0
DA:307,0
DA:309,0
DA:318,1
DA:319,0
DA:320,0
DA:333,1
DA:334,0
DA:335,0
DA:345,1
DA:346,0
DA:347,0
DA:357,1
DA:358,0
DA:359,0
DA:369,1
DA:370,0
DA:371,0
DA:384,1
DA:385,1
DA:386,1
DA:399,1
DA:400,1
DA:401,0
DA:403,1
DA:416,1
DA:417,0
DA:418,0
DA:431,1
DA:432,0
DA:433,0
DA:446,1
DA:447,0
DA:448,0
DA:459,1
DA:460,0
DA:461,0
DA:474,1
DA:475,0
DA:476,0
DA:489,1
DA:490,1
DA:493,1
DA:503,1
DA:504,0
DA:505,0
DA:514,1
DA:515,0
DA:516,0
DA:526,1
DA:527,0
DA:528,0
DA:535,1
DA:536,0
DA:537,0
DA:544,1
DA:545,0
DA:546,0
DA:553,1
DA:554,0
DA:555,0
DA:574,1
DA:575,1
DA:576,1
DA:578,1
DA:579,1
DA:580,1
DA:581,1
DA:582,1
DA:583,1
DA:584,1
DA:585,1
DA:586,1
DA:587,1
DA:588,1
DA:589,1
DA:590,0
DA:592,1
DA:593,1
DA:595,1
DA:596,0
DA:598,1
DA:599,0
DA:601,1
DA:602,1
DA:604,1
DA:605,1
DA:606,0
DA:608,1
DA:612,1
LF:206
LH:134
BRDA:20,1,0,1
BRDA:20,1,1,0
BRDA:84,2,0,1
BRDA:84,2,1,1
BRDA:87,3,0,0
BRDA:87,3,1,1
BRDA:90,4,0,0
BRDA:90,4,1,1
BRDA:97,5,0,0
BRDA:97,5,1,1
BRDA:97,6,0,1
BRDA:97,6,1,0
BRDA:100,7,0,0
BRDA:100,7,1,1
BRDA:100,8,0,1
BRDA:100,8,1,0
BRDA:104,9,0,1
BRDA:104,9,1,0
BRDA:107,10,0,0
BRDA:107,10,1,1
BRDA:120,11,0,0
BRDA:120,11,1,1
BRDA:150,12,0,0
BRDA:150,12,1,2
BRDA:153,13,0,2
BRDA:153,13,1,1
BRDA:156,14,0,2
BRDA:156,14,1,0
BRDA:160,15,0,0
BRDA:160,15,1,2
BRDA:164,16,0,0
BRDA:164,16,1,0
BRDA:169,17,0,0
BRDA:169,17,1,0
BRDA:185,18,0,0
BRDA:185,18,1,2
BRDA:185,19,0,2
BRDA:185,19,1,0
BRDA:192,20,0,0
BRDA:192,20,1,2
BRDA:208,21,0,2
BRDA:208,21,1,1
BRDA:210,22,0,0
BRDA:210,22,1,2
BRDA:220,23,0,2
BRDA:220,23,1,0
BRDA:221,24,0,2
BRDA:221,24,1,0
BRDA:222,25,0,2
BRDA:222,25,1,0
BRDA:223,26,0,2
BRDA:223,26,1,0
BRDA:224,27,0,2
BRDA:224,27,1,0
BRDA:225,28,0,2
BRDA:225,28,1,0
BRDA:226,29,0,2
BRDA:226,29,1,0
BRDA:227,30,0,2
BRDA:227,30,1,2
BRDA:228,31,0,2
BRDA:228,31,1,2
BRDA:229,32,0,2
BRDA:229,32,1,2
BRDA:230,33,0,2
BRDA:230,33,1,2
BRDA:231,34,0,2
BRDA:231,34,1,2
BRDA:232,35,0,2
BRDA:232,35,1,2
BRDA:253,36,0,1
BRDA:253,36,1,0
BRDA:266,37,0,0
BRDA:266,37,1,0
BRDA:302,38,0,0
BRDA:302,38,1,0
BRDA:305,39,0,0
BRDA:305,39,1,0
BRDA:385,40,0,1
BRDA:385,40,1,1
BRDA:400,41,0,0
BRDA:400,41,1,1
BRDA:417,42,0,0
BRDA:417,42,1,0
BRDA:432,43,0,0
BRDA:432,43,1,0
BRDA:491,44,0,0
BRDA:491,44,1,1
BRDA:491,45,0,1
BRDA:491,45,1,1
BRDA:575,46,0,1
BRDA:575,46,1,0
BRDA:589,47,0,0
BRDA:589,47,1,1
BRDA:592,48,0,1
BRDA:592,48,1,0
BRDA:595,49,0,0
BRDA:595,49,1,1
BRDA:598,50,0,0
BRDA:598,50,1,1
BRDA:605,51,0,0
BRDA:605,51,1,1
BRDA:608,52,0,1
BRDA:608,52,1,1
BRF:104
BRH:57
end_of_record
TN:
SF:C:\xampp\htdocs\desescaltor2\node_modules\escape-string-regexp\index.js
FN:5,(anonymous_1)
FNF:1
FNH:0
FNDA:0,(anonymous_1)
DA:3,1
DA:5,1
DA:6,0
DA:7,0
DA:10,0
LF:5
LH:2
BRDA:6,1,0,0
BRDA:6,1,1,0
BRF:2
BRH:0
end_of_record
TN:
SF:C:\xampp\htdocs\desescaltor2\node_modules\mocha\lib\reporters\index.js
FNF:0
FNH:0
DA:5,1
DA:6,1
DA:7,1
DA:8,1
DA:9,1
DA:10,1
DA:11,1
DA:12,1
DA:13,1
DA:14,1
DA:15,1
DA:16,1
DA:17,1
DA:18,1
DA:19,1
LF:15
LH:15
BRF:0
BRH:0
end_of_record
TN:
SF:C:\xampp\htdocs\desescaltor2\node_modules\mocha\lib\reporters\base.js
FN:110,(anonymous_1)
FN:136,(anonymous_2)
FN:140,(anonymous_3)
FN:144,(anonymous_4)
FN:148,(anonymous_5)
FN:152,(anonymous_6)
FN:162,showDiff
FN:171,stringifyDiffObjs
FN:188,(anonymous_9)
FN:204,(anonymous_10)
FN:206,(anonymous_11)
FN:256,(anonymous_12)
FN:285,Base
FN:302,(anonymous_14)
FN:306,(anonymous_15)
FN:311,(anonymous_16)
FN:316,(anonymous_17)
FN:330,(anonymous_18)
FN:340,(anonymous_19)
FN:345,(anonymous_20)
FN:358,(anonymous_21)
FN:400,pad
FN:413,inlineDiff
FN:421,(anonymous_24)
FN:450,unifiedDiff
FN:452,cleanUp
FN:467,notBlank
FN:493,errorDiff
FN:496,(anonymous_29)
FN:516,colorLines
FN:519,(anonymous_31)
FN:538,sameType
FNF:32
FNH:8
FNDA:8,(anonymous_1)
FNDA:0,(anonymous_2)
FNDA:0,(anonymous_3)
FNDA:0,(anonymous_4)
FNDA:0,(anonymous_5)
FNDA:0,(anonymous_6)
FNDA:0,showDiff
FNDA:0,stringifyDiffObjs
FNDA:0,(anonymous_9)
FNDA:0,(anonymous_10)
FNDA:0,(anonymous_11)
FNDA:0,(anonymous_12)
FNDA:1,Base
FNDA:1,(anonymous_14)
FNDA:3,(anonymous_15)
FNDA:1,(anonymous_16)
FNDA:1,(anonymous_17)
FNDA:0,(anonymous_18)
FNDA:1,(anonymous_19)
FNDA:0,(anonymous_20)
FNDA:1,(anonymous_21)
FNDA:0,pad
FNDA:0,inlineDiff
FNDA:0,(anonymous_24)
FNDA:0,unifiedDiff
FNDA:0,cleanUp
FNDA:0,notBlank
FNDA:0,errorDiff
FNDA:0,(anonymous_29)
FNDA:0,colorLines
FNDA:0,(anonymous_31)
FNDA:0,sameType
DA:9,1
DA:10,1
DA:11,1
DA:12,1
DA:13,1
DA:19,1
DA:27,1
DA:28,1
DA:29,1
DA:30,1
DA:31,1
DA:38,1
DA:44,1
DA:52,1
DA:58,1
DA:84,1
DA:93,1
DA:94,1
DA:95,1
DA:96,1
DA:110,1
DA:111,8
DA:112,0
DA:114,8
DA:121,1
DA:125,1
DA:126,1
DA:135,1
DA:137,0
DA:141,0
DA:145,0
DA:149,0
DA:153,0
DA:154,0
DA:155,0
DA:157,0
DA:162,1
DA:163,0
DA:171,1
DA:172,0
DA:173,0
DA:174,0
DA:188,1
DA:189,0
DA:204,1
DA:205,0
DA:206,0
DA:208,0
DA:214,0
DA:215,0
DA:216,0
DA:217,0
DA:218,0
DA:219,0
DA:220,0
DA:222,0
DA:224,0
DA:225,0
DA:227,0
DA:228,0
DA:230,0
DA:231,0
DA:233,0
DA:237,0
DA:238,0
DA:241,0
DA:242,0
DA:243,0
DA:245,0
DA:246,0
DA:248,0
DA:252,0
DA:255,0
DA:256,0
DA:257,0
DA:258,0
DA:260,0
DA:261,0
DA:263,0
DA:266,0
DA:285,1
DA:286,1
DA:293,1
DA:295,1
DA:296,0
DA:298,1
DA:300,1
DA:302,1
DA:303,1
DA:306,1
DA:307,3
DA:308,3
DA:311,1
DA:312,1
DA:313,1
DA:316,1
DA:317,1
DA:319,1
DA:320,0
DA:321,1
DA:322,0
DA:324,1
DA:327,1
DA:330,1
DA:331,0
DA:332,0
DA:333,0
DA:334,0
DA:336,0
DA:337,0
DA:340,1
DA:341,1
DA:342,1
DA:345,1
DA:346,0
DA:358,1
DA:359,1
DA:360,1
DA:362,1
DA:365,1
DA:370,1
DA:373,1
DA:374,0
DA:376,0
DA:380,1
DA:381,0
DA:383,0
DA:385,0
DA:386,0
DA:389,1
DA:400,1
DA:401,0
DA:402,0
DA:413,1
DA:414,0
DA:417,0
DA:418,0
DA:419,0
DA:420,0
DA:422,0
DA:428,0
DA:438,0
DA:439,0
DA:450,1
DA:451,0
DA:452,1
DA:453,0
DA:454,0
DA:456,0
DA:457,0
DA:459,0
DA:460,0
DA:462,0
DA:463,0
DA:465,0
DA:467,1
DA:468,0
DA:470,0
DA:471,0
DA:472,0
DA:493,1
DA:494,0
DA:497,0
DA:498,0
DA:500,0
DA:501,0
DA:503,0
DA:516,1
DA:517,0
DA:520,0
DA:528,1
DA:538,1
DA:539,0
LF:173
LH:74
BRDA:13,1,0,0
BRDA:13,1,1,1
BRDA:38,2,0,1
BRDA:38,2,1,1
BRDA:45,3,0,1
BRDA:45,3,1,1
BRDA:45,3,2,0
BRDA:93,4,0,1
BRDA:93,4,1,0
BRDA:111,5,0,0
BRDA:111,5,1,8
BRDA:125,6,0,1
BRDA:125,6,1,0
BRDA:126,7,0,1
BRDA:126,7,1,0
BRDA:137,8,0,0
BRDA:137,8,1,0
BRDA:141,9,0,0
BRDA:141,9,1,0
BRDA:145,10,0,0
BRDA:145,10,1,0
BRDA:149,11,0,0
BRDA:149,11,1,0
BRDA:153,12,0,0
BRDA:153,12,1,0
BRDA:164,13,0,0
BRDA:164,13,1,0
BRDA:164,13,2,0
BRDA:164,13,3,0
BRDA:172,14,0,0
BRDA:172,14,1,0
BRDA:172,15,0,0
BRDA:172,15,1,0
BRDA:189,16,0,0
BRDA:189,16,1,0
BRDA:217,17,0,0
BRDA:217,17,1,0
BRDA:217,18,0,0
BRDA:217,18,1,0
BRDA:219,19,0,0
BRDA:219,19,1,0
BRDA:224,20,0,0
BRDA:224,20,1,0
BRDA:225,21,0,0
BRDA:225,21,1,0
BRDA:227,22,0,0
BRDA:227,22,1,0
BRDA:237,23,0,0
BRDA:237,23,1,0
BRDA:241,24,0,0
BRDA:241,24,1,0
BRDA:241,25,0,0
BRDA:241,25,1,0
BRDA:246,26,0,0
BRDA:246,26,1,0
BRDA:257,27,0,0
BRDA:257,27,1,0
BRDA:295,28,0,0
BRDA:295,28,1,1
BRDA:307,29,0,3
BRDA:307,29,1,2
BRDA:308,30,0,3
BRDA:308,30,1,2
BRDA:312,31,0,1
BRDA:312,31,1,1
BRDA:317,32,0,1
BRDA:317,32,1,1
BRDA:319,33,0,0
BRDA:319,33,1,1
BRDA:321,34,0,0
BRDA:321,34,1,1
BRDA:331,35,0,0
BRDA:331,35,1,0
BRDA:333,36,0,0
BRDA:333,36,1,0
BRDA:370,37,0,1
BRDA:370,37,1,0
BRDA:373,38,0,0
BRDA:373,38,1,1
BRDA:380,39,0,0
BRDA:380,39,1,1
BRDA:418,40,0,0
BRDA:418,40,1,0
BRDA:453,41,0,0
BRDA:453,41,1,0
BRDA:456,42,0,0
BRDA:456,42,1,0
BRDA:459,43,0,0
BRDA:459,43,1,0
BRDA:462,44,0,0
BRDA:462,44,1,0
BRDA:468,45,0,0
BRDA:468,45,1,0
BRDA:497,46,0,0
BRDA:497,46,1,0
BRDA:500,47,0,0
BRDA:500,47,1,0
BRF:97
BRH:23
end_of_record
TN:
SF:C:\xampp\htdocs\desescaltor2\node_modules\diff\lib\index.js
FN:36,_interopRequireDefault
FNF:1
FNH:1
FNDA:1,_interopRequireDefault
DA:3,1
DA:4,1
DA:6,1
DA:8,1
DA:10,1
DA:12,1
DA:14,1
DA:16,1
DA:18,1
DA:20,1
DA:22,1
DA:24,1
DA:26,1
DA:28,1
DA:30,1
DA:32,1
DA:34,1
DA:36,1
DA:54,1
DA:55,1
DA:56,1
DA:57,1
DA:58,1
DA:59,1
DA:60,1
DA:61,1
DA:62,1
DA:63,1
DA:64,1
DA:65,1
DA:66,1
DA:67,1
DA:68,1
DA:69,1
DA:70,1
DA:71,1
DA:72,1
DA:73,1
LF:38
LH:38
BRDA:36,1,0,1
BRDA:36,1,1,0
BRDA:36,2,0,1
BRDA:36,2,1,1
BRF:4
BRH:3
end_of_record
TN:
SF:C:\xampp\htdocs\desescaltor2\node_modules\diff\lib\diff\base.js
FN:5,Diff
FN:8,diff
FN:20,done
FN:22,(anonymous_4)
FN:52,execEditLength
FN:101,exec
FN:102,(anonymous_7)
FN:123,pushComponent
FN:133,extractCommon
FN:152,equals
FN:159,removeEmpty
FN:168,castInput
FN:171,tokenize
FN:174,join
FN:179,buildValues
FN:190,(anonymous_16)
FN:232,clonePath
FNF:17
FNH:1
FNDA:7,Diff
FNDA:0,diff
FNDA:0,done
FNDA:0,(anonymous_4)
FNDA:0,execEditLength
FNDA:0,exec
FNDA:0,(anonymous_7)
FNDA:0,pushComponent
FNDA:0,extractCommon
FNDA:0,equals
FNDA:0,removeEmpty
FNDA:0,castInput
FNDA:0,tokenize
FNDA:0,join
FNDA:0,buildValues
FNDA:0,(anonymous_16)
FNDA:0,clonePath
DA:3,1
DA:4,1
DA:5,1
DA:7,1
DA:9,0
DA:11,0
DA:12,0
DA:13,0
DA:14,0
DA:16,0
DA:18,0
DA:20,1
DA:21,0
DA:22,0
DA:23,0
DA:25,0
DA:27,0
DA:32,0
DA:33,0
DA:35,0
DA:36,0
DA:38,0
DA:40,0
DA:41,0
DA:42,0
DA:45,0
DA:46,0
DA:48,0
DA:52,1
DA:53,0
DA:54,0
DA:55,0
DA:58,0
DA:60,0
DA:63,0
DA:65,0
DA:67,0
DA:68,0
DA:74,0
DA:75,0
DA:76,0
DA:78,0
DA:79,0
DA:80,0
DA:83,0
DA:86,0
DA:87,0
DA:90,0
DA:94,0
DA:100,0
DA:101,0
DA:102,0
DA:105,1
DA:106,1
DA:109,0
DA:110,0
DA:115,0
DA:116,0
DA:117,0
DA:118,0
DA:124,0
DA:125,0
DA:128,0
DA:130,0
DA:134,0
DA:139,0
DA:140,0
DA:141,0
DA:142,0
DA:145,0
DA:146,0
DA:149,0
DA:150,0
DA:153,0
DA:154,0
DA:156,0
DA:160,0
DA:161,0
DA:162,0
DA:163,0
DA:166,0
DA:169,0
DA:172,0
DA:175,0
DA:179,1
DA:180,0
DA:185,0
DA:186,0
DA:187,0
DA:188,0
DA:189,0
DA:190,0
DA:191,0
DA:192,0
DA:195,0
DA:197,0
DA:199,0
DA:202,0
DA:203,0
DA:206,0
DA:207,0
DA:212,0
DA:213,0
DA:214,0
DA:215,0
DA:223,0
DA:224,0
DA:225,0
DA:226,0
DA:229,0
DA:232,1
DA:233,0
LF:112
LH:10
BRDA:9,1,0,0
BRDA:9,1,1,0
BRDA:9,2,0,0
BRDA:9,2,1,0
BRDA:12,3,0,0
BRDA:12,3,1,0
BRDA:21,4,0,0
BRDA:21,4,1,0
BRDA:46,5,0,0
BRDA:46,5,1,0
BRDA:46,6,0,0
BRDA:46,6,1,0
BRDA:57,7,0,0
BRDA:57,7,1,0
BRDA:58,8,0,0
BRDA:58,8,1,0
BRDA:63,9,0,0
BRDA:63,9,1,0
BRDA:64,10,0,0
BRDA:64,10,1,0
BRDA:64,10,2,0
BRDA:65,11,0,0
BRDA:65,11,1,0
BRDA:65,12,0,0
BRDA:65,12,1,0
BRDA:74,13,0,0
BRDA:74,13,1,0
BRDA:74,14,0,0
BRDA:74,14,1,0
BRDA:74,14,2,0
BRDA:86,15,0,0
BRDA:86,15,1,0
BRDA:86,16,0,0
BRDA:86,16,1,0
BRDA:100,17,0,0
BRDA:100,17,1,0
BRDA:105,18,0,0
BRDA:105,18,1,0
BRDA:109,19,0,0
BRDA:109,19,1,0
BRDA:117,20,0,0
BRDA:117,20,1,0
BRDA:125,21,0,0
BRDA:125,21,1,0
BRDA:125,22,0,0
BRDA:125,22,1,0
BRDA:125,22,2,0
BRDA:139,23,0,0
BRDA:139,23,1,0
BRDA:139,23,2,0
BRDA:145,24,0,0
BRDA:145,24,1,0
BRDA:153,25,0,0
BRDA:153,25,1,0
BRDA:156,26,0,0
BRDA:156,26,1,0
BRDA:156,26,2,0
BRDA:162,27,0,0
BRDA:162,27,1,0
BRDA:187,28,0,0
BRDA:187,28,1,0
BRDA:188,29,0,0
BRDA:188,29,1,0
BRDA:188,30,0,0
BRDA:188,30,1,0
BRDA:192,31,0,0
BRDA:192,31,1,0
BRDA:202,32,0,0
BRDA:202,32,1,0
BRDA:212,33,0,0
BRDA:212,33,1,0
BRDA:212,34,0,0
BRDA:212,34,1,0
BRDA:224,35,0,0
BRDA:224,35,1,0
BRDA:224,36,0,0
BRDA:224,36,1,0
BRDA:224,36,2,0
BRDA:224,36,3,0
BRDA:224,36,4,0
BRF:80
BRH:2
end_of_record
TN:
SF:C:\xampp\htdocs\desescaltor2\node_modules\diff\lib\diff\character.js
FN:11,_interopRequireDefault
FN:14,diffChars
FNF:2
FNH:1
FNDA:1,_interopRequireDefault
FNDA:0,diffChars
DA:3,1
DA:4,1
DA:5,1
DA:7,1
DA:9,1
DA:11,1
DA:13,1
DA:14,1
DA:15,0
LF:9
LH:8
BRDA:11,1,0,1
BRDA:11,1,1,0
BRDA:11,2,0,1
BRDA:11,2,1,1
BRF:4
BRH:3
end_of_record
TN:
SF:C:\xampp\htdocs\desescaltor2\node_modules\diff\lib\diff\word.js
FN:14,_interopRequireDefault
FN:39,(anonymous_2)
FN:46,(anonymous_3)
FN:62,diffWords
FN:67,diffWordsWithSpace
FNF:5
FNH:1
FNDA:1,_interopRequireDefault
FNDA:0,(anonymous_2)
FNDA:0,(anonymous_3)
FNDA:0,diffWords
FNDA:0,diffWordsWithSpace
DA:3,1
DA:4,1
DA:5,1
DA:6,1
DA:8,1
DA:10,1
DA:12,1
DA:14,1
DA:34,1
DA:36,1
DA:38,1
DA:39,1
DA:40,0
DA:41,0
DA:42,0
DA:44,0
DA:46,1
DA:47,0
DA:50,0
DA:52,0
DA:53,0
DA:54,0
DA:55,0
DA:59,0
DA:62,1
DA:63,0
DA:64,0
DA:67,1
DA:68,0
LF:29
LH:15
BRDA:14,1,0,1
BRDA:14,1,1,0
BRDA:14,2,0,1
BRDA:14,2,1,1
BRDA:40,3,0,0
BRDA:40,3,1,0
BRDA:44,4,0,0
BRDA:44,4,1,0
BRDA:44,4,2,0
BRDA:44,4,3,0
BRDA:52,5,0,0
BRDA:52,5,1,0
BRDA:52,6,0,0
BRDA:52,6,1,0
BRDA:52,6,2,0
BRDA:52,6,3,0
BRF:16
BRH:3
end_of_record
TN:
SF:C:\xampp\htdocs\desescaltor2\node_modules\diff\lib\util\params.js
FN:5,generateOptions
FNF:1
FNH:0
FNDA:0,generateOptions
DA:3,1
DA:4,1
DA:5,1
DA:6,0
DA:7,0
DA:8,0
DA:9,0
DA:11,0
DA:12,0
DA:16,0
LF:10
LH:3
BRDA:6,1,0,0
BRDA:6,1,1,0
BRDA:8,2,0,0
BRDA:8,2,1,0
BRDA:11,3,0,0
BRDA:11,3,1,0
BRF:6
BRH:1
end_of_record
TN:
SF:C:\xampp\htdocs\desescaltor2\node_modules\diff\lib\diff\line.js
FN:14,_interopRequireDefault
FN:17,(anonymous_2)
FN:43,diffLines
FN:46,diffTrimmedLines
FNF:4
FNH:1
FNDA:1,_interopRequireDefault
FNDA:0,(anonymous_2)
FNDA:0,diffLines
FNDA:0,diffTrimmedLines
DA:3,1
DA:4,1
DA:5,1
DA:6,1
DA:8,1
DA:10,1
DA:12,1
DA:14,1
DA:16,1
DA:17,1
DA:18,0
DA:22,0
DA:23,0
DA:27,0
DA:28,0
DA:30,0
DA:31,0
DA:33,0
DA:34,0
DA:36,0
DA:40,0
DA:43,1
DA:44,0
DA:46,1
DA:47,0
DA:48,0
LF:26
LH:12
BRDA:14,1,0,1
BRDA:14,1,1,0
BRDA:14,2,0,1
BRDA:14,2,1,1
BRDA:22,3,0,0
BRDA:22,3,1,0
BRDA:30,4,0,0
BRDA:30,4,1,0
BRDA:30,5,0,0
BRDA:30,5,1,0
BRDA:33,6,0,0
BRDA:33,6,1,0
BRF:12
BRH:3
end_of_record
TN:
SF:C:\xampp\htdocs\desescaltor2\node_modules\diff\lib\diff\sentence.js
FN:11,_interopRequireDefault
FN:14,(anonymous_2)
FN:18,diffSentences
FNF:3
FNH:1
FNDA:1,_interopRequireDefault
FNDA:0,(anonymous_2)
FNDA:0,diffSentences
DA:3,1
DA:4,1
DA:5,1
DA:7,1
DA:9,1
DA:11,1
DA:13,1
DA:14,1
DA:15,0
DA:18,1
DA:19,0
LF:11
LH:9
BRDA:11,1,0,1
BRDA:11,1,1,0
BRDA:11,2,0,1
BRDA:11,2,1,1
BRF:4
BRH:3
end_of_record
TN:
SF:C:\xampp\htdocs\desescaltor2\node_modules\diff\lib\diff\css.js
FN:11,_interopRequireDefault
FN:14,(anonymous_2)
FN:18,diffCss
FNF:3
FNH:1
FNDA:1,_interopRequireDefault
FNDA:0,(anonymous_2)
FNDA:0,diffCss
DA:3,1
DA:4,1
DA:5,1
DA:7,1
DA:9,1
DA:11,1
DA:13,1
DA:14,1
DA:15,0
DA:18,1
DA:19,0
LF:11
LH:9
BRDA:11,1,0,1
BRDA:11,1,1,0
BRDA:11,2,0,1
BRDA:11,2,1,1
BRF:4
BRH:3
end_of_record
TN:
SF:C:\xampp\htdocs\desescaltor2\node_modules\diff\lib\diff\json.js
FN:6,(anonymous_1)
FN:6,(anonymous_2)
FN:17,_interopRequireDefault
FN:27,(anonymous_4)
FN:31,(anonymous_5)
FN:39,(anonymous_6)
FN:44,diffJson
FN:50,canonicalize
FNF:8
FNH:1
FNDA:0,(anonymous_1)
FNDA:0,(anonymous_2)
FNDA:1,_interopRequireDefault
FNDA:0,(anonymous_4)
FNDA:0,(anonymous_5)
FNDA:0,(anonymous_6)
FNDA:0,diffJson
FNDA:0,canonicalize
DA:3,1
DA:4,1
DA:6,1
DA:8,1
DA:9,1
DA:11,1
DA:13,1
DA:15,1
DA:17,1
DA:19,1
DA:21,1
DA:24,1
DA:26,1
DA:27,1
DA:28,0
DA:32,0
DA:37,0
DA:39,1
DA:40,0
DA:44,1
DA:45,0
DA:50,1
DA:51,0
DA:52,0
DA:54,0
DA:55,0
DA:58,0
DA:60,0
DA:61,0
DA:62,0
DA:66,0
DA:68,0
DA:69,0
DA:70,0
DA:71,0
DA:72,0
DA:73,0
DA:75,0
DA:76,0
DA:77,0
DA:80,0
DA:81,0
DA:84,0
DA:85,0
DA:86,0
DA:87,0
DA:88,0
DA:90,0
DA:92,0
DA:93,0
DA:96,0
DA:97,0
DA:98,0
DA:99,0
DA:101,0
DA:102,0
DA:104,0
DA:106,0
LF:58
LH:17
BRDA:6,1,0,1
BRDA:6,1,1,0
BRDA:6,2,0,1
BRDA:6,2,1,1
BRDA:6,3,0,0
BRDA:6,3,1,0
BRDA:6,4,0,0
BRDA:6,4,1,0
BRDA:6,4,2,0
BRDA:6,4,3,0
BRDA:17,5,0,1
BRDA:17,5,1,0
BRDA:17,6,0,1
BRDA:17,6,1,1
BRDA:31,7,0,0
BRDA:31,7,1,0
BRDA:32,8,0,0
BRDA:32,8,1,0
BRDA:37,9,0,0
BRDA:37,9,1,0
BRDA:51,10,0,0
BRDA:51,10,1,0
BRDA:52,11,0,0
BRDA:52,11,1,0
BRDA:54,12,0,0
BRDA:54,12,1,0
BRDA:61,13,0,0
BRDA:61,13,1,0
BRDA:68,14,0,0
BRDA:68,14,1,0
BRDA:80,15,0,0
BRDA:80,15,1,0
BRDA:80,16,0,0
BRDA:80,16,1,0
BRDA:84,17,0,0
BRDA:84,17,1,0
BRDA:84,18,0,0
BRDA:84,18,1,0
BRDA:84,19,0,0
BRDA:84,19,1,0
BRDA:92,20,0,0
BRDA:92,20,1,0
BRF:42
BRH:7
end_of_record
TN:
SF:C:\xampp\htdocs\desescaltor2\node_modules\diff\lib\diff\array.js
FN:11,_interopRequireDefault
FN:14,(anonymous_2)
FN:17,(anonymous_3)
FN:21,diffArrays
FNF:4
FNH:1
FNDA:1,_interopRequireDefault
FNDA:0,(anonymous_2)
FNDA:0,(anonymous_3)
FNDA:0,diffArrays
DA:3,1
DA:4,1
DA:5,1
DA:7,1
DA:9,1
DA:11,1
DA:13,1
DA:14,1
DA:15,0
DA:17,1
DA:18,0
DA:21,1
DA:22,0
LF:13
LH:10
BRDA:11,1,0,1
BRDA:11,1,1,0
BRDA:11,2,0,1
BRDA:11,2,1,1
BRF:4
BRH:3
end_of_record
TN:
SF:C:\xampp\htdocs\desescaltor2\node_modules\diff\lib\patch\apply.js
FN:13,_interopRequireDefault
FN:15,applyPatch
FN:34,(anonymous_3)
FN:48,hunkFits
FN:151,applyPatches
FN:157,processIndex
FN:163,(anonymous_7)
FN:169,(anonymous_8)
FNF:8
FNH:1
FNDA:1,_interopRequireDefault
FNDA:0,applyPatch
FNDA:0,(anonymous_3)
FNDA:0,hunkFits
FNDA:0,applyPatches
FNDA:0,processIndex
FNDA:0,(anonymous_7)
FNDA:0,(anonymous_8)
DA:3,1
DA:4,1
DA:5,1
DA:7,1
DA:9,1
DA:11,1
DA:13,1
DA:15,1
DA:16,0
DA:18,0
DA:19,0
DA:22,0
DA:23,0
DA:24,0
DA:27,0
DA:31,0
DA:35,0
DA:48,1
DA:49,0
DA:50,0
DA:54,0
DA:56,0
DA:57,0
DA:59,0
DA:60,0
DA:63,0
DA:67,0
DA:71,0
DA:72,0
DA:77,0
DA:79,0
DA:80,0
DA:81,0
DA:82,0
DA:86,0
DA:87,0
DA:92,0
DA:96,0
DA:97,0
DA:98,0
DA:100,0
DA:102,0
DA:104,0
DA:107,0
DA:108,0
DA:113,0
DA:114,0
DA:115,0
DA:116,0
DA:117,0
DA:119,0
DA:120,0
DA:121,0
DA:122,0
DA:123,1
DA:124,1
DA:125,1
DA:126,1
DA:127,1
DA:128,1
DA:135,0
DA:136,0
DA:137,0
DA:138,0
DA:140,0
DA:141,0
DA:142,0
DA:144,0
DA:145,0
DA:147,0
DA:151,1
DA:152,0
DA:153,0
DA:156,0
DA:157,1
DA:158,0
DA:159,0
DA:160,0
DA:163,0
DA:164,0
DA:165,0
DA:168,0
DA:169,0
DA:170,0
DA:171,0
DA:174,0
DA:178,0
LF:87
LH:17
BRDA:13,1,0,1
BRDA:13,1,1,0
BRDA:13,2,0,1
BRDA:13,2,1,1
BRDA:16,3,0,0
BRDA:16,3,1,0
BRDA:16,4,0,0
BRDA:16,4,1,0
BRDA:18,5,0,0
BRDA:18,5,1,0
BRDA:22,6,0,0
BRDA:22,6,1,0
BRDA:23,7,0,0
BRDA:23,7,1,0
BRDA:32,8,0,0
BRDA:32,8,1,0
BRDA:34,9,0,0
BRDA:34,9,1,0
BRDA:39,10,0,0
BRDA:39,10,1,0
BRDA:51,11,0,0
BRDA:51,11,1,0
BRDA:52,12,0,0
BRDA:52,12,1,0
BRDA:54,13,0,0
BRDA:54,13,1,0
BRDA:54,14,0,0
BRDA:54,14,1,0
BRDA:56,15,0,0
BRDA:56,15,1,0
BRDA:59,16,0,0
BRDA:59,16,1,0
BRDA:80,17,0,0
BRDA:80,17,1,0
BRDA:86,18,0,0
BRDA:86,18,1,0
BRDA:102,19,0,0
BRDA:102,19,1,0
BRDA:109,20,0,0
BRDA:109,20,1,0
BRDA:110,21,0,0
BRDA:110,21,1,0
BRDA:113,22,0,0
BRDA:113,22,1,0
BRDA:115,23,0,0
BRDA:115,23,1,0
BRDA:119,24,0,0
BRDA:119,24,1,0
BRDA:123,25,0,0
BRDA:123,25,1,0
BRDA:124,26,0,0
BRDA:124,26,1,0
BRDA:125,27,0,0
BRDA:125,27,1,0
BRDA:127,28,0,0
BRDA:127,28,1,0
BRDA:135,29,0,0
BRDA:135,29,1,0
BRDA:140,30,0,0
BRDA:140,30,1,0
BRDA:152,31,0,0
BRDA:152,31,1,0
BRDA:159,32,0,0
BRDA:159,32,1,0
BRDA:164,33,0,0
BRDA:164,33,1,0
BRDA:170,34,0,0
BRDA:170,34,1,0
BRF:68
BRH:12
end_of_record
TN:
SF:C:\xampp\htdocs\desescaltor2\node_modules\diff\lib\patch\parse.js
FN:5,parsePatch
FN:13,parseIndex
FN:61,parseFileHeader
FN:79,parseHunk
FNF:4
FNH:0
FNDA:0,parsePatch
FNDA:0,parseIndex
FNDA:0,parseFileHeader
FNDA:0,parseHunk
DA:3,1
DA:4,1
DA:5,1
DA:6,0
DA:8,0
DA:13,1
DA:14,0
DA:15,0
DA:18,0
DA:19,0
DA:22,0
DA:23,0
DA:27,0
DA:28,0
DA:29,0
DA:32,0
DA:37,0
DA:38,0
DA:41,0
DA:43,0
DA:44,0
DA:46,0
DA:47,0
DA:48,0
DA:49,0
DA:50,0
DA:52,0
DA:54,0
DA:61,1
DA:62,0
DA:63,0
DA:64,0
DA:65,0
DA:66,0
DA:67,0
DA:68,0
DA:70,0
DA:71,0
DA:73,0
DA:79,1
DA:80,0
DA:84,0
DA:93,0
DA:95,0
DA:98,0
DA:99,0
DA:101,0
DA:103,0
DA:104,0
DA:105,0
DA:107,0
DA:108,0
DA:109,0
DA:110,0
DA:111,0
DA:112,0
DA:113,0
DA:116,0
DA:121,0
DA:122,0
DA:124,0
DA:125,0
DA:129,0
DA:130,0
DA:131,0
DA:133,0
DA:134,0
DA:138,0
DA:141,0
DA:142,0
DA:145,0
LF:71
LH:6
BRDA:6,1,0,0
BRDA:6,1,1,0
BRDA:6,2,0,0
BRDA:6,2,1,0
BRDA:9,3,0,0
BRDA:9,3,1,0
BRDA:22,4,0,0
BRDA:22,4,1,0
BRDA:28,5,0,0
BRDA:28,5,1,0
BRDA:46,6,0,0
BRDA:46,6,1,0
BRDA:48,7,0,0
BRDA:48,7,1,0
BRDA:50,8,0,0
BRDA:50,8,1,0
BRDA:50,9,0,0
BRDA:50,9,1,0
BRDA:63,10,0,0
BRDA:63,10,1,0
BRDA:64,11,0,0
BRDA:64,11,1,0
BRDA:67,12,0,0
BRDA:67,12,1,0
BRDA:71,13,0,0
BRDA:71,13,1,0
BRDA:86,14,0,0
BRDA:86,14,1,0
BRDA:88,15,0,0
BRDA:88,15,1,0
BRDA:98,16,0,0
BRDA:98,16,1,0
BRDA:98,17,0,0
BRDA:98,17,1,0
BRDA:98,17,2,0
BRDA:98,17,3,0
BRDA:101,18,0,0
BRDA:101,18,1,0
BRDA:101,19,0,0
BRDA:101,19,1,0
BRDA:103,20,0,0
BRDA:103,20,1,0
BRDA:103,21,0,0
BRDA:103,21,1,0
BRDA:103,21,2,0
BRDA:103,21,3,0
BRDA:105,22,0,0
BRDA:105,22,1,0
BRDA:107,23,0,0
BRDA:107,23,1,0
BRDA:109,24,0,0
BRDA:109,24,1,0
BRDA:111,25,0,0
BRDA:111,25,1,0
BRDA:121,26,0,0
BRDA:121,26,1,0
BRDA:121,27,0,0
BRDA:121,27,1,0
BRDA:124,28,0,0
BRDA:124,28,1,0
BRDA:124,29,0,0
BRDA:124,29,1,0
BRDA:129,30,0,0
BRDA:129,30,1,0
BRDA:130,31,0,0
BRDA:130,31,1,0
BRDA:133,32,0,0
BRDA:133,32,1,0
BRF:68
BRH:0
end_of_record
TN:
SF:C:\xampp\htdocs\desescaltor2\node_modules\diff\lib\util\distance-iterator.js
FN:5,(anonymous_1)
FN:11,iterator
FNF:2
FNH:0
FNDA:0,(anonymous_1)
FNDA:0,iterator
DA:3,1
DA:5,1
DA:6,0
DA:11,0
DA:12,0
DA:13,0
DA:14,0
DA:16,0
DA:21,0
DA:22,0
DA:25,0
DA:28,0
DA:29,0
DA:30,0
DA:35,0
DA:36,0
DA:39,0
DA:40,0
LF:18
LH:2
BRDA:12,1,0,0
BRDA:12,1,1,0
BRDA:12,2,0,0
BRDA:12,2,1,0
BRDA:13,3,0,0
BRDA:13,3,1,0
BRDA:21,4,0,0
BRDA:21,4,1,0
BRDA:28,5,0,0
BRDA:28,5,1,0
BRDA:29,6,0,0
BRDA:29,6,1,0
BRDA:35,7,0,0
BRDA:35,7,1,0
BRF:14
BRH:0
end_of_record
TN:
SF:C:\xampp\htdocs\desescaltor2\node_modules\diff\lib\patch\merge.js
FN:13,_toConsumableArray
FN:15,calcLineCount
FN:33,merge
FN:109,loadPatch
FN:126,fileNameChanged
FN:130,selectField
FN:139,hunkBefore
FN:143,cloneHunk
FN:151,mergeLines
FN:203,mutualChange
FN:230,removal
FN:242,conflict
FN:251,insertLeading
FN:258,insertTrailing
FN:265,collectChange
FN:286,collectContext
FN:343,allRemoves
FN:344,(anonymous_18)
FN:348,skipRemoveSuperset
FN:360,calcOldNewLineCount
FN:364,(anonymous_21)
FNF:21
FNH:0
FNDA:0,_toConsumableArray
FNDA:0,calcLineCount
FNDA:0,merge
FNDA:0,loadPatch
FNDA:0,fileNameChanged
FNDA:0,selectField
FNDA:0,hunkBefore
FNDA:0,cloneHunk
FNDA:0,mergeLines
FNDA:0,mutualChange
FNDA:0,removal
FNDA:0,conflict
FNDA:0,insertLeading
FNDA:0,insertTrailing
FNDA:0,collectChange
FNDA:0,collectContext
FNDA:0,allRemoves
FNDA:0,(anonymous_18)
FNDA:0,skipRemoveSuperset
FNDA:0,calcOldNewLineCount
FNDA:0,(anonymous_21)
DA:3,1
DA:4,1
DA:5,1
DA:7,1
DA:9,1
DA:11,1
DA:13,1
DA:15,1
DA:16,0
DA:20,0
DA:21,0
DA:23,0
DA:26,0
DA:27,0
DA:29,0
DA:33,1
DA:34,0
DA:35,0
DA:37,0
DA:42,0
DA:43,0
DA:46,0
DA:47,0
DA:49,0
DA:50,0
DA:51,0
DA:52,0
DA:53,0
DA:55,0
DA:56,0
DA:57,0
DA:58,0
DA:61,0
DA:62,0
DA:63,0
DA:64,0
DA:68,0
DA:70,0
DA:75,0
DA:76,0
DA:79,0
DA:81,0
DA:82,0
DA:83,0
DA:84,0
DA:86,0
DA:87,0
DA:88,0
DA:91,0
DA:98,0
DA:99,0
DA:100,0
DA:102,0
DA:106,0
DA:109,1
DA:110,0
DA:111,0
DA:112,0
DA:116,0
DA:117,0
DA:119,0
DA:123,0
DA:126,1
DA:127,0
DA:130,1
DA:131,0
DA:132,0
DA:134,0
DA:135,0
DA:139,1
DA:140,0
DA:143,1
DA:144,0
DA:151,1
DA:154,0
DA:158,0
DA:159,0
DA:162,0
DA:163,0
DA:166,0
DA:168,0
DA:169,0
DA:170,0
DA:173,0
DA:174,0
DA:175,0
DA:178,0
DA:179,0
DA:181,0
DA:182,0
DA:184,0
DA:185,0
DA:187,0
DA:188,0
DA:189,0
DA:192,0
DA:197,0
DA:198,0
DA:200,0
DA:203,1
DA:204,0
DA:207,0
DA:209,0
DA:210,0
DA:212,0
DA:213,0
DA:214,0
DA:215,0
DA:217,0
DA:218,0
DA:220,0
DA:221,0
DA:223,0
DA:224,0
DA:227,0
DA:230,1
DA:231,0
DA:233,0
DA:234,0
DA:236,0
DA:238,0
DA:242,1
DA:243,0
DA:244,0
DA:251,1
DA:252,0
DA:253,0
DA:254,0
DA:255,0
DA:258,1
DA:259,0
DA:260,0
DA:261,0
DA:265,1
DA:266,0
DA:268,0
DA:269,0
DA:272,0
DA:273,0
DA:276,0
DA:277,0
DA:278,0
DA:280,0
DA:284,0
DA:286,1
DA:287,0
DA:292,0
DA:293,0
DA:297,0
DA:298,0
DA:301,0
DA:303,0
DA:304,0
DA:308,0
DA:309,0
DA:311,0
DA:312,0
DA:313,0
DA:317,0
DA:318,0
DA:319,0
DA:321,0
DA:325,0
DA:326,0
DA:329,0
DA:330,0
DA:333,0
DA:334,0
DA:337,0
DA:343,1
DA:344,0
DA:345,0
DA:348,1
DA:349,0
DA:350,0
DA:351,0
DA:352,0
DA:356,0
DA:357,0
DA:360,1
DA:361,0
DA:362,0
DA:364,0
DA:365,0
DA:366,0
DA:367,0
DA:369,0
DA:370,0
DA:371,0
DA:373,0
DA:377,0
DA:378,0
DA:379,0
DA:381,0
DA:385,0
DA:386,0
DA:388,0
DA:389,0
DA:394,0
LF:199
LH:25
BRDA:13,1,0,0
BRDA:13,1,1,0
BRDA:20,2,0,0
BRDA:20,2,1,0
BRDA:26,3,0,0
BRDA:26,3,1,0
BRDA:42,4,0,0
BRDA:42,4,1,0
BRDA:42,5,0,0
BRDA:42,5,1,0
BRDA:43,6,0,0
BRDA:43,6,1,0
BRDA:46,7,0,0
BRDA:46,7,1,0
BRDA:46,8,0,0
BRDA:46,8,1,0
BRDA:47,9,0,0
BRDA:47,9,1,0
BRDA:49,10,0,0
BRDA:49,10,1,0
BRDA:50,11,0,0
BRDA:50,11,1,0
BRDA:51,12,0,0
BRDA:51,12,1,0
BRDA:52,13,0,0
BRDA:52,13,1,0
BRDA:53,14,0,0
BRDA:53,14,1,0
BRDA:75,15,0,0
BRDA:75,15,1,0
BRDA:76,16,0,0
BRDA:76,16,1,0
BRDA:77,17,0,0
BRDA:77,17,1,0
BRDA:79,18,0,0
BRDA:79,18,1,0
BRDA:84,19,0,0
BRDA:84,19,1,0
BRDA:110,20,0,0
BRDA:110,20,1,0
BRDA:111,21,0,0
BRDA:111,21,1,0
BRDA:111,22,0,0
BRDA:111,22,1,0
BRDA:116,23,0,0
BRDA:116,23,1,0
BRDA:127,24,0,0
BRDA:127,24,1,0
BRDA:131,25,0,0
BRDA:131,25,1,0
BRDA:140,26,0,0
BRDA:140,26,1,0
BRDA:162,27,0,0
BRDA:162,27,1,0
BRDA:166,28,0,0
BRDA:166,28,1,0
BRDA:166,29,0,0
BRDA:166,29,1,0
BRDA:166,29,2,0
BRDA:166,29,3,0
BRDA:169,30,0,0
BRDA:169,30,1,0
BRDA:169,31,0,0
BRDA:169,31,1,0
BRDA:174,32,0,0
BRDA:174,32,1,0
BRDA:174,33,0,0
BRDA:174,33,1,0
BRDA:179,34,0,0
BRDA:179,34,1,0
BRDA:179,35,0,0
BRDA:179,35,1,0
BRDA:182,36,0,0
BRDA:182,36,1,0
BRDA:182,37,0,0
BRDA:182,37,1,0
BRDA:185,38,0,0
BRDA:185,38,1,0
BRDA:207,39,0,0
BRDA:207,39,1,0
BRDA:207,40,0,0
BRDA:207,40,1,0
BRDA:209,41,0,0
BRDA:209,41,1,0
BRDA:209,42,0,0
BRDA:209,42,1,0
BRDA:214,43,0,0
BRDA:214,43,1,0
BRDA:214,44,0,0
BRDA:214,44,1,0
BRDA:220,45,0,0
BRDA:220,45,1,0
BRDA:233,46,0,0
BRDA:233,46,1,0
BRDA:238,47,0,0
BRDA:238,47,1,0
BRDA:238,48,0,0
BRDA:238,48,1,0
BRDA:252,49,0,0
BRDA:252,49,1,0
BRDA:272,50,0,0
BRDA:272,50,1,0
BRDA:272,51,0,0
BRDA:272,51,1,0
BRDA:276,52,0,0
BRDA:276,52,1,0
BRDA:292,53,0,0
BRDA:292,53,1,0
BRDA:297,54,0,0
BRDA:297,54,1,0
BRDA:301,55,0,0
BRDA:301,55,1,0
BRDA:308,56,0,0
BRDA:308,56,1,0
BRDA:317,57,0,0
BRDA:317,57,1,0
BRDA:325,58,0,0
BRDA:325,58,1,0
BRDA:325,59,0,0
BRDA:325,59,1,0
BRDA:325,60,0,0
BRDA:325,60,1,0
BRDA:329,61,0,0
BRDA:329,61,1,0
BRDA:345,62,0,0
BRDA:345,62,1,0
BRDA:351,63,0,0
BRDA:351,63,1,0
BRDA:365,64,0,0
BRDA:365,64,1,0
BRDA:369,65,0,0
BRDA:369,65,1,0
BRDA:370,66,0,0
BRDA:370,66,1,0
BRDA:377,67,0,0
BRDA:377,67,1,0
BRDA:378,68,0,0
BRDA:378,68,1,0
BRDA:385,69,0,0
BRDA:385,69,1,0
BRDA:385,70,0,0
BRDA:385,70,1,0
BRDA:385,70,2,0
BRDA:388,71,0,0
BRDA:388,71,1,0
BRDA:388,72,0,0
BRDA:388,72,1,0
BRDA:388,72,2,0
BRF:148
BRH:0
end_of_record
TN:
SF:C:\xampp\htdocs\desescaltor2\node_modules\diff\lib\patch\create.js
FN:10,_toConsumableArray
FN:12,structuredPatch
FN:23,contextLines
FN:24,(anonymous_4)
FN:36,_loop
FN:58,(anonymous_6)
FN:125,createTwoFilesPatch
FN:145,createPatch
FNF:8
FNH:0
FNDA:0,_toConsumableArray
FNDA:0,structuredPatch
FNDA:0,contextLines
FNDA:0,(anonymous_4)
FNDA:0,_loop
FNDA:0,(anonymous_6)
FNDA:0,createTwoFilesPatch
FNDA:0,createPatch
DA:3,1
DA:4,1
DA:5,1
DA:6,1
DA:8,1
DA:10,1
DA:12,1
DA:13,0
DA:14,0
DA:16,0
DA:17,0
DA:20,0
DA:21,0
DA:23,1
DA:24,0
DA:25,0
DA:29,0
DA:30,0
DA:36,0
DA:37,0
DA:39,0
DA:41,0
DA:42,0
DA:45,0
DA:46,0
DA:47,0
DA:48,0
DA:50,0
DA:51,0
DA:52,0
DA:53,0
DA:58,0
DA:59,0
DA:63,0
DA:64,0
DA:66,0
DA:70,0
DA:72,0
DA:73,0
DA:76,0
DA:78,0
DA:81,0
DA:82,0
DA:84,0
DA:91,0
DA:93,0
DA:94,0
DA:95,0
DA:97,0
DA:98,0
DA:99,0
DA:102,0
DA:104,0
DA:105,0
DA:106,0
DA:109,0
DA:110,0
DA:114,0
DA:115,0
DA:118,0
DA:125,1
DA:126,0
DA:128,0
DA:129,0
DA:130,0
DA:132,0
DA:133,0
DA:134,0
DA:136,0
DA:137,0
DA:138,0
DA:139,0
DA:142,0
DA:145,1
DA:146,0
LF:75
LH:10
BRDA:10,1,0,0
BRDA:10,1,1,0
BRDA:13,2,0,0
BRDA:13,2,1,0
BRDA:16,3,0,0
BRDA:16,3,1,0
BRDA:38,4,0,0
BRDA:38,4,1,0
BRDA:41,5,0,0
BRDA:41,5,1,0
BRDA:41,6,0,0
BRDA:41,6,1,0
BRDA:45,7,0,0
BRDA:45,7,1,0
BRDA:50,8,0,0
BRDA:50,8,1,0
BRDA:51,9,0,0
BRDA:51,9,1,0
BRDA:59,10,0,0
BRDA:59,10,1,0
BRDA:63,11,0,0
BRDA:63,11,1,0
BRDA:70,12,0,0
BRDA:70,12,1,0
BRDA:72,13,0,0
BRDA:72,13,1,0
BRDA:72,14,0,0
BRDA:72,14,1,0
BRDA:91,15,0,0
BRDA:91,15,1,0
BRDA:91,16,0,0
BRDA:91,16,1,0
BRDA:95,17,0,0
BRDA:95,17,1,0
BRDA:95,18,0,0
BRDA:95,18,1,0
BRDA:98,19,0,0
BRDA:98,19,1,0
BRDA:98,20,0,0
BRDA:98,20,1,0
BRDA:129,21,0,0
BRDA:129,21,1,0
BRDA:133,22,0,0
BRDA:133,22,1,0
BRDA:134,23,0,0
BRDA:134,23,1,0
BRF:46
BRH:0
end_of_record
TN:
SF:C:\xampp\htdocs\desescaltor2\node_modules\diff\lib\util\array.js
FN:6,arrayEqual
FN:14,arrayStartsWith
FNF:2
FNH:0
FNDA:0,arrayEqual
FNDA:0,arrayStartsWith
DA:3,1
DA:4,1
DA:5,1
DA:6,1
DA:7,0
DA:8,0
DA:11,0
DA:14,1
DA:15,0
DA:16,0
DA:19,0
DA:20,0
DA:21,0
DA:25,0
LF:14
LH:5
BRDA:7,1,0,0
BRDA:7,1,1,0
BRDA:15,2,0,0
BRDA:15,2,1,0
BRDA:20,3,0,0
BRDA:20,3,1,0
BRF:6
BRH:0
end_of_record
TN:
SF:C:\xampp\htdocs\desescaltor2\node_modules\diff\lib\convert\dmp.js
FN:6,convertChangesToDMP
FNF:1
FNH:0
FNDA:0,convertChangesToDMP
DA:3,1
DA:4,1
DA:6,1
DA:7,0
DA:10,0
DA:11,0
DA:12,0
DA:13,0
DA:14,0
DA:15,0
DA:17,0
DA:20,0
DA:22,0
LF:13
LH:3
BRDA:12,1,0,0
BRDA:12,1,1,0
BRDA:14,2,0,0
BRDA:14,2,1,0
BRF:4
BRH:0
end_of_record
TN:
SF:C:\xampp\htdocs\desescaltor2\node_modules\diff\lib\convert\xml.js
FN:5,convertChangesToXML
FN:26,escapeHTML
FNF:2
FNH:0
FNDA:0,convertChangesToXML
FNDA:0,escapeHTML
DA:3,1
DA:4,1
DA:5,1
DA:6,0
DA:7,0
DA:8,0
DA:9,0
DA:10,0
DA:11,0
DA:12,0
DA:15,0
DA:17,0
DA:18,0
DA:19,0
DA:20,0
DA:23,0
DA:26,1
DA:27,0
DA:28,0
DA:29,0
DA:30,0
DA:31,0
DA:33,0
LF:23
LH:4
BRDA:9,1,0,0
BRDA:9,1,1,0
BRDA:11,2,0,0
BRDA:11,2,1,0
BRDA:17,3,0,0
BRDA:17,3,1,0
BRDA:19,4,0,0
BRDA:19,4,1,0
BRF:8
BRH:0
end_of_record
TN:
SF:C:\xampp\htdocs\desescaltor2\node_modules\mocha\lib\ms.js
FN:24,(anonymous_1)
FN:38,parse
FN:82,format
FNF:3
FNH:2
FNDA:1,(anonymous_1)
FNDA:0,parse
FNDA:1,format
DA:9,1
DA:10,1
DA:11,1
DA:12,1
DA:13,1
DA:24,1
DA:25,1
DA:26,0
DA:28,1
DA:38,1
DA:39,0
DA:42,0
DA:43,0
DA:45,0
DA:46,0
DA:47,0
DA:51,0
DA:55,0
DA:59,0
DA:63,0
DA:67,0
DA:69,0
DA:82,1
DA:83,1
DA:84,0
DA:86,1
DA:87,0
DA:89,1
DA:90,0
DA:92,1
DA:93,0
DA:95,1
LF:32
LH:15
BRDA:25,1,0,0
BRDA:25,1,1,1
BRDA:42,2,0,0
BRDA:42,2,1,0
BRDA:46,3,0,0
BRDA:46,3,1,0
BRDA:47,4,0,0
BRDA:47,4,1,0
BRDA:47,4,2,0
BRDA:47,4,3,0
BRDA:47,4,4,0
BRDA:47,4,5,0
BRDA:47,4,6,0
BRDA:47,4,7,0
BRDA:47,4,8,0
BRDA:47,4,9,0
BRDA:47,4,10,0
BRDA:47,4,11,0
BRDA:47,4,12,0
BRDA:47,4,13,0
BRDA:47,4,14,0
BRDA:47,4,15,0
BRDA:47,4,16,0
BRDA:83,5,0,0
BRDA:83,5,1,1
BRDA:86,6,0,0
BRDA:86,6,1,1
BRDA:89,7,0,0
BRDA:89,7,1,1
BRDA:92,8,0,0
BRDA:92,8,1,1
BRF:31
BRH:5
end_of_record
TN:
SF:C:\xampp\htdocs\desescaltor2\node_modules\mocha\lib\utils.js
FN:33,(anonymous_1)
FN:44,(anonymous_2)
FN:56,(anonymous_3)
FN:58,(anonymous_4)
FN:60,(anonymous_5)
FN:75,ignored
FN:88,(anonymous_7)
FN:97,(anonymous_8)
FN:116,(anonymous_9)
FN:129,(anonymous_10)
FN:158,(anonymous_11)
FN:162,(anonymous_12)
FN:181,highlight
FN:205,(anonymous_14)
FN:226,emptyRepresentation
FN:260,type
FN:289,(anonymous_17)
FN:305,(anonymous_18)
FN:336,jsonStringify
FN:351,repeat
FN:355,_stringify
FN:432,canonicalize
FN:438,withStack
FN:457,(anonymous_24)
FN:458,(anonymous_25)
FN:477,(anonymous_26)
FN:480,(anonymous_27)
FN:510,lookupFiles
FN:535,(anonymous_29)
FN:570,(anonymous_30)
FN:583,(anonymous_31)
FN:596,(anonymous_32)
FN:611,isMochaInternal
FN:620,isNodeInternal
FN:631,(anonymous_35)
FN:634,(anonymous_36)
FN:662,isPromise
FN:670,(anonymous_38)
FNF:38
FNH:4
FNDA:0,(anonymous_1)
FNDA:4,(anonymous_2)
FNDA:0,(anonymous_3)
FNDA:0,(anonymous_4)
FNDA:0,(anonymous_5)
FNDA:0,ignored
FNDA:0,(anonymous_7)
FNDA:0,(anonymous_8)
FNDA:0,(anonymous_9)
FNDA:0,(anonymous_10)
FNDA:0,(anonymous_11)
FNDA:0,(anonymous_12)
FNDA:0,highlight
FNDA:0,(anonymous_14)
FNDA:0,emptyRepresentation
FNDA:0,type
FNDA:0,(anonymous_17)
FNDA:0,(anonymous_18)
FNDA:0,jsonStringify
FNDA:0,repeat
FNDA:0,_stringify
FNDA:0,canonicalize
FNDA:0,withStack
FNDA:0,(anonymous_24)
FNDA:0,(anonymous_25)
FNDA:0,(anonymous_26)
FNDA:0,(anonymous_27)
FNDA:1,lookupFiles
FNDA:4,(anonymous_29)
FNDA:0,(anonymous_30)
FNDA:0,(anonymous_31)
FNDA:1,(anonymous_32)
FNDA:0,isMochaInternal
FNDA:0,isNodeInternal
FNDA:0,(anonymous_35)
FNDA:0,(anonymous_36)
FNDA:0,isPromise
FNDA:0,(anonymous_38)
DA:11,1
DA:12,1
DA:13,1
DA:14,1
DA:15,1
DA:16,1
DA:22,1
DA:24,1
DA:33,1
DA:34,0
DA:44,1
DA:45,4
DA:56,1
DA:57,0
DA:58,0
DA:59,0
DA:60,0
DA:61,0
DA:62,0
DA:75,1
DA:76,0
DA:88,1
DA:89,0
DA:90,0
DA:92,0
DA:94,0
DA:98,0
DA:99,0
DA:100,0
DA:101,0
DA:102,0
DA:106,0
DA:116,1
DA:117,0
DA:129,1
DA:130,0
DA:139,0
DA:140,0
DA:141,0
DA:146,0
DA:148,0
DA:158,1
DA:159,0
DA:163,0
DA:164,0
DA:165,0
DA:168,0
DA:170,0
DA:181,1
DA:182,0
DA:205,1
DA:206,0
DA:207,0
DA:208,0
DA:226,1
DA:227,0
DA:229,0
DA:231,0
DA:233,0
DA:235,0
DA:260,1
DA:261,0
DA:262,0
DA:263,0
DA:264,0
DA:265,0
DA:266,0
DA:268,0
DA:289,1
DA:290,0
DA:292,0
DA:293,0
DA:294,0
DA:296,0
DA:304,0
DA:305,0
DA:306,0
DA:307,0
DA:309,0
DA:311,0
DA:315,0
DA:316,0
DA:317,0
DA:324,0
DA:336,1
DA:337,0
DA:339,0
DA:342,0
DA:343,0
DA:344,0
DA:345,0
DA:346,0
DA:351,1
DA:352,0
DA:355,1
DA:356,0
DA:359,0
DA:360,0
DA:363,0
DA:364,0
DA:369,0
DA:373,0
DA:375,0
DA:376,0
DA:377,0
DA:379,0
DA:381,0
DA:382,0
DA:383,0
DA:385,0
DA:390,0
DA:393,0
DA:394,0
DA:395,0
DA:397,0
DA:398,0
DA:406,0
DA:432,1
DA:433,0
DA:435,0
DA:437,0
DA:438,1
DA:439,0
DA:440,0
DA:441,0
DA:444,0
DA:446,0
DA:447,0
DA:450,0
DA:454,0
DA:455,0
DA:457,0
DA:458,0
DA:459,0
DA:462,0
DA:465,0
DA:466,0
DA:467,0
DA:470,0
DA:471,0
DA:472,0
DA:476,0
DA:477,0
DA:478,0
DA:481,0
DA:484,0
DA:490,0
DA:491,0
DA:493,0
DA:496,0
DA:510,1
DA:511,1
DA:513,1
DA:514,0
DA:515,0
DA:517,0
DA:518,0
DA:519,0
DA:521,0
DA:525,1
DA:526,1
DA:527,1
DA:528,0
DA:532,0
DA:535,1
DA:536,4
DA:537,4
DA:538,4
DA:539,4
DA:540,0
DA:541,0
DA:543,0
DA:547,0
DA:549,4
DA:550,0
DA:554,4
DA:555,4
DA:556,3
DA:558,1
DA:561,1
DA:570,1
DA:571,0
DA:583,1
DA:584,0
DA:596,1
DA:598,1
DA:599,1
DA:600,1
DA:601,1
DA:602,1
DA:604,0
DA:608,0
DA:611,1
DA:612,0
DA:620,1
DA:621,0
DA:631,1
DA:632,0
DA:634,0
DA:635,0
DA:636,0
DA:639,0
DA:640,0
DA:644,0
DA:645,0
DA:648,0
DA:649,0
DA:652,0
DA:662,1
DA:663,0
DA:670,1
LF:211
LH:57
BRDA:61,1,0,0
BRDA:61,1,1,0
BRDA:89,2,0,0
BRDA:89,2,1,0
BRDA:90,3,0,0
BRDA:90,3,1,0
BRDA:99,4,0,0
BRDA:99,4,1,0
BRDA:101,5,0,0
BRDA:101,5,1,0
BRDA:142,6,0,0
BRDA:142,6,1,0
BRDA:142,7,0,0
BRDA:142,7,1,0
BRDA:227,8,0,0
BRDA:227,8,1,0
BRDA:227,8,2,0
BRDA:227,8,3,0
BRDA:261,9,0,0
BRDA:261,9,1,0
BRDA:263,10,0,0
BRDA:263,10,1,0
BRDA:265,11,0,0
BRDA:265,11,1,0
BRDA:292,12,0,0
BRDA:292,12,1,0
BRDA:293,13,0,0
BRDA:293,13,1,0
BRDA:297,14,0,0
BRDA:297,14,1,0
BRDA:297,15,0,0
BRDA:297,15,1,0
BRDA:304,16,0,0
BRDA:304,16,1,0
BRDA:304,17,0,0
BRDA:304,17,1,0
BRDA:316,18,0,0
BRDA:316,18,1,0
BRDA:337,19,0,0
BRDA:337,19,1,0
BRDA:342,20,0,0
BRDA:342,20,1,0
BRDA:344,21,0,0
BRDA:344,21,1,0
BRDA:345,22,0,0
BRDA:345,22,1,0
BRDA:347,23,0,0
BRDA:347,23,1,0
BRDA:356,24,0,0
BRDA:356,24,1,0
BRDA:356,24,2,0
BRDA:356,24,3,0
BRDA:356,24,4,0
BRDA:356,24,5,0
BRDA:356,24,6,0
BRDA:356,24,7,0
BRDA:356,24,8,0
BRDA:356,24,9,0
BRDA:356,24,10,0
BRDA:370,25,0,0
BRDA:370,25,1,0
BRDA:370,26,0,0
BRDA:370,26,1,0
BRDA:375,27,0,0
BRDA:375,27,1,0
BRDA:381,28,0,0
BRDA:381,28,1,0
BRDA:381,29,0,0
BRDA:381,29,1,0
BRDA:386,30,0,0
BRDA:386,30,1,0
BRDA:386,31,0,0
BRDA:386,31,1,0
BRDA:394,32,0,0
BRDA:394,32,1,0
BRDA:401,33,0,0
BRDA:401,33,1,0
BRDA:403,34,0,0
BRDA:403,34,1,0
BRDA:409,35,0,0
BRDA:409,35,1,0
BRDA:437,36,0,0
BRDA:437,36,1,0
BRDA:444,37,0,0
BRDA:444,37,1,0
BRDA:446,38,0,0
BRDA:446,38,1,0
BRDA:450,39,0,0
BRDA:450,39,1,0
BRDA:450,39,2,0
BRDA:450,39,3,0
BRDA:450,39,4,0
BRDA:450,39,5,0
BRDA:450,39,6,0
BRDA:450,39,7,0
BRDA:450,39,8,0
BRDA:450,39,9,0
BRDA:450,39,10,0
BRDA:450,39,11,0
BRDA:470,40,0,0
BRDA:470,40,1,0
BRDA:476,41,0,0
BRDA:476,41,1,0
BRDA:513,42,0,0
BRDA:513,42,1,1
BRDA:514,43,0,0
BRDA:514,43,1,0
BRDA:518,44,0,0
BRDA:518,44,1,0
BRDA:527,45,0,0
BRDA:527,45,1,1
BRDA:539,46,0,0
BRDA:539,46,1,4
BRDA:540,47,0,0
BRDA:540,47,1,0
BRDA:549,48,0,0
BRDA:549,48,1,4
BRDA:555,49,0,3
BRDA:555,49,1,1
BRDA:555,50,0,4
BRDA:555,50,1,4
BRDA:555,50,2,1
BRDA:584,51,0,0
BRDA:584,51,1,0
BRDA:598,52,0,1
BRDA:598,52,1,0
BRDA:601,53,0,1
BRDA:601,53,1,0
BRDA:604,54,0,0
BRDA:604,54,1,0
BRDA:613,55,0,0
BRDA:613,55,1,0
BRDA:613,55,2,0
BRDA:613,55,3,0
BRDA:622,56,0,0
BRDA:622,56,1,0
BRDA:622,56,2,0
BRDA:622,56,3,0
BRDA:622,56,4,0
BRDA:622,56,5,0
BRDA:635,57,0,0
BRDA:635,57,1,0
BRDA:639,58,0,0
BRDA:639,58,1,0
BRDA:639,59,0,0
BRDA:639,59,1,0
BRDA:644,60,0,0
BRDA:644,60,1,0
BRDA:663,61,0,0
BRDA:663,61,1,0
BRF:150
BRH:11
end_of_record
TN:
SF:C:\xampp\htdocs\desescaltor2\node_modules\mocha\node_modules\debug\src\index.js
FNF:0
FNH:0
DA:6,1
DA:7,0
DA:9,1
LF:3
LH:2
BRDA:6,1,0,0
BRDA:6,1,1,1
BRDA:6,2,0,1
BRDA:6,2,1,1
BRF:4
BRH:3
end_of_record
TN:
SF:C:\xampp\htdocs\desescaltor2\node_modules\mocha\node_modules\debug\src\node.js
FN:49,(anonymous_1)
FN:51,(anonymous_2)
FN:56,(anonymous_3)
FN:73,useColors
FN:83,(anonymous_5)
FN:86,(anonymous_6)
FN:95,(anonymous_7)
FN:106,formatArgs
FN:122,getDate
FN:134,log
FN:145,save
FN:162,load
FN:173,init
FNF:13
FNH:5
FNDA:48,(anonymous_1)
FNDA:0,(anonymous_2)
FNDA:0,(anonymous_3)
FNDA:4,useColors
FNDA:0,(anonymous_5)
FNDA:0,(anonymous_6)
FNDA:0,(anonymous_7)
FNDA:0,formatArgs
FNDA:0,getDate
FNDA:0,log
FNDA:1,save
FNDA:1,load
FNDA:4,init
DA:5,1
DA:6,1
DA:14,1
DA:15,1
DA:16,1
DA:17,1
DA:18,1
DA:19,1
DA:20,1
DA:26,1
DA:28,1
DA:29,1
DA:30,1
DA:31,0
DA:49,1
DA:50,48
DA:53,0
DA:56,0
DA:59,0
DA:60,0
DA:61,0
DA:62,0
DA:63,0
DA:65,0
DA:66,0
DA:73,1
DA:74,4
DA:83,1
DA:84,0
DA:85,0
DA:87,0
DA:95,1
DA:96,0
DA:97,0
DA:106,1
DA:107,0
DA:108,0
DA:110,0
DA:111,0
DA:112,0
DA:113,0
DA:115,0
DA:116,0
DA:118,0
DA:122,1
DA:123,0
DA:124,0
DA:126,0
DA:134,1
DA:135,0
DA:145,1
DA:146,1
DA:149,1
DA:151,0
DA:162,1
DA:163,1
DA:173,1
DA:174,4
DA:176,4
DA:177,4
DA:178,0
DA:186,1
LF:62
LH:32
BRDA:30,1,0,0
BRDA:30,1,1,1
BRDA:30,2,0,1
BRDA:30,2,1,1
BRDA:60,3,0,0
BRDA:60,3,1,0
BRDA:61,4,0,0
BRDA:61,4,1,0
BRDA:62,5,0,0
BRDA:62,5,1,0
BRDA:74,6,0,0
BRDA:74,6,1,4
BRDA:110,7,0,0
BRDA:110,7,1,0
BRDA:112,8,0,0
BRDA:112,8,1,0
BRDA:123,9,0,0
BRDA:123,9,1,0
BRDA:146,10,0,1
BRDA:146,10,1,0
BRF:20
BRH:5
end_of_record
TN:
SF:C:\xampp\htdocs\desescaltor2\node_modules\mocha\node_modules\debug\src\debug.js
FN:43,selectColor
FN:62,createDebug
FN:66,debug
FN:95,(anonymous_4)
FN:134,destroy
FN:152,enable
FN:184,disable
FN:196,enabled
FN:222,coerce
FNF:9
FNH:5
FNDA:4,selectColor
FNDA:4,createDebug
FNDA:25,debug
FNDA:0,(anonymous_4)
FNDA:0,destroy
FNDA:1,enable
FNDA:0,disable
FNDA:4,enabled
FNDA:0,coerce
DA:9,1
DA:10,1
DA:11,1
DA:12,1
DA:13,1
DA:14,1
DA:19,1
DA:25,1
DA:26,1
DA:34,1
DA:43,1
DA:44,4
DA:46,4
DA:47,48
DA:48,48
DA:51,4
DA:62,1
DA:64,4
DA:66,1
DA:68,25
DA:70,0
DA:73,0
DA:74,0
DA:75,0
DA:76,0
DA:77,0
DA:78,0
DA:81,0
DA:82,0
DA:83,0
DA:86,0
DA:88,0
DA:90,0
DA:94,0
DA:95,0
DA:97,0
DA:98,0
DA:99,0
DA:100,0
DA:101,0
DA:102,0
DA:105,0
DA:106,0
DA:108,0
DA:112,0
DA:114,0
DA:115,0
DA:118,4
DA:119,4
DA:120,4
DA:121,4
DA:122,4
DA:125,4
DA:126,4
DA:129,4
DA:131,4
DA:134,1
DA:135,0
DA:136,0
DA:137,0
DA:138,0
DA:140,0
DA:152,1
DA:153,1
DA:155,1
DA:156,1
DA:158,1
DA:159,1
DA:160,1
DA:162,1
DA:163,1
DA:164,0
DA:165,0
DA:166,0
DA:168,0
DA:172,1
DA:173,0
DA:174,0
DA:184,1
DA:185,0
DA:196,1
DA:197,4
DA:198,0
DA:200,4
DA:201,4
DA:202,0
DA:203,0
DA:206,4
DA:207,0
DA:208,0
DA:211,4
DA:222,1
DA:223,0
DA:224,0
LF:94
LH:48
BRDA:68,1,0,25
BRDA:68,1,1,0
BRDA:74,2,0,0
BRDA:74,2,1,0
BRDA:88,3,0,0
BRDA:88,3,1,0
BRDA:97,4,0,0
BRDA:97,4,1,0
BRDA:100,5,0,0
BRDA:100,5,1,0
BRDA:114,6,0,0
BRDA:114,6,1,0
BRDA:114,6,2,0
BRDA:125,7,0,4
BRDA:125,7,1,0
BRDA:136,8,0,0
BRDA:136,8,1,0
BRDA:159,9,0,0
BRDA:159,9,1,1
BRDA:163,10,0,1
BRDA:163,10,1,0
BRDA:165,11,0,0
BRDA:165,11,1,0
BRDA:197,12,0,0
BRDA:197,12,1,4
BRDA:202,13,0,0
BRDA:202,13,1,0
BRDA:207,14,0,0
BRDA:207,14,1,0
BRDA:223,15,0,0
BRDA:223,15,1,0
BRDA:223,16,0,0
BRDA:223,16,1,0
BRF:33
BRH:5
end_of_record
TN:
SF:C:\xampp\htdocs\desescaltor2\node_modules\ms\index.js
FN:25,(anonymous_1)
FN:47,parse
FN:108,fmtShort
FN:132,fmtLong
FN:144,plural
FNF:5
FNH:0
FNDA:0,(anonymous_1)
FNDA:0,parse
FNDA:0,fmtShort
FNDA:0,fmtLong
FNDA:0,plural
DA:5,1
DA:6,1
DA:7,1
DA:8,1
DA:9,1
DA:25,1
DA:26,0
DA:27,0
DA:28,0
DA:29,0
DA:30,0
DA:31,0
DA:33,0
DA:47,1
DA:48,0
DA:49,0
DA:50,0
DA:52,0
DA:55,0
DA:56,0
DA:58,0
DA:59,0
DA:60,0
DA:66,0
DA:70,0
DA:76,0
DA:82,0
DA:88,0
DA:94,0
DA:96,0
DA:108,1
DA:109,0
DA:110,0
DA:112,0
DA:113,0
DA:115,0
DA:116,0
DA:118,0
DA:119,0
DA:121,0
DA:132,1
DA:133,0
DA:144,1
DA:145,0
DA:146,0
DA:148,0
DA:149,0
DA:151,0
LF:48
LH:10
BRDA:26,1,0,0
BRDA:26,1,1,0
BRDA:28,2,0,0
BRDA:28,2,1,0
BRDA:28,3,0,0
BRDA:28,3,1,0
BRDA:30,4,0,0
BRDA:30,4,1,0
BRDA:30,5,0,0
BRDA:30,5,1,0
BRDA:31,6,0,0
BRDA:31,6,1,0
BRDA:49,7,0,0
BRDA:49,7,1,0
BRDA:55,8,0,0
BRDA:55,8,1,0
BRDA:59,9,0,0
BRDA:59,9,1,0
BRDA:60,10,0,0
BRDA:60,10,1,0
BRDA:60,10,2,0
BRDA:60,10,3,0
BRDA:60,10,4,0
BRDA:60,10,5,0
BRDA:60,10,6,0
BRDA:60,10,7,0
BRDA:60,10,8,0
BRDA:60,10,9,0
BRDA:60,10,10,0
BRDA:60,10,11,0
BRDA:60,10,12,0
BRDA:60,10,13,0
BRDA:60,10,14,0
BRDA:60,10,15,0
BRDA:60,10,16,0
BRDA:60,10,17,0
BRDA:60,10,18,0
BRDA:60,10,19,0
BRDA:60,10,20,0
BRDA:60,10,21,0
BRDA:60,10,22,0
BRDA:60,10,23,0
BRDA:60,10,24,0
BRDA:60,10,25,0
BRDA:60,10,26,0
BRDA:60,10,27,0
BRDA:60,10,28,0
BRDA:109,11,0,0
BRDA:109,11,1,0
BRDA:112,12,0,0
BRDA:112,12,1,0
BRDA:115,13,0,0
BRDA:115,13,1,0
BRDA:118,14,0,0
BRDA:118,14,1,0
BRDA:133,15,0,0
BRDA:133,15,1,0
BRDA:133,15,2,0
BRDA:133,15,3,0
BRDA:133,15,4,0
BRDA:145,16,0,0
BRDA:145,16,1,0
BRDA:148,17,0,0
BRDA:148,17,1,0
BRF:64
BRH:0
end_of_record
TN:
SF:C:\xampp\htdocs\desescaltor2\node_modules\supports-color\index.js
FN:22,translateLevel
FN:35,supportsColor
FN:122,getSupportLevel
FNF:3
FNH:3
FNDA:2,translateLevel
FNDA:2,supportsColor
FNDA:2,getSupportLevel
DA:2,1
DA:3,1
DA:5,1
DA:7,1
DA:8,1
DA:11,0
DA:12,1
DA:16,0
DA:18,1
DA:19,0
DA:22,1
DA:23,2
DA:24,0
DA:27,2
DA:35,1
DA:36,2
DA:37,0
DA:40,2
DA:43,0
DA:46,2
DA:47,0
DA:50,2
DA:51,0
DA:54,2
DA:56,2
DA:63,2
DA:64,2
DA:69,2
DA:72,0
DA:75,0
DA:76,0
DA:77,0
DA:80,0
DA:83,0
DA:84,0
DA:87,0
DA:88,0
DA:91,0
DA:92,0
DA:94,0
DA:96,0
DA:98,0
DA:103,0
DA:104,0
DA:107,0
DA:108,0
DA:111,0
DA:112,0
DA:115,0
DA:116,0
DA:119,0
DA:122,1
DA:123,2
DA:124,2
DA:127,1
LF:55
LH:24
BRDA:8,1,0,0
BRDA:8,1,1,1
BRDA:8,2,0,1
BRDA:8,2,1,1
BRDA:8,2,2,1
BRDA:12,3,0,0
BRDA:12,3,1,1
BRDA:12,4,0,1
BRDA:12,4,1,1
BRDA:12,4,2,1
BRDA:12,4,3,1
BRDA:18,5,0,0
BRDA:18,5,1,1
BRDA:19,6,0,0
BRDA:19,6,1,0
BRDA:23,7,0,0
BRDA:23,7,1,2
BRDA:36,8,0,0
BRDA:36,8,1,2
BRDA:40,9,0,0
BRDA:40,9,1,2
BRDA:40,10,0,2
BRDA:40,10,1,2
BRDA:40,10,2,2
BRDA:46,11,0,0
BRDA:46,11,1,2
BRDA:50,12,0,0
BRDA:50,12,1,2
BRDA:50,13,0,2
BRDA:50,13,1,2
BRDA:50,13,2,0
BRDA:54,14,0,0
BRDA:54,14,1,2
BRDA:56,15,0,2
BRDA:56,15,1,0
BRDA:64,16,0,2
BRDA:64,16,1,0
BRDA:65,17,0,2
BRDA:65,17,1,2
BRDA:65,17,2,2
BRDA:69,18,0,2
BRDA:69,18,1,0
BRDA:75,19,0,0
BRDA:75,19,1,0
BRDA:76,20,0,0
BRDA:76,20,1,0
BRDA:76,21,0,0
BRDA:76,21,1,0
BRDA:83,22,0,0
BRDA:83,22,1,0
BRDA:84,23,0,0
BRDA:84,23,1,0
BRDA:87,24,0,0
BRDA:87,24,1,0
BRDA:91,25,0,0
BRDA:91,25,1,0
BRDA:92,26,0,0
BRDA:92,26,1,0
BRDA:94,27,0,0
BRDA:94,27,1,0
BRDA:96,28,0,0
BRDA:96,28,1,0
BRDA:103,29,0,0
BRDA:103,29,1,0
BRDA:107,30,0,0
BRDA:107,30,1,0
BRDA:111,31,0,0
BRDA:111,31,1,0
BRDA:115,32,0,0
BRDA:115,32,1,0
BRF:70
BRH:27
end_of_record
TN:
SF:C:\xampp\htdocs\desescaltor2\node_modules\has-flag\index.js
FNF:0
FNH:0
DA:2,1
DA:3,15
DA:4,15
DA:5,15
DA:6,15
DA:7,15
LF:6
LH:6
BRDA:3,1,0,15
BRDA:3,1,1,15
BRDA:4,2,0,0
BRDA:4,2,1,15
BRDA:4,3,0,0
BRDA:4,3,1,15
BRDA:7,4,0,15
BRDA:7,4,1,0
BRDA:7,5,0,0
BRDA:7,5,1,0
BRF:10
BRH:5
end_of_record
TN:
SF:C:\xampp\htdocs\desescaltor2\node_modules\glob\glob.js
FN:65,glob
FN:84,extend
FN:97,(anonymous_3)
FN:120,Glob
FN:150,(anonymous_5)
FN:174,done
FN:178,(anonymous_7)
FN:188,(anonymous_8)
FN:200,(anonymous_9)
FN:214,next
FN:220,(anonymous_11)
FN:233,(anonymous_12)
FN:238,(anonymous_13)
FN:254,(anonymous_14)
FN:258,(anonymous_15)
FN:262,(anonymous_16)
FN:267,(anonymous_17)
FN:274,(anonymous_18)
FN:298,(anonymous_19)
FN:368,(anonymous_20)
FN:370,(anonymous_21)
FN:375,(anonymous_22)
FN:454,(anonymous_23)
FN:492,(anonymous_24)
FN:508,lstatcb_
FN:525,(anonymous_26)
FN:550,readdirCb
FN:551,(anonymous_28)
FN:559,(anonymous_29)
FN:581,(anonymous_30)
FN:623,(anonymous_31)
FN:625,(anonymous_32)
FN:631,(anonymous_33)
FN:671,(anonymous_34)
FN:675,(anonymous_35)
FN:679,(anonymous_36)
FN:710,(anonymous_37)
FN:753,lstatcb_
FN:757,(anonymous_39)
FN:769,(anonymous_40)
FNF:40
FNH:0
FNDA:0,glob
FNDA:0,extend
FNDA:0,(anonymous_3)
FNDA:0,Glob
FNDA:0,(anonymous_5)
FNDA:0,done
FNDA:0,(anonymous_7)
FNDA:0,(anonymous_8)
FNDA:0,(anonymous_9)
FNDA:0,next
FNDA:0,(anonymous_11)
FNDA:0,(anonymous_12)
FNDA:0,(anonymous_13)
FNDA:0,(anonymous_14)
FNDA:0,(anonymous_15)
FNDA:0,(anonymous_16)
FNDA:0,(anonymous_17)
FNDA:0,(anonymous_18)
FNDA:0,(anonymous_19)
FNDA:0,(anonymous_20)
FNDA:0,(anonymous_21)
FNDA:0,(anonymous_22)
FNDA:0,(anonymous_23)
FNDA:0,(anonymous_24)
FNDA:0,lstatcb_
FNDA:0,(anonymous_26)
FNDA:0,readdirCb
FNDA:0,(anonymous_28)
FNDA:0,(anonymous_29)
FNDA:0,(anonymous_30)
FNDA:0,(anonymous_31)
FNDA:0,(anonymous_32)
FNDA:0,(anonymous_33)
FNDA:0,(anonymous_34)
FNDA:0,(anonymous_35)
FNDA:0,(anonymous_36)
FNDA:0,(anonymous_37)
FNDA:0,lstatcb_
FNDA:0,(anonymous_39)
FNDA:0,(anonymous_40)
DA:41,1
DA:43,1
DA:44,1
DA:45,1
DA:46,1
DA:47,1
DA:48,1
DA:49,1
DA:50,1
DA:51,1
DA:52,1
DA:53,1
DA:54,1
DA:55,1
DA:56,1
DA:57,1
DA:58,1
DA:59,1
DA:60,1
DA:61,1
DA:63,1
DA:65,1
DA:66,0
DA:67,0
DA:69,0
DA:70,0
DA:71,0
DA:72,0
DA:75,0
DA:78,1
DA:79,1
DA:82,1
DA:84,1
DA:85,0
DA:86,0
DA:89,0
DA:90,0
DA:91,0
DA:92,0
DA:94,0
DA:97,1
DA:98,0
DA:99,0
DA:101,0
DA:102,0
DA:104,0
DA:105,0
DA:107,0
DA:108,0
DA:110,0
DA:111,0
DA:112,0
DA:115,0
DA:118,1
DA:119,1
DA:120,1
DA:121,0
DA:122,0
DA:123,0
DA:126,0
DA:127,0
DA:128,0
DA:129,0
DA:132,0
DA:133,0
DA:135,0
DA:136,0
DA:139,0
DA:145,0
DA:147,0
DA:148,0
DA:149,0
DA:150,0
DA:151,0
DA:155,0
DA:156,0
DA:158,0
DA:159,0
DA:160,0
DA:162,0
DA:163,0
DA:165,0
DA:166,0
DA:168,0
DA:169,0
DA:170,0
DA:172,0
DA:174,1
DA:175,0
DA:176,0
DA:177,0
DA:178,0
DA:179,0
DA:182,0
DA:188,1
DA:189,0
DA:190,0
DA:191,0
DA:193,0
DA:194,0
DA:196,0
DA:197,0
DA:200,1
DA:201,0
DA:202,0
DA:204,0
DA:206,0
DA:207,0
DA:208,0
DA:210,0
DA:211,0
DA:212,0
DA:214,1
DA:215,0
DA:216,0
DA:220,1
DA:221,0
DA:222,0
DA:223,0
DA:225,0
DA:226,0
DA:227,0
DA:229,0
DA:230,0
DA:232,0
DA:233,0
DA:237,0
DA:238,0
DA:239,0
DA:240,0
DA:241,0
DA:242,0
DA:244,0
DA:246,0
DA:247,0
DA:248,0
DA:254,1
DA:255,0
DA:258,1
DA:259,0
DA:262,1
DA:263,0
DA:264,0
DA:267,1
DA:268,0
DA:269,0
DA:270,0
DA:274,1
DA:275,0
DA:276,0
DA:277,0
DA:278,0
DA:279,0
DA:280,0
DA:281,0
DA:282,0
DA:283,0
DA:286,0
DA:287,0
DA:288,0
DA:289,0
DA:290,0
DA:291,0
DA:292,0
DA:298,1
DA:299,0
DA:300,0
DA:302,0
DA:303,0
DA:305,0
DA:306,0
DA:307,0
DA:308,0
DA:314,0
DA:315,0
DA:316,0
DA:321,0
DA:322,0
DA:325,0
DA:326,0
DA:331,0
DA:332,0
DA:338,0
DA:339,0
DA:342,0
DA:345,0
DA:346,0
DA:347,0
DA:348,0
DA:349,0
DA:350,0
DA:351,0
DA:353,0
DA:355,0
DA:358,0
DA:359,0
DA:361,0
DA:362,0
DA:363,0
DA:365,0
DA:368,1
DA:369,0
DA:370,0
DA:371,0
DA:375,1
DA:378,0
DA:379,0
DA:383,0
DA:384,0
DA:385,0
DA:386,0
DA:388,0
DA:389,0
DA:390,0
DA:391,0
DA:392,0
DA:393,0
DA:394,0
DA:396,0
DA:398,0
DA:399,0
DA:405,0
DA:407,0
DA:408,0
DA:415,0
DA:416,0
DA:417,0
DA:419,0
DA:420,0
DA:421,0
DA:422,0
DA:423,0
DA:425,0
DA:428,0
DA:429,0
DA:431,0
DA:434,0
DA:439,0
DA:440,0
DA:441,0
DA:442,0
DA:443,0
DA:444,0
DA:445,0
DA:447,0
DA:449,0
DA:451,0
DA:454,1
DA:455,0
DA:456,0
DA:458,0
DA:459,0
DA:461,0
DA:462,0
DA:463,0
DA:466,0
DA:468,0
DA:469,0
DA:471,0
DA:472,0
DA:474,0
DA:475,0
DA:477,0
DA:478,0
DA:479,0
DA:480,0
DA:483,0
DA:485,0
DA:486,0
DA:487,0
DA:489,0
DA:492,1
DA:493,0
DA:494,0
DA:498,0
DA:499,0
DA:501,0
DA:502,0
DA:503,0
DA:505,0
DA:506,0
DA:508,1
DA:509,0
DA:510,0
DA:512,0
DA:513,0
DA:517,0
DA:518,0
DA:519,0
DA:521,0
DA:525,1
DA:526,0
DA:527,0
DA:529,0
DA:530,0
DA:531,0
DA:534,0
DA:535,0
DA:537,0
DA:538,0
DA:539,0
DA:540,0
DA:542,0
DA:543,0
DA:546,0
DA:547,0
DA:550,1
DA:551,0
DA:552,0
DA:553,0
DA:555,0
DA:559,1
DA:560,0
DA:561,0
DA:566,0
DA:567,0
DA:568,0
DA:569,0
DA:570,0
DA:572,0
DA:573,0
DA:577,0
DA:578,0
DA:581,1
DA:582,0
DA:583,0
DA:586,0
DA:589,0
DA:590,0
DA:591,0
DA:592,0
DA:593,0
DA:594,0
DA:595,0
DA:596,0
DA:598,0
DA:604,0
DA:605,0
DA:608,0
DA:609,0
DA:610,0
DA:613,0
DA:615,0
DA:616,0
DA:617,0
DA:620,0
DA:623,1
DA:624,0
DA:625,0
DA:626,0
DA:631,1
DA:636,0
DA:637,0
DA:641,0
DA:642,0
DA:643,0
DA:646,0
DA:648,0
DA:649,0
DA:652,0
DA:653,0
DA:655,0
DA:656,0
DA:657,0
DA:658,0
DA:661,0
DA:662,0
DA:664,0
DA:665,0
DA:668,0
DA:671,1
DA:674,0
DA:675,0
DA:676,0
DA:679,1
DA:683,0
DA:684,0
DA:687,0
DA:688,0
DA:690,0
DA:691,0
DA:692,0
DA:693,0
DA:695,0
DA:696,0
DA:697,0
DA:701,0
DA:702,0
DA:705,0
DA:706,0
DA:710,1
DA:711,0
DA:712,0
DA:714,0
DA:715,0
DA:717,0
DA:718,0
DA:720,0
DA:721,0
DA:724,0
DA:725,0
DA:727,0
DA:728,0
DA:734,0
DA:735,0
DA:736,0
DA:737,0
DA:738,0
DA:740,0
DA:741,0
DA:742,0
DA:744,0
DA:748,0
DA:749,0
DA:750,0
DA:751,0
DA:753,1
DA:754,0
DA:757,0
DA:758,0
DA:759,0
DA:761,0
DA:764,0
DA:769,1
DA:770,0
DA:771,0
DA:772,0
DA:775,0
DA:776,0
DA:778,0
DA:779,0
DA:781,0
DA:782,0
DA:783,0
DA:784,0
DA:786,0
DA:787,0
DA:789,0
LF:438
LH:57
BRDA:66,1,0,0
BRDA:66,1,1,0
BRDA:67,2,0,0
BRDA:67,2,1,0
BRDA:69,3,0,0
BRDA:69,3,1,0
BRDA:70,4,0,0
BRDA:70,4,1,0
BRDA:85,5,0,0
BRDA:85,5,1,0
BRDA:85,6,0,0
BRDA:85,6,1,0
BRDA:104,7,0,0
BRDA:104,7,1,0
BRDA:107,8,0,0
BRDA:107,8,1,0
BRDA:111,9,0,0
BRDA:111,9,1,0
BRDA:121,10,0,0
BRDA:121,10,1,0
BRDA:126,11,0,0
BRDA:126,11,1,0
BRDA:126,12,0,0
BRDA:126,12,1,0
BRDA:127,13,0,0
BRDA:127,13,1,0
BRDA:132,14,0,0
BRDA:132,14,1,0
BRDA:147,15,0,0
BRDA:147,15,1,0
BRDA:162,16,0,0
BRDA:162,16,1,0
BRDA:165,17,0,0
BRDA:165,17,1,0
BRDA:176,18,0,0
BRDA:176,18,1,0
BRDA:177,19,0,0
BRDA:177,19,1,0
BRDA:190,20,0,0
BRDA:190,20,1,0
BRDA:193,21,0,0
BRDA:193,21,1,0
BRDA:193,22,0,0
BRDA:193,22,1,0
BRDA:201,23,0,0
BRDA:201,23,1,0
BRDA:207,24,0,0
BRDA:207,24,1,0
BRDA:215,25,0,0
BRDA:215,25,1,0
BRDA:222,26,0,0
BRDA:222,26,1,0
BRDA:229,27,0,0
BRDA:229,27,1,0
BRDA:239,28,0,0
BRDA:239,28,1,0
BRDA:241,29,0,0
BRDA:241,29,1,0
BRDA:246,30,0,0
BRDA:246,30,1,0
BRDA:268,31,0,0
BRDA:268,31,1,0
BRDA:275,32,0,0
BRDA:275,32,1,0
BRDA:278,33,0,0
BRDA:278,33,1,0
BRDA:286,34,0,0
BRDA:286,34,1,0
BRDA:302,35,0,0
BRDA:302,35,1,0
BRDA:306,36,0,0
BRDA:306,36,1,0
BRDA:322,37,0,0
BRDA:322,37,1,0
BRDA:322,37,2,0
BRDA:346,38,0,0
BRDA:346,38,1,0
BRDA:348,39,0,0
BRDA:348,39,1,0
BRDA:348,40,0,0
BRDA:348,40,1,0
BRDA:349,41,0,0
BRDA:349,41,1,0
BRDA:349,42,0,0
BRDA:349,42,1,0
BRDA:358,43,0,0
BRDA:358,43,1,0
BRDA:362,44,0,0
BRDA:362,44,1,0
BRDA:378,45,0,0
BRDA:378,45,1,0
BRDA:386,46,0,0
BRDA:386,46,1,0
BRDA:391,47,0,0
BRDA:391,47,1,0
BRDA:391,48,0,0
BRDA:391,48,1,0
BRDA:393,49,0,0
BRDA:393,49,1,0
BRDA:393,50,0,0
BRDA:393,50,1,0
BRDA:398,51,0,0
BRDA:398,51,1,0
BRDA:407,52,0,0
BRDA:407,52,1,0
BRDA:415,53,0,0
BRDA:415,53,1,0
BRDA:415,54,0,0
BRDA:415,54,1,0
BRDA:415,54,2,0
BRDA:416,55,0,0
BRDA:416,55,1,0
BRDA:421,56,0,0
BRDA:421,56,1,0
BRDA:422,57,0,0
BRDA:422,57,1,0
BRDA:428,58,0,0
BRDA:428,58,1,0
BRDA:428,59,0,0
BRDA:428,59,1,0
BRDA:443,60,0,0
BRDA:443,60,1,0
BRDA:444,61,0,0
BRDA:444,61,1,0
BRDA:455,62,0,0
BRDA:455,62,1,0
BRDA:458,63,0,0
BRDA:458,63,1,0
BRDA:461,64,0,0
BRDA:461,64,1,0
BRDA:466,65,0,0
BRDA:466,65,1,0
BRDA:468,66,0,0
BRDA:468,66,1,0
BRDA:471,67,0,0
BRDA:471,67,1,0
BRDA:474,68,0,0
BRDA:474,68,1,0
BRDA:477,69,0,0
BRDA:477,69,1,0
BRDA:479,70,0,0
BRDA:479,70,1,0
BRDA:479,71,0,0
BRDA:479,71,1,0
BRDA:486,72,0,0
BRDA:486,72,1,0
BRDA:493,73,0,0
BRDA:493,73,1,0
BRDA:498,74,0,0
BRDA:498,74,1,0
BRDA:505,75,0,0
BRDA:505,75,1,0
BRDA:509,76,0,0
BRDA:509,76,1,0
BRDA:509,77,0,0
BRDA:509,77,1,0
BRDA:512,78,0,0
BRDA:512,78,1,0
BRDA:517,79,0,0
BRDA:517,79,1,0
BRDA:517,80,0,0
BRDA:517,80,1,0
BRDA:517,80,2,0
BRDA:526,81,0,0
BRDA:526,81,1,0
BRDA:530,82,0,0
BRDA:530,82,1,0
BRDA:534,83,0,0
BRDA:534,83,1,0
BRDA:534,84,0,0
BRDA:534,84,1,0
BRDA:537,85,0,0
BRDA:537,85,1,0
BRDA:539,86,0,0
BRDA:539,86,1,0
BRDA:539,87,0,0
BRDA:539,87,1,0
BRDA:542,88,0,0
BRDA:542,88,1,0
BRDA:552,89,0,0
BRDA:552,89,1,0
BRDA:560,90,0,0
BRDA:560,90,1,0
BRDA:566,91,0,0
BRDA:566,91,1,0
BRDA:566,92,0,0
BRDA:566,92,1,0
BRDA:569,93,0,0
BRDA:569,93,1,0
BRDA:582,94,0,0
BRDA:582,94,1,0
BRDA:586,95,0,0
BRDA:586,95,1,0
BRDA:586,95,2,0
BRDA:586,95,3,0
BRDA:586,95,4,0
BRDA:586,95,5,0
BRDA:586,95,6,0
BRDA:591,96,0,0
BRDA:591,96,1,0
BRDA:609,97,0,0
BRDA:609,97,1,0
BRDA:615,98,0,0
BRDA:615,98,1,0
BRDA:636,99,0,0
BRDA:636,99,1,0
BRDA:642,100,0,0
BRDA:642,100,1,0
BRDA:652,101,0,0
BRDA:652,101,1,0
BRDA:652,102,0,0
BRDA:652,102,1,0
BRDA:657,103,0,0
BRDA:657,103,1,0
BRDA:657,104,0,0
BRDA:657,104,1,0
BRDA:683,105,0,0
BRDA:683,105,1,0
BRDA:687,106,0,0
BRDA:687,106,1,0
BRDA:690,107,0,0
BRDA:690,107,1,0
BRDA:690,108,0,0
BRDA:690,108,1,0
BRDA:690,108,2,0
BRDA:692,109,0,0
BRDA:692,109,1,0
BRDA:696,110,0,0
BRDA:696,110,1,0
BRDA:701,111,0,0
BRDA:701,111,1,0
BRDA:714,112,0,0
BRDA:714,112,1,0
BRDA:717,113,0,0
BRDA:717,113,1,0
BRDA:717,114,0,0
BRDA:717,114,1,0
BRDA:720,115,0,0
BRDA:720,115,1,0
BRDA:724,116,0,0
BRDA:724,116,1,0
BRDA:724,117,0,0
BRDA:724,117,1,0
BRDA:727,118,0,0
BRDA:727,118,1,0
BRDA:727,119,0,0
BRDA:727,119,1,0
BRDA:736,120,0,0
BRDA:736,120,1,0
BRDA:737,121,0,0
BRDA:737,121,1,0
BRDA:740,122,0,0
BRDA:740,122,1,0
BRDA:741,123,0,0
BRDA:741,123,1,0
BRDA:741,124,0,0
BRDA:741,124,1,0
BRDA:750,125,0,0
BRDA:750,125,1,0
BRDA:754,126,0,0
BRDA:754,126,1,0
BRDA:754,127,0,0
BRDA:754,127,1,0
BRDA:758,128,0,0
BRDA:758,128,1,0
BRDA:770,129,0,0
BRDA:770,129,1,0
BRDA:770,130,0,0
BRDA:770,130,1,0
BRDA:770,130,2,0
BRDA:778,131,0,0
BRDA:778,131,1,0
BRDA:778,132,0,0
BRDA:778,132,1,0
BRDA:778,132,2,0
BRDA:782,133,0,0
BRDA:782,133,1,0
BRDA:783,134,0,0
BRDA:783,134,1,0
BRDA:784,135,0,0
BRDA:784,135,1,0
BRDA:786,136,0,0
BRDA:786,136,1,0
BRDA:786,137,0,0
BRDA:786,137,1,0
BRF:285
BRH:0
end_of_record
TN:
SF:C:\xampp\htdocs\desescaltor2\node_modules\fs.realpath\index.js
FN:16,newError
FN:24,realpath
FN:33,(anonymous_3)
FN:42,realpathSync
FN:58,monkeypatch
FN:63,unmonkeypatch
FNF:6
FNH:0
FNDA:0,newError
FNDA:0,realpath
FNDA:0,(anonymous_3)
FNDA:0,realpathSync
FNDA:0,monkeypatch
FNDA:0,unmonkeypatch
DA:1,1
DA:2,1
DA:3,1
DA:4,1
DA:5,1
DA:6,1
DA:8,1
DA:9,1
DA:10,1
DA:12,1
DA:13,1
DA:14,1
DA:16,1
DA:17,0
DA:24,1
DA:25,0
DA:26,0
DA:29,0
DA:30,0
DA:31,0
DA:33,0
DA:34,0
DA:35,0
DA:37,0
DA:42,1
DA:43,0
DA:44,0
DA:47,0
DA:48,0
DA:50,0
DA:51,0
DA:53,0
DA:58,1
DA:59,0
DA:60,0
DA:63,1
DA:64,0
DA:65,0
LF:38
LH:17
BRDA:17,1,0,0
BRDA:17,1,1,0
BRDA:17,1,2,0
BRDA:17,1,3,0
BRDA:17,1,4,0
BRDA:25,2,0,0
BRDA:25,2,1,0
BRDA:29,3,0,0
BRDA:29,3,1,0
BRDA:34,4,0,0
BRDA:34,4,1,0
BRDA:43,5,0,0
BRDA:43,5,1,0
BRDA:50,6,0,0
BRDA:50,6,1,0
BRF:15
BRH:0
end_of_record
TN:
SF:C:\xampp\htdocs\desescaltor2\node_modules\fs.realpath\old.js
FN:30,rethrow
FN:42,debugCallback
FN:50,missingCallback
FN:65,maybeCallback
FN:86,realpathSync
FN:109,start
FN:183,realpath
[...]
BRDA:1274,57,1,0
BRDA:1277,58,0,0
BRDA:1277,58,1,0
BRDA:1277,59,0,0
BRDA:1277,59,1,0
BRDA:1347,60,0,0
BRDA:1347,60,1,0
BRDA:1351,61,0,0
BRDA:1351,61,1,0
BRDA:1358,62,0,0
BRDA:1358,62,1,0
BRDA:1358,63,0,0
BRDA:1358,63,1,0
BRDA:1358,63,2,0
BRDA:1362,64,0,0
BRDA:1362,64,1,0
BRDA:1362,65,0,0
BRDA:1362,65,1,0
BRDA:1362,65,2,0
BRDA:1364,66,0,0
BRDA:1364,66,1,0
BRDA:1364,67,0,0
BRDA:1364,67,1,0
BRDA:1364,67,2,0
BRDA:1366,68,0,0
BRDA:1366,68,1,0
BRDA:1366,69,0,0
BRDA:1366,69,1,0
BRDA:1366,69,2,0
BRDA:1367,70,0,0
BRDA:1367,70,1,0
BRDA:1373,71,0,0
BRDA:1373,71,1,0
BRDA:1377,72,0,0
BRDA:1377,72,1,0
BRDA:1380,73,0,0
BRDA:1380,73,1,0
BRDA:1380,74,0,0
BRDA:1380,74,1,0
BRDA:1450,75,0,0
BRDA:1450,75,1,0
BRDA:1454,76,0,0
BRDA:1454,76,1,0
BRDA:1461,77,0,0
BRDA:1461,77,1,0
BRDA:1461,78,0,0
BRDA:1461,78,1,0
BRDA:1461,78,2,0
BRDA:1465,79,0,0
BRDA:1465,79,1,0
BRDA:1465,80,0,0
BRDA:1465,80,1,0
BRDA:1465,80,2,0
BRDA:1467,81,0,0
BRDA:1467,81,1,0
BRDA:1467,82,0,0
BRDA:1467,82,1,0
BRDA:1467,82,2,0
BRDA:1469,83,0,0
BRDA:1469,83,1,0
BRDA:1469,84,0,0
BRDA:1469,84,1,0
BRDA:1469,84,2,0
BRDA:1470,85,0,0
BRDA:1470,85,1,0
BRDA:1476,86,0,0
BRDA:1476,86,1,0
BRDA:1480,87,0,0
BRDA:1480,87,1,0
BRDA:1483,88,0,0
BRDA:1483,88,1,0
BRDA:1483,89,0,0
BRDA:1483,89,1,0
BRDA:1553,90,0,0
BRDA:1553,90,1,0
BRDA:1557,91,0,0
BRDA:1557,91,1,0
BRDA:1564,92,0,0
BRDA:1564,92,1,0
BRDA:1564,93,0,0
BRDA:1564,93,1,0
BRDA:1568,94,0,0
BRDA:1568,94,1,0
BRDA:1568,95,0,0
BRDA:1568,95,1,0
BRDA:1568,95,2,0
BRDA:1572,96,0,0
BRDA:1572,96,1,0
BRDA:1572,97,0,0
BRDA:1572,97,1,0
BRDA:1572,97,2,0
BRDA:1572,97,3,0
BRDA:1574,98,0,0
BRDA:1574,98,1,0
BRDA:1574,99,0,0
BRDA:1574,99,1,0
BRDA:1574,99,2,0
BRDA:1574,99,3,0
BRDA:1576,100,0,0
BRDA:1576,100,1,0
BRDA:1576,101,0,0
BRDA:1576,101,1,0
BRDA:1576,101,2,0
BRDA:1577,102,0,0
BRDA:1577,102,1,0
BRDA:1583,103,0,0
BRDA:1583,103,1,0
BRDA:1587,104,0,0
BRDA:1587,104,1,0
BRDA:1590,105,0,0
BRDA:1590,105,1,0
BRDA:1590,106,0,0
BRDA:1590,106,1,0
BRDA:1597,107,0,0
BRDA:1597,107,1,0
BRDA:1603,108,0,0
BRDA:1603,108,1,0
BRDA:1650,109,0,0
BRDA:1650,109,1,0
BRDA:1659,110,0,0
BRDA:1659,110,1,0
BRDA:1660,111,0,0
BRDA:1660,111,1,0
BRDA:1672,112,0,0
BRDA:1672,112,1,0
BRDA:1799,113,0,0
BRDA:1799,113,1,0
BRDA:1808,114,0,0
BRDA:1808,114,1,0
BRDA:1810,115,0,0
BRDA:1810,115,1,0
BRDA:1811,116,0,0
BRDA:1811,116,1,0
BRDA:1819,117,0,0
BRDA:1819,117,1,0
BRDA:1819,118,0,0
BRDA:1819,118,1,0
BRDA:1819,118,2,0
BRDA:1828,119,0,0
BRDA:1828,119,1,0
BRDA:1828,120,0,0
BRDA:1828,120,1,0
BRDA:1836,121,0,0
BRDA:1836,121,1,0
BRDA:1836,122,0,0
BRDA:1836,122,1,0
BRDA:1846,123,0,0
BRDA:1846,123,1,0
BRDA:1847,124,0,0
BRDA:1847,124,1,0
BRDA:1850,125,0,0
BRDA:1850,125,1,0
BRDA:1851,126,0,0
BRDA:1851,126,1,0
BRDA:1852,127,0,0
BRDA:1852,127,1,0
BRDA:1856,128,0,0
BRDA:1856,128,1,0
BRDA:1857,129,0,0
BRDA:1857,129,1,0
BRDA:1865,130,0,0
BRDA:1865,130,1,0
BRDA:1865,131,0,0
BRDA:1865,131,1,0
BRDA:1872,132,0,0
BRDA:1872,132,1,0
BRDA:1874,133,0,0
BRDA:1874,133,1,0
BRDA:1874,134,0,0
BRDA:1874,134,1,0
BRDA:2015,135,0,0
BRDA:2015,135,1,0
BRDA:2019,136,0,0
BRDA:2019,136,1,0
BRDA:2022,137,0,0
BRDA:2022,137,1,0
BRDA:2022,138,0,0
BRDA:2022,138,1,0
BRDA:2107,139,0,0
BRDA:2107,139,1,0
BRDA:2115,140,0,0
BRDA:2115,140,1,0
BRDA:2115,140,2,0
BRDA:2166,141,0,0
BRDA:2166,141,1,0
BRDA:2204,142,0,0
BRDA:2204,142,1,0
BRDA:2333,143,0,0
BRDA:2333,143,1,0
BRDA:2336,144,0,0
BRDA:2336,144,1,0
BRDA:2336,145,0,0
BRDA:2336,145,1,0
BRDA:2337,146,0,0
BRDA:2337,146,1,0
BRDA:2343,147,0,0
BRDA:2343,147,1,0
BRDA:2349,148,0,0
BRDA:2349,148,1,0
BRDA:2349,148,2,0
BRDA:2351,149,0,0
BRDA:2351,149,1,0
BRDA:2356,150,0,0
BRDA:2356,150,1,0
BRDA:2367,151,0,0
BRDA:2367,151,1,0
BRDA:2371,152,0,0
BRDA:2371,152,1,0
BRDA:2380,153,0,0
BRDA:2380,153,1,0
BRDA:2380,154,0,0
BRDA:2380,154,1,0
BRDA:2385,155,0,0
BRDA:2385,155,1,0
BRDA:2388,156,0,0
BRDA:2388,156,1,0
BRDA:2398,157,0,0
BRDA:2398,157,1,0
BRDA:2401,158,0,0
BRDA:2401,158,1,0
BRDA:2409,159,0,0
BRDA:2409,159,1,0
BRDA:2410,160,0,0
BRDA:2410,160,1,0
BRDA:2415,161,0,0
BRDA:2415,161,1,0
BRDA:2420,162,0,0
BRDA:2420,162,1,0
BRDA:2423,163,0,0
BRDA:2423,163,1,0
BRDA:2431,164,0,0
BRDA:2431,164,1,0
BRDA:2434,165,0,0
BRDA:2434,165,1,0
BRDA:2616,166,0,0
BRDA:2616,166,1,0
BRDA:2620,167,0,0
BRDA:2620,167,1,0
BRDA:2623,168,0,0
BRDA:2623,168,1,0
BRDA:2623,169,0,0
BRDA:2623,169,1,0
BRDA:2637,170,0,0
BRDA:2637,170,1,0
BRDA:2641,171,0,0
BRDA:2641,171,1,0
BRDA:2646,172,0,0
BRDA:2646,172,1,0
BRDA:2646,173,0,0
BRDA:2646,173,1,0
BRDA:2646,173,2,0
BRDA:2649,174,0,0
BRDA:2649,174,1,0
BRDA:2651,175,0,0
BRDA:2651,175,1,0
BRDA:2659,176,0,0
BRDA:2659,176,1,0
BRDA:2660,177,0,0
BRDA:2660,177,1,0
BRDA:2661,178,0,0
BRDA:2661,178,1,0
BRDA:2661,179,0,0
BRDA:2661,179,1,0
BRDA:2666,180,0,0
BRDA:2666,180,1,0
BRDA:2666,181,0,0
BRDA:2666,181,1,0
BRDA:2668,182,0,0
BRDA:2668,182,1,0
BRDA:2671,183,0,0
BRDA:2671,183,1,0
BRDA:2674,184,0,0
BRDA:2674,184,1,0
BRDA:2674,185,0,0
BRDA:2674,185,1,0
BRDA:2680,186,0,0
BRDA:2680,186,1,0
BRDA:2680,187,0,0
BRDA:2680,187,1,0
BRDA:2689,188,0,0
BRDA:2689,188,1,0
BRDA:2690,189,0,0
BRDA:2690,189,1,0
BRDA:2690,190,0,0
BRDA:2690,190,1,0
BRDA:2696,191,0,0
BRDA:2696,191,1,0
BRDA:2697,192,0,0
BRDA:2697,192,1,0
BRDA:2697,193,0,0
BRDA:2697,193,1,0
BRDA:2698,194,0,0
BRDA:2698,194,1,0
BRDA:2698,195,0,0
BRDA:2698,195,1,0
BRDA:2704,196,0,0
BRDA:2704,196,1,0
BRDA:2704,197,0,0
BRDA:2704,197,1,0
BRDA:2704,197,2,0
BRDA:2707,198,0,0
BRDA:2707,198,1,0
BRDA:2712,199,0,0
BRDA:2712,199,1,0
BRDA:2713,200,0,0
BRDA:2713,200,1,0
BRDA:2713,201,0,0
BRDA:2713,201,1,0
BRDA:2728,202,0,0
BRDA:2728,202,1,0
BRDA:2728,203,0,0
BRDA:2728,203,1,0
BRDA:2732,204,0,0
BRDA:2732,204,1,0
BRDA:2733,205,0,0
BRDA:2733,205,1,0
BRDA:2733,206,0,0
BRDA:2733,206,1,0
BRDA:2734,207,0,0
BRDA:2734,207,1,0
BRDA:2734,208,0,0
BRDA:2734,208,1,0
BRDA:2811,209,0,0
BRDA:2811,209,1,0
BRDA:2814,210,0,0
BRDA:2814,210,1,0
BRDA:2814,211,0,0
BRDA:2814,211,1,0
BRDA:2891,212,0,0
BRDA:2891,212,1,0
BRDA:2898,213,0,0
BRDA:2898,213,1,0
BRDA:2945,214,0,0
BRDA:2945,214,1,0
BRDA:2951,215,0,0
BRDA:2951,215,1,0
BRDA:2951,216,0,0
BRDA:2951,216,1,0
BRDA:2952,217,0,0
BRDA:2952,217,1,0
BRDA:2972,218,0,0
BRDA:2972,218,1,0
BRDA:2973,219,0,0
BRDA:2973,219,1,0
BRDA:2978,220,0,0
BRDA:2978,220,1,0
BRDA:2978,221,0,0
BRDA:2978,221,1,0
BRDA:2980,222,0,0
BRDA:2980,222,1,0
BRDA:2982,223,0,0
BRDA:2982,223,1,0
BRDA:2985,224,0,0
BRDA:2985,224,1,0
BRDA:2990,225,0,0
BRDA:2990,225,1,0
BRDA:2993,226,0,0
BRDA:2993,226,1,0
BRDA:3069,227,0,0
BRDA:3069,227,1,0
BRDA:3082,228,0,0
BRDA:3082,228,1,0
BRDA:3083,229,0,0
BRDA:3083,229,1,0
BRDA:3087,230,0,0
BRDA:3087,230,1,0
BRDA:3092,231,0,0
BRDA:3092,231,1,0
BRDA:3135,232,0,0
BRDA:3135,232,1,0
BRDA:3248,233,0,0
BRDA:3248,233,1,0
BRDA:3255,234,0,0
BRDA:3255,234,1,0
BRDA:3265,235,0,0
BRDA:3265,235,1,0
BRDA:3265,236,0,0
BRDA:3265,236,1,0
BRDA:3266,237,0,0
BRDA:3266,237,1,0
BRDA:3266,238,0,0
BRDA:3266,238,1,0
BRDA:3365,239,0,0
BRDA:3365,239,1,0
BRDA:3372,240,0,0
BRDA:3372,240,1,0
BRDA:3385,241,0,0
BRDA:3385,241,1,0
BRDA:3385,242,0,0
BRDA:3385,242,1,0
BRDA:3386,243,0,0
BRDA:3386,243,1,0
BRDA:3386,244,0,0
BRDA:3386,244,1,0
BRDA:3484,245,0,0
BRDA:3484,245,1,0
BRDA:3491,246,0,0
BRDA:3491,246,1,0
BRDA:3504,247,0,0
BRDA:3504,247,1,0
BRDA:3504,248,0,0
BRDA:3504,248,1,0
BRDA:3505,249,0,0
BRDA:3505,249,1,0
BRDA:3505,250,0,0
BRDA:3505,250,1,0
BRDA:3590,251,0,0
BRDA:3590,251,1,0
BRDA:3599,252,0,0
BRDA:3599,252,1,0
BRDA:3650,253,0,0
BRDA:3650,253,1,0
BRDA:3695,254,0,0
BRDA:3695,254,1,0
BRDA:3737,255,0,0
BRDA:3737,255,1,0
BRDA:3799,256,0,0
BRDA:3799,256,1,0
BRF:551
BRH:0
end_of_record
TN:
SF:C:\xampp\htdocs\desescaltor2\node_modules\chai\lib\chai\interface\expect.js
FN:7,(anonymous_1)
FN:8,(anonymous_2)
FN:34,(anonymous_3)
FNF:3
FNH:1
FNDA:1,(anonymous_1)
FNDA:0,(anonymous_2)
FNDA:0,(anonymous_3)
DA:7,1
DA:8,1
DA:9,0
DA:34,1
DA:35,0
DA:36,0
DA:37,0
DA:40,0
DA:41,0
LF:9
LH:3
BRDA:35,1,0,0
BRDA:35,1,1,0
BRDA:40,2,0,0
BRDA:40,2,1,0
BRF:4
BRH:0
end_of_record
TN:
SF:C:\xampp\htdocs\desescaltor2\node_modules\chai\lib\chai\interface\should.js
FN:7,(anonymous_1)
FN:10,loadShould
FN:12,shouldGetter
FN:21,shouldSetter
FN:67,(anonymous_5)
FN:96,(anonymous_6)
FN:124,(anonymous_7)
FN:142,(anonymous_8)
FN:164,(anonymous_9)
FN:188,(anonymous_10)
FN:206,(anonymous_11)
FNF:11
FNH:1
FNDA:1,(anonymous_1)
FNDA:0,loadShould
FNDA:0,shouldGetter
FNDA:0,shouldSetter
FNDA:0,(anonymous_5)
FNDA:0,(anonymous_6)
FNDA:0,(anonymous_7)
FNDA:0,(anonymous_8)
FNDA:0,(anonymous_9)
FNDA:0,(anonymous_10)
FNDA:0,(anonymous_11)
DA:7,1
DA:8,1
DA:10,1
DA:12,1
DA:13,0
DA:17,0
DA:19,0
DA:21,1
DA:28,0
DA:36,0
DA:42,0
DA:67,0
DA:68,0
DA:69,0
DA:70,0
DA:73,0
DA:74,0
DA:96,0
DA:97,0
DA:124,0
DA:125,0
DA:142,0
DA:143,0
DA:147,0
DA:164,0
DA:165,0
DA:188,0
DA:189,0
DA:206,0
DA:207,0
DA:210,0
DA:211,0
DA:213,0
DA:216,1
DA:217,1
LF:35
LH:7
BRDA:13,1,0,0
BRDA:13,1,1,0
BRDA:13,2,0,0
BRDA:13,2,1,0
BRDA:13,2,2,0
BRDA:13,2,3,0
BRDA:13,2,4,0
BRDA:68,3,0,0
BRDA:68,3,1,0
BRDA:73,4,0,0
BRDA:73,4,1,0
BRF:11
BRH:0
end_of_record
TN:
SF:C:\xampp\htdocs\desescaltor2\node_modules\chai\lib\chai\interface\assert.js
FN:7,(anonymous_1)
FN:34,(anonymous_2)
FN:65,(anonymous_3)
FN:97,(anonymous_4)
FN:117,(anonymous_5)
FN:136,(anonymous_6)
FN:164,(anonymous_7)
FN:192,(anonymous_8)
FN:211,(anonymous_9)
FN:231,(anonymous_10)
FN:250,(anonymous_11)
FN:269,(anonymous_12)
FN:289,(anonymous_13)
FN:308,(anonymous_14)
FN:328,(anonymous_15)
FN:347,(anonymous_16)
FN:366,(anonymous_17)
FN:385,(anonymous_18)
FN:404,(anonymous_19)
FN:422,(anonymous_20)
FN:441,(anonymous_21)
FN:459,(anonymous_22)
FN:476,(anonymous_23)
FN:496,(anonymous_24)
FN:518,(anonymous_25)
FN:537,(anonymous_26)
FN:556,(anonymous_27)
FN:575,(anonymous_28)
FN:594,(anonymous_29)
FN:614,(anonymous_30)
FN:634,(anonymous_31)
FN:653,(anonymous_32)
FN:672,(anonymous_33)
FN:691,(anonymous_34)
FN:710,(anonymous_35)
FN:729,(anonymous_36)
FN:748,(anonymous_37)
FN:769,(anonymous_38)
FN:791,(anonymous_39)
FN:813,(anonymous_40)
FN:838,(anonymous_41)
FN:858,(anonymous_42)
FN:880,(anonymous_43)
FN:902,(anonymous_44)
FN:938,(anonymous_45)
FN:974,(anonymous_46)
FN:999,(anonymous_47)
FN:1024,(anonymous_48)
FN:1049,(anonymous_49)
FN:1074,(anonymous_50)
FN:1100,(anonymous_51)
FN:1126,(anonymous_52)
FN:1148,(anonymous_53)
FN:1171,(anonymous_54)
FN:1192,(anonymous_55)
FN:1214,(anonymous_56)
FN:1234,(anonymous_57)
FN:1253,(anonymous_58)
FN:1274,(anonymous_59)
FN:1294,(anonymous_60)
FN:1317,(anonymous_61)
FN:1341,(anonymous_62)
FN:1363,(anonymous_63)
FN:1387,(anonymous_64)
FN:1407,(anonymous_65)
FN:1428,(anonymous_66)
FN:1450,(anonymous_67)
FN:1473,(anonymous_68)
FN:1495,(anonymous_69)
FN:1520,(anonymous_70)
FN:1542,(anonymous_71)
FN:1564,(anonymous_72)
FN:1587,(anonymous_73)
FN:1611,(anonymous_74)
FN:1634,(anonymous_75)
FN:1659,(anonymous_76)
FN:1682,(anonymous_77)
FN:1706,(anonymous_78)
FN:1730,(anonymous_79)
FN:1758,(anonymous_80)
FN:1783,(anonymous_81)
FN:1808,(anonymous_82)
FN:1837,(anonymous_83)
FN:1864,(anonymous_84)
FN:1891,(anonymous_85)
FN:1918,(anonymous_86)
FN:1945,(anonymous_87)
FN:1981,(anonymous_88)
FN:2021,(anonymous_89)
FN:2048,(anonymous_90)
FN:2106,(anonymous_91)
FN:2126,(anonymous_92)
FN:2147,(anonymous_93)
FN:2168,(anonymous_94)
FN:2189,(anonymous_95)
FN:2210,(anonymous_96)
FN:2231,(anonymous_97)
FN:2252,(anonymous_98)
FN:2273,(anonymous_99)
FN:2295,(anonymous_100)
FN:2316,(anonymous_101)
FN:2337,(anonymous_102)
FN:2358,(anonymous_103)
FN:2379,(anonymous_104)
FN:2401,(anonymous_105)
FN:2424,(anonymous_106)
FN:2446,(anonymous_107)
FN:2470,(anonymous_108)
FN:2490,(anonymous_109)
FN:2512,(anonymous_110)
FN:2540,(anonymous_111)
FN:2572,(anonymous_112)
FN:2601,(anonymous_113)
FN:2633,(anonymous_114)
FN:2662,(anonymous_115)
FN:2694,(anonymous_116)
FN:2723,(anonymous_117)
FN:2755,(anonymous_118)
FN:2784,(anonymous_119)
FN:2816,(anonymous_120)
FN:2845,(anonymous_121)
FN:2878,(anonymous_122)
FN:2908,(anonymous_123)
FN:2929,(anonymous_124)
FN:2954,(anonymous_125)
FN:2978,(anonymous_126)
FN:2997,(anonymous_127)
FN:3018,(anonymous_128)
FN:3037,(anonymous_129)
FN:3063,(anonymous_130)
FN:3089,(anonymous_131)
FN:3097,alias
FNF:132
FNH:2
FNDA:1,(anonymous_1)
FNDA:0,(anonymous_2)
FNDA:0,(anonymous_3)
FNDA:0,(anonymous_4)
FNDA:0,(anonymous_5)
FNDA:0,(anonymous_6)
FNDA:0,(anonymous_7)
FNDA:0,(anonymous_8)
FNDA:0,(anonymous_9)
FNDA:0,(anonymous_10)
FNDA:0,(anonymous_11)
FNDA:0,(anonymous_12)
FNDA:0,(anonymous_13)
FNDA:0,(anonymous_14)
FNDA:0,(anonymous_15)
FNDA:0,(anonymous_16)
FNDA:0,(anonymous_17)
FNDA:0,(anonymous_18)
FNDA:0,(anonymous_19)
FNDA:0,(anonymous_20)
FNDA:0,(anonymous_21)
FNDA:0,(anonymous_22)
FNDA:0,(anonymous_23)
FNDA:0,(anonymous_24)
FNDA:0,(anonymous_25)
FNDA:0,(anonymous_26)
FNDA:0,(anonymous_27)
FNDA:0,(anonymous_28)
FNDA:0,(anonymous_29)
FNDA:0,(anonymous_30)
FNDA:0,(anonymous_31)
FNDA:0,(anonymous_32)
FNDA:0,(anonymous_33)
FNDA:0,(anonymous_34)
FNDA:0,(anonymous_35)
FNDA:0,(anonymous_36)
FNDA:0,(anonymous_37)
FNDA:0,(anonymous_38)
FNDA:0,(anonymous_39)
FNDA:0,(anonymous_40)
FNDA:0,(anonymous_41)
FNDA:0,(anonymous_42)
FNDA:0,(anonymous_43)
FNDA:0,(anonymous_44)
FNDA:0,(anonymous_45)
FNDA:0,(anonymous_46)
FNDA:0,(anonymous_47)
FNDA:0,(anonymous_48)
FNDA:0,(anonymous_49)
FNDA:0,(anonymous_50)
FNDA:0,(anonymous_51)
FNDA:0,(anonymous_52)
FNDA:0,(anonymous_53)
FNDA:0,(anonymous_54)
FNDA:0,(anonymous_55)
FNDA:0,(anonymous_56)
FNDA:0,(anonymous_57)
FNDA:0,(anonymous_58)
FNDA:0,(anonymous_59)
FNDA:0,(anonymous_60)
FNDA:0,(anonymous_61)
FNDA:0,(anonymous_62)
FNDA:0,(anonymous_63)
FNDA:0,(anonymous_64)
FNDA:0,(anonymous_65)
FNDA:0,(anonymous_66)
FNDA:0,(anonymous_67)
FNDA:0,(anonymous_68)
FNDA:0,(anonymous_69)
FNDA:0,(anonymous_70)
FNDA:0,(anonymous_71)
FNDA:0,(anonymous_72)
FNDA:0,(anonymous_73)
FNDA:0,(anonymous_74)
FNDA:0,(anonymous_75)
FNDA:0,(anonymous_76)
FNDA:0,(anonymous_77)
FNDA:0,(anonymous_78)
FNDA:0,(anonymous_79)
FNDA:0,(anonymous_80)
FNDA:0,(anonymous_81)
FNDA:0,(anonymous_82)
FNDA:0,(anonymous_83)
FNDA:0,(anonymous_84)
FNDA:0,(anonymous_85)
FNDA:0,(anonymous_86)
FNDA:0,(anonymous_87)
FNDA:0,(anonymous_88)
FNDA:0,(anonymous_89)
FNDA:0,(anonymous_90)
FNDA:0,(anonymous_91)
FNDA:0,(anonymous_92)
FNDA:0,(anonymous_93)
FNDA:0,(anonymous_94)
FNDA:0,(anonymous_95)
FNDA:0,(anonymous_96)
FNDA:0,(anonymous_97)
FNDA:0,(anonymous_98)
FNDA:0,(anonymous_99)
FNDA:0,(anonymous_100)
FNDA:0,(anonymous_101)
FNDA:0,(anonymous_102)
FNDA:0,(anonymous_103)
FNDA:0,(anonymous_104)
FNDA:0,(anonymous_105)
FNDA:0,(anonymous_106)
FNDA:0,(anonymous_107)
FNDA:0,(anonymous_108)
FNDA:0,(anonymous_109)
FNDA:0,(anonymous_110)
FNDA:0,(anonymous_111)
FNDA:0,(anonymous_112)
FNDA:0,(anonymous_113)
FNDA:0,(anonymous_114)
FNDA:0,(anonymous_115)
FNDA:0,(anonymous_116)
FNDA:0,(anonymous_117)
FNDA:0,(anonymous_118)
FNDA:0,(anonymous_119)
FNDA:0,(anonymous_120)
FNDA:0,(anonymous_121)
FNDA:0,(anonymous_122)
FNDA:0,(anonymous_123)
FNDA:0,(anonymous_124)
FNDA:0,(anonymous_125)
FNDA:0,(anonymous_126)
FNDA:0,(anonymous_127)
FNDA:0,(anonymous_128)
FNDA:0,(anonymous_129)
FNDA:0,(anonymous_130)
FNDA:0,(anonymous_131)
FNDA:12,alias
DA:7,1
DA:12,1
DA:34,1
DA:35,0
DA:36,0
DA:65,1
DA:66,0
DA:69,0
DA:70,0
DA:73,0
DA:74,0
DA:97,1
DA:98,0
DA:117,1
DA:118,0
DA:136,1
DA:137,0
DA:139,0
DA:164,1
DA:165,0
DA:167,0
DA:192,1
DA:193,0
DA:211,1
DA:212,0
DA:231,1
DA:232,0
DA:250,1
DA:251,0
DA:269,1
DA:270,0
DA:289,1
DA:290,0
DA:308,1
DA:309,0
DA:328,1
DA:329,0
DA:347,1
DA:348,0
DA:366,1
DA:367,0
DA:385,1
DA:386,0
DA:404,1
DA:405,0
DA:422,1
DA:423,0
DA:441,1
DA:442,0
DA:459,1
DA:460,0
DA:476,1
DA:477,0
DA:496,1
DA:497,0
DA:518,1
DA:519,0
DA:537,1
DA:538,0
DA:556,1
DA:557,0
DA:575,1
DA:576,0
DA:594,1
DA:595,0
DA:614,1
DA:615,0
DA:634,1
DA:635,0
DA:653,1
DA:654,0
DA:672,1
DA:673,0
DA:691,1
DA:692,0
DA:710,1
DA:711,0
DA:729,1
DA:730,0
DA:748,1
DA:749,0
DA:769,1
DA:770,0
DA:791,1
DA:792,0
DA:813,1
DA:814,0
DA:838,1
DA:839,0
DA:858,1
DA:859,0
DA:880,1
DA:881,0
DA:902,1
DA:903,0
DA:938,1
DA:939,0
DA:974,1
DA:975,0
DA:999,1
DA:1000,0
DA:1024,1
DA:1025,0
DA:1049,1
DA:1050,0
DA:1074,1
DA:1075,0
DA:1100,1
DA:1101,0
DA:1126,1
DA:1127,0
DA:1148,1
DA:1149,0
DA:1171,1
DA:1172,0
DA:1192,1
DA:1193,0
DA:1214,1
DA:1215,0
DA:1234,1
DA:1235,0
DA:1253,1
DA:1254,0
DA:1274,1
DA:1275,0
DA:1294,1
DA:1295,0
DA:1317,1
DA:1318,0
DA:1341,1
DA:1342,0
DA:1363,1
DA:1364,0
DA:1387,1
DA:1388,0
DA:1407,1
DA:1408,0
DA:1428,1
DA:1429,0
DA:1450,1
DA:1451,0
DA:1473,1
DA:1474,0
DA:1495,1
DA:1496,0
DA:1520,1
DA:1521,0
DA:1542,1
DA:1543,0
DA:1564,1
DA:1565,0
DA:1587,1
DA:1588,0
DA:1611,1
DA:1612,0
DA:1634,1
DA:1635,0
DA:1659,1
DA:1660,0
DA:1682,1
DA:1683,0
DA:1706,1
DA:1707,0
DA:1730,1
DA:1731,0
DA:1758,1
DA:1759,0
DA:1783,1
DA:1784,0
DA:1808,1
DA:1809,0
DA:1837,1
DA:1838,0
DA:1864,1
DA:1865,0
DA:1891,1
DA:1892,0
DA:1918,1
DA:1919,0
DA:1945,1
DA:1946,0
DA:1981,1
DA:1982,0
DA:1983,0
DA:1984,0
DA:1987,0
DA:1989,0
DA:2021,1
DA:2022,0
DA:2023,0
DA:2024,0
DA:2027,0
DA:2048,1
DA:2049,0
DA:2050,0
DA:2052,0
DA:2053,0
DA:2055,0
DA:2056,0
DA:2058,0
DA:2059,0
DA:2061,0
DA:2062,0
DA:2064,0
DA:2065,0
DA:2067,0
DA:2068,0
DA:2070,0
DA:2071,0
DA:2073,0
DA:2074,0
DA:2076,0
DA:2077,0
DA:2083,0
DA:2084,0
DA:2106,1
DA:2107,0
DA:2126,1
DA:2127,0
DA:2147,1
DA:2148,0
DA:2168,1
DA:2169,0
DA:2189,1
DA:2190,0
DA:2210,1
DA:2211,0
DA:2231,1
DA:2232,0
DA:2252,1
DA:2253,0
DA:2273,1
DA:2274,0
DA:2295,1
DA:2296,0
DA:2316,1
DA:2317,0
DA:2337,1
DA:2338,0
DA:2358,1
DA:2359,0
DA:2379,1
DA:2380,0
DA:2401,1
DA:2402,0
DA:2424,1
DA:2425,0
DA:2446,1
DA:2447,0
DA:2470,1
DA:2471,0
DA:2490,1
DA:2491,0
DA:2512,1
DA:2513,0
DA:2514,0
DA:2515,0
DA:2518,0
DA:2540,1
DA:2541,0
DA:2542,0
DA:2543,0
DA:2544,0
DA:2545,0
DA:2546,0
DA:2547,0
DA:2550,0
DA:2572,1
DA:2573,0
DA:2574,0
DA:2575,0
DA:2578,0
DA:2601,1
DA:2602,0
DA:2603,0
DA:2604,0
DA:2605,0
DA:2606,0
DA:2607,0
DA:2608,0
DA:2611,0
DA:2633,1
DA:2634,0
DA:2635,0
DA:2636,0
DA:2639,0
DA:2662,1
DA:2663,0
DA:2664,0
DA:2665,0
DA:2666,0
DA:2667,0
DA:2668,0
DA:2669,0
DA:2672,0
DA:2694,1
DA:2695,0
DA:2696,0
DA:2697,0
DA:2700,0
DA:2723,1
DA:2724,0
DA:2725,0
DA:2726,0
DA:2727,0
DA:2728,0
DA:2729,0
DA:2730,0
DA:2733,0
DA:2755,1
DA:2756,0
DA:2757,0
DA:2758,0
DA:2761,0
DA:2784,1
DA:2785,0
DA:2786,0
DA:2787,0
DA:2788,0
DA:2789,0
DA:2790,0
DA:2791,0
DA:2794,0
DA:2816,1
DA:2817,0
DA:2818,0
DA:2819,0
DA:2822,0
DA:2845,1
DA:2846,0
DA:2847,0
DA:2848,0
DA:2849,0
DA:2850,0
DA:2851,0
DA:2852,0
DA:2855,0
DA:2878,1
DA:2879,0
DA:2880,0
DA:2881,0
DA:2882,0
DA:2883,0
DA:2884,0
DA:2885,0
DA:2888,0
DA:2908,1
DA:2909,0
DA:2910,0
DA:2929,1
DA:2930,0
DA:2954,1
DA:2955,0
DA:2978,1
DA:2979,0
DA:2997,1
DA:2998,0
DA:3018,1
DA:3019,0
DA:3037,1
DA:3038,0
DA:3063,1
DA:3064,0
DA:3089,1
DA:3090,0
DA:3097,1
DA:3098,12
DA:3099,12
LF:368
LH:135
BRDA:66,1,0,0
BRDA:66,1,1,0
BRDA:73,2,0,0
BRDA:73,2,1,0
BRDA:1982,3,0,0
BRDA:1982,3,1,0
BRDA:1982,4,0,0
BRDA:1982,4,1,0
BRDA:2022,5,0,0
BRDA:2022,5,1,0
BRDA:2022,6,0,0
BRDA:2022,6,1,0
BRDA:2050,7,0,0
BRDA:2050,7,1,0
BRDA:2050,7,2,0
BRDA:2050,7,3,0
BRDA:2050,7,4,0
BRDA:2050,7,5,0
BRDA:2050,7,6,0
BRDA:2050,7,7,0
BRDA:2050,7,8,0
BRDA:2076,8,0,0
BRDA:2076,8,1,0
BRDA:2513,9,0,0
BRDA:2513,9,1,0
BRDA:2513,10,0,0
BRDA:2513,10,1,0
BRDA:2541,11,0,0
BRDA:2541,11,1,0
BRDA:2541,12,0,0
BRDA:2541,12,1,0
BRDA:2545,13,0,0
BRDA:2545,13,1,0
BRDA:2573,14,0,0
BRDA:2573,14,1,0
BRDA:2573,15,0,0
BRDA:2573,15,1,0
BRDA:2602,16,0,0
BRDA:2602,16,1,0
BRDA:2602,17,0,0
BRDA:2602,17,1,0
BRDA:2606,18,0,0
BRDA:2606,18,1,0
BRDA:2634,19,0,0
BRDA:2634,19,1,0
BRDA:2634,20,0,0
BRDA:2634,20,1,0
BRDA:2663,21,0,0
BRDA:2663,21,1,0
BRDA:2663,22,0,0
BRDA:2663,22,1,0
BRDA:2667,23,0,0
BRDA:2667,23,1,0
BRDA:2695,24,0,0
BRDA:2695,24,1,0
BRDA:2695,25,0,0
BRDA:2695,25,1,0
BRDA:2724,26,0,0
BRDA:2724,26,1,0
BRDA:2724,27,0,0
BRDA:2724,27,1,0
BRDA:2728,28,0,0
BRDA:2728,28,1,0
BRDA:2756,29,0,0
BRDA:2756,29,1,0
BRDA:2756,30,0,0
BRDA:2756,30,1,0
BRDA:2785,31,0,0
BRDA:2785,31,1,0
BRDA:2785,32,0,0
BRDA:2785,32,1,0
BRDA:2789,33,0,0
BRDA:2789,33,1,0
BRDA:2817,34,0,0
BRDA:2817,34,1,0
BRDA:2817,35,0,0
BRDA:2817,35,1,0
BRDA:2846,36,0,0
BRDA:2846,36,1,0
BRDA:2846,37,0,0
BRDA:2846,37,1,0
BRDA:2850,38,0,0
BRDA:2850,38,1,0
BRDA:2879,39,0,0
BRDA:2879,39,1,0
BRDA:2879,40,0,0
BRDA:2879,40,1,0
BRDA:2883,41,0,0
BRDA:2883,41,1,0
BRDA:2909,42,0,0
BRDA:2909,42,1,0
BRF:91
BRH:0
end_of_record
